WARNING:root:Parameters
WARNING:root:--------
WARNING:root:1
WARNING:root:
You find yourself in a scullery. A typical one.

You scan the room for a counter, and you find a counter. The counter appears to be empty. It would have been so cool if there was stuff on the counter.

There is a closed gateway leading south. There is an open door leading east.



WARNING:root:insert insect into toolbox
WARNING:root:0
WARNING:root:--------
WARNING:root:2
WARNING:root:
You find yourself in a scullery. A typical one.

You scan the room for a counter, and you find a counter. The counter appears to be empty. It would have been so cool if there was stuff on the counter.

There is a closed gateway leading south. There is an open door leading east.



WARNING:root:insert spherical keycard into type box
WARNING:root:0
WARNING:root:--------
WARNING:root:3
WARNING:root:
You find yourself in a scullery. A typical one.

You scan the room for a counter, and you find a counter. The counter appears to be empty. It would have been so cool if there was stuff on the counter.

There is a closed gateway leading south. There is an open door leading east.



WARNING:root:drop insect
WARNING:root:0
WARNING:root:--------
WARNING:root:4
WARNING:root:
You find yourself in a scullery. A typical one.

You scan the room for a counter, and you find a counter. The counter appears to be empty. It would have been so cool if there was stuff on the counter.

There is a closed gateway leading south. There is an open door leading east.



WARNING:root:drop spherical keycard
WARNING:root:0
WARNING:root:--------
WARNING:root:5
WARNING:root:
You find yourself in a scullery. A typical one.

You scan the room for a counter, and you find a counter. The counter appears to be empty. It would have been so cool if there was stuff on the counter.

There is a closed gateway leading south. There is an open door leading east.



WARNING:root:put spherical keycard on counter
WARNING:root:0
WARNING:root:--------
WARNING:root:6
WARNING:root:
You find yourself in a scullery. A typical one.

You scan the room for a counter, and you find a counter. The counter appears to be empty. It would have been so cool if there was stuff on the counter.

There is a closed gateway leading south. There is an open door leading east.



WARNING:root:insert type passkey into toolbox
WARNING:root:0
WARNING:root:--------
WARNING:root:7
WARNING:root:
You find yourself in a scullery. A typical one.

You scan the room for a counter, and you find a counter. The counter appears to be empty. It would have been so cool if there was stuff on the counter.

There is a closed gateway leading south. There is an open door leading east.



WARNING:root:insert frisbee into type box
WARNING:root:0
WARNING:root:--------
WARNING:root:8
WARNING:root:
You find yourself in a scullery. A typical one.

You scan the room for a counter, and you find a counter. The counter appears to be empty. It would have been so cool if there was stuff on the counter.

There is a closed gateway leading south. There is an open door leading east.



WARNING:root:take type passkey from shelf
WARNING:root:0
WARNING:root:--------
WARNING:root:9
WARNING:root:
You find yourself in a scullery. A typical one.

You scan the room for a counter, and you find a counter. The counter appears to be empty. It would have been so cool if there was stuff on the counter.

There is a closed gateway leading south. There is an open door leading east.



WARNING:root:insert spherical keycard into type box
WARNING:root:0
WARNING:root:--------
WARNING:root:10
WARNING:root:
You find yourself in a scullery. A typical one.

You scan the room for a counter, and you find a counter. The counter appears to be empty. It would have been so cool if there was stuff on the counter.

There is a closed gateway leading south. There is an open door leading east.



WARNING:root:inventory
WARNING:root:0
WARNING:root:--------
WARNING:root:11
WARNING:root:
You find yourself in a scullery. A typical one.

You scan the room for a counter, and you find a counter. The counter appears to be empty. It would have been so cool if there was stuff on the counter.

There is a closed gateway leading south. There is an open door leading east.



WARNING:root:open type box
WARNING:root:0
WARNING:root:--------
WARNING:root:12
WARNING:root:
You find yourself in a scullery. A typical one.

You scan the room for a counter, and you find a counter. The counter appears to be empty. It would have been so cool if there was stuff on the counter.

There is a closed gateway leading south. There is an open door leading east.



WARNING:root:take type passkey from type box
WARNING:root:0
WARNING:root:--------
WARNING:root:13
WARNING:root:
You find yourself in a scullery. A typical one.

You scan the room for a counter, and you find a counter. The counter appears to be empty. It would have been so cool if there was stuff on the counter.

There is a closed gateway leading south. There is an open door leading east.



WARNING:root:take insect from counter
WARNING:root:0
WARNING:root:--------
WARNING:root:14
WARNING:root:
You find yourself in a scullery. A typical one.

You scan the room for a counter, and you find a counter. The counter appears to be empty. It would have been so cool if there was stuff on the counter.

There is a closed gateway leading south. There is an open door leading east.



WARNING:root:drop frisbee
WARNING:root:0
WARNING:root:--------
WARNING:root:15
WARNING:root:
You find yourself in a scullery. A typical one.

You scan the room for a counter, and you find a counter. The counter appears to be empty. It would have been so cool if there was stuff on the counter.

There is a closed gateway leading south. There is an open door leading east.

There is a frisbee on the floor.


WARNING:root:take type passkey from toolbox
WARNING:root:0
WARNING:root:--------
WARNING:root:16
WARNING:root:
You find yourself in a scullery. A typical one.

You scan the room for a counter, and you find a counter. The counter appears to be empty. It would have been so cool if there was stuff on the counter.

There is a closed gateway leading south. There is an open door leading east.

There is a frisbee on the floor.


WARNING:root:take latchkey from counter
WARNING:root:0
WARNING:root:--------
WARNING:root:17
WARNING:root:
You find yourself in a scullery. A typical one.

You scan the room for a counter, and you find a counter. The counter appears to be empty. It would have been so cool if there was stuff on the counter.

There is a closed gateway leading south. There is an open door leading east.

There is a frisbee on the floor.


WARNING:root:examine counter
WARNING:root:0
WARNING:root:--------
WARNING:root:18
WARNING:root:
You find yourself in a scullery. A typical one.

You scan the room for a counter, and you find a counter. The counter appears to be empty. It would have been so cool if there was stuff on the counter.

There is a closed gateway leading south. There is an open door leading east.

There is a frisbee on the floor.


WARNING:root:open toolbox
WARNING:root:0
WARNING:root:--------
WARNING:root:19
WARNING:root:
You find yourself in a scullery. A typical one.

You scan the room for a counter, and you find a counter. The counter appears to be empty. It would have been so cool if there was stuff on the counter.

There is a closed gateway leading south. There is an open door leading east.

There is a frisbee on the floor.


WARNING:root:insert insect into type box
WARNING:root:0
WARNING:root:--------
WARNING:root:20
WARNING:root:
You find yourself in a scullery. A typical one.

You scan the room for a counter, and you find a counter. The counter appears to be empty. It would have been so cool if there was stuff on the counter.

There is a closed gateway leading south. There is an open door leading east.

There is a frisbee on the floor.


WARNING:root:insert type passkey into spherical locker
WARNING:root:0
WARNING:root:--------
WARNING:root:21
WARNING:root:
You find yourself in a scullery. A typical one.

You scan the room for a counter, and you find a counter. The counter appears to be empty. It would have been so cool if there was stuff on the counter.

There is a closed gateway leading south. There is an open door leading east.

There is a frisbee on the floor.


WARNING:root:insert type passkey into toolbox
WARNING:root:0
WARNING:root:--------
WARNING:root:22
WARNING:root:
You find yourself in a scullery. A typical one.

You scan the room for a counter, and you find a counter. The counter appears to be empty. It would have been so cool if there was stuff on the counter.

There is a closed gateway leading south. There is an open door leading east.

There is a frisbee on the floor.


WARNING:root:take type passkey from spherical locker
WARNING:root:0
WARNING:root:--------
WARNING:root:23
WARNING:root:
You find yourself in a scullery. A typical one.

You scan the room for a counter, and you find a counter. The counter appears to be empty. It would have been so cool if there was stuff on the counter.

There is a closed gateway leading south. There is an open door leading east.

There is a frisbee on the floor.


WARNING:root:put latchkey on counter
WARNING:root:0
WARNING:root:--------
WARNING:root:24
WARNING:root:
You find yourself in a scullery. A typical one.

You scan the room for a counter, and you find a counter. The counter appears to be empty. It would have been so cool if there was stuff on the counter.

There is a closed gateway leading south. There is an open door leading east.

There is a frisbee on the floor.


WARNING:root:insert insect into spherical locker
WARNING:root:0
WARNING:root:--------
WARNING:root:25
WARNING:root:
You find yourself in a scullery. A typical one.

You scan the room for a counter, and you find a counter. The counter appears to be empty. It would have been so cool if there was stuff on the counter.

There is a closed gateway leading south. There is an open door leading east.

There is a frisbee on the floor.


WARNING:root:take spherical keycard from counter
WARNING:root:0
WARNING:root:--------
WARNING:root:26
WARNING:root:
You find yourself in a scullery. A typical one.

You scan the room for a counter, and you find a counter. The counter appears to be empty. It would have been so cool if there was stuff on the counter.

There is a closed gateway leading south. There is an open door leading east.

There is a frisbee on the floor.


WARNING:root:unlock spherical locker with spherical keycard
WARNING:root:0
WARNING:root:--------
WARNING:root:27
WARNING:root:
You find yourself in a scullery. A typical one.

You scan the room for a counter, and you find a counter. The counter appears to be empty. It would have been so cool if there was stuff on the counter.

There is a closed gateway leading south. There is an open door leading east.

There is a frisbee on the floor.


WARNING:root:take latchkey
WARNING:root:0
WARNING:root:--------
WARNING:root:28
WARNING:root:
You find yourself in a scullery. A typical one.

You scan the room for a counter, and you find a counter. The counter appears to be empty. It would have been so cool if there was stuff on the counter.

There is a closed gateway leading south. There is an open door leading east.

There is a frisbee on the floor.


WARNING:root:take frisbee
WARNING:root:0
WARNING:root:--------
WARNING:root:29
WARNING:root:
You find yourself in a scullery. A typical one.

You scan the room for a counter, and you find a counter. The counter appears to be empty. It would have been so cool if there was stuff on the counter.

There is a closed gateway leading south. There is an open door leading east.



WARNING:root:take frisbee from toolbox
WARNING:root:0
WARNING:root:--------
WARNING:root:30
WARNING:root:
You find yourself in a scullery. A typical one.

You scan the room for a counter, and you find a counter. The counter appears to be empty. It would have been so cool if there was stuff on the counter.

There is a closed gateway leading south. There is an open door leading east.



WARNING:root:drop type passkey
WARNING:root:0
WARNING:root:--------
WARNING:root:31
WARNING:root:
You find yourself in a scullery. A typical one.

You scan the room for a counter, and you find a counter. The counter appears to be empty. It would have been so cool if there was stuff on the counter.

There is a closed gateway leading south. There is an open door leading east.



WARNING:root:put frisbee on shelf
WARNING:root:0
WARNING:root:--------
WARNING:root:32
WARNING:root:
You find yourself in a scullery. A typical one.

You scan the room for a counter, and you find a counter. The counter appears to be empty. It would have been so cool if there was stuff on the counter.

There is a closed gateway leading south. There is an open door leading east.



WARNING:root:take type passkey from shelf
WARNING:root:0
WARNING:root:--------
WARNING:root:33
WARNING:root:
You find yourself in a scullery. A typical one.

You scan the room for a counter, and you find a counter. The counter appears to be empty. It would have been so cool if there was stuff on the counter.

There is a closed gateway leading south. There is an open door leading east.



WARNING:root:examine shelf
WARNING:root:0
WARNING:root:--------
WARNING:root:34
WARNING:root:
You find yourself in a scullery. A typical one.

You scan the room for a counter, and you find a counter. The counter appears to be empty. It would have been so cool if there was stuff on the counter.

There is a closed gateway leading south. There is an open door leading east.



WARNING:root:put spherical keycard on shelf
WARNING:root:0
WARNING:root:--------
WARNING:root:35
WARNING:root:
You find yourself in a scullery. A typical one.

You scan the room for a counter, and you find a counter. The counter appears to be empty. It would have been so cool if there was stuff on the counter.

There is a closed gateway leading south. There is an open door leading east.



WARNING:root:put type passkey on counter
WARNING:root:0
WARNING:root:--------
WARNING:root:36
WARNING:root:
You find yourself in a scullery. A typical one.

You scan the room for a counter, and you find a counter. The counter appears to be empty. It would have been so cool if there was stuff on the counter.

There is a closed gateway leading south. There is an open door leading east.



WARNING:root:take latchkey from shelf
WARNING:root:0
WARNING:root:--------
WARNING:root:37
WARNING:root:
You find yourself in a scullery. A typical one.

You scan the room for a counter, and you find a counter. The counter appears to be empty. It would have been so cool if there was stuff on the counter.

There is a closed gateway leading south. There is an open door leading east.



WARNING:root:examine door
WARNING:root:0
WARNING:root:--------
WARNING:root:38
WARNING:root:
You find yourself in a scullery. A typical one.

You scan the room for a counter, and you find a counter. The counter appears to be empty. It would have been so cool if there was stuff on the counter.

There is a closed gateway leading south. There is an open door leading east.



WARNING:root:take latchkey from counter
WARNING:root:0
WARNING:root:--------
WARNING:root:39
WARNING:root:
You find yourself in a scullery. A typical one.

You scan the room for a counter, and you find a counter. The counter appears to be empty. It would have been so cool if there was stuff on the counter.

There is a closed gateway leading south. There is an open door leading east.



WARNING:root:put latchkey on counter
WARNING:root:0
WARNING:root:--------
WARNING:root:40
WARNING:root:
You find yourself in a scullery. A typical one.

You scan the room for a counter, and you find a counter. The counter appears to be empty. It would have been so cool if there was stuff on the counter.

There is a closed gateway leading south. There is an open door leading east.



WARNING:root:examine spherical locker
WARNING:root:0
WARNING:root:--------
WARNING:root:41
WARNING:root:
You find yourself in a scullery. A typical one.

You scan the room for a counter, and you find a counter. The counter appears to be empty. It would have been so cool if there was stuff on the counter.

There is a closed gateway leading south. There is an open door leading east.



WARNING:root:open spherical locker
WARNING:root:0
WARNING:root:--------
WARNING:root:42
WARNING:root:
You find yourself in a scullery. A typical one.

You scan the room for a counter, and you find a counter. The counter appears to be empty. It would have been so cool if there was stuff on the counter.

There is a closed gateway leading south. There is an open door leading east.



WARNING:root:examine counter
WARNING:root:0
WARNING:root:--------
WARNING:root:43
WARNING:root:
You find yourself in a scullery. A typical one.

You scan the room for a counter, and you find a counter. The counter appears to be empty. It would have been so cool if there was stuff on the counter.

There is a closed gateway leading south. There is an open door leading east.



WARNING:root:inventory
WARNING:root:0
WARNING:root:--------
WARNING:root:44
WARNING:root:
You find yourself in a scullery. A typical one.

You scan the room for a counter, and you find a counter. The counter appears to be empty. It would have been so cool if there was stuff on the counter.

There is a closed gateway leading south. There is an open door leading east.



WARNING:root:take frisbee from toolbox
WARNING:root:0
WARNING:root:--------
WARNING:root:45
WARNING:root:
You find yourself in a scullery. A typical one.

You scan the room for a counter, and you find a counter. The counter appears to be empty. It would have been so cool if there was stuff on the counter.

There is a closed gateway leading south. There is an open door leading east.



WARNING:root:examine counter
WARNING:root:0
WARNING:root:--------
WARNING:root:46
WARNING:root:
You find yourself in a scullery. A typical one.

You scan the room for a counter, and you find a counter. The counter appears to be empty. It would have been so cool if there was stuff on the counter.

There is a closed gateway leading south. There is an open door leading east.



WARNING:root:put insect on shelf
WARNING:root:0
WARNING:root:--------
WARNING:root:47
WARNING:root:
You find yourself in a scullery. A typical one.

You scan the room for a counter, and you find a counter. The counter appears to be empty. It would have been so cool if there was stuff on the counter.

There is a closed gateway leading south. There is an open door leading east.



WARNING:root:lock spherical locker with spherical keycard
WARNING:root:0
WARNING:root:--------
WARNING:root:48
WARNING:root:
You find yourself in a scullery. A typical one.

You scan the room for a counter, and you find a counter. The counter appears to be empty. It would have been so cool if there was stuff on the counter.

There is a closed gateway leading south. There is an open door leading east.



WARNING:root:take latchkey from shelf
WARNING:root:0
WARNING:root:--------
WARNING:root:49
WARNING:root:
You find yourself in a scullery. A typical one.

You scan the room for a counter, and you find a counter. The counter appears to be empty. It would have been so cool if there was stuff on the counter.

There is a closed gateway leading south. There is an open door leading east.



WARNING:root:put spherical keycard on counter
WARNING:root:0
WARNING:root:--------
WARNING:root:50
WARNING:root:
You find yourself in a scullery. A typical one.

You scan the room for a counter, and you find a counter. The counter appears to be empty. It would have been so cool if there was stuff on the counter.

There is a closed gateway leading south. There is an open door leading east.



WARNING:root:take type passkey from shelf
WARNING:root:0
WARNING:root:--------
WARNING:root:51
WARNING:root:
You find yourself in a scullery. A typical one.

You scan the room for a counter, and you find a counter. The counter appears to be empty. It would have been so cool if there was stuff on the counter.

There is a closed gateway leading south. There is an open door leading east.



WARNING:root:take insect
WARNING:root:0
WARNING:root:--------
WARNING:root:52
WARNING:root:
You find yourself in a scullery. A typical one.

You scan the room for a counter, and you find a counter. The counter appears to be empty. It would have been so cool if there was stuff on the counter.

There is a closed gateway leading south. There is an open door leading east.



WARNING:root:put frisbee on shelf
WARNING:root:0
WARNING:root:--------
WARNING:root:53
WARNING:root:
You find yourself in a scullery. A typical one.

You scan the room for a counter, and you find a counter. The counter appears to be empty. It would have been so cool if there was stuff on the counter.

There is a closed gateway leading south. There is an open door leading east.



WARNING:root:close door
WARNING:root:-1.0
WARNING:root:--------
WARNING:root:54
WARNING:root:
You find yourself in a scullery. A typical one.

You scan the room for a counter, and you find a counter. The counter appears to be empty. It would have been so cool if there was stuff on the counter.

There is a closed gateway leading south. There is a closed door leading east.



WARNING:root:take spherical keycard from counter
WARNING:root:0
WARNING:root:--------
WARNING:root:55
WARNING:root:
You find yourself in a scullery. A typical one.

You scan the room for a counter, and you find a counter. The counter appears to be empty. It would have been so cool if there was stuff on the counter.

There is a closed gateway leading south. There is a closed door leading east.



WARNING:root:take type passkey from type box
WARNING:root:0
WARNING:root:--------
WARNING:root:56
WARNING:root:
You find yourself in a scullery. A typical one.

You scan the room for a counter, and you find a counter. The counter appears to be empty. It would have been so cool if there was stuff on the counter.

There is a closed gateway leading south. There is a closed door leading east.



WARNING:root:examine type passkey
WARNING:root:0
WARNING:root:--------
WARNING:root:57
WARNING:root:
You find yourself in a scullery. A typical one.

You scan the room for a counter, and you find a counter. The counter appears to be empty. It would have been so cool if there was stuff on the counter.

There is a closed gateway leading south. There is a closed door leading east.



WARNING:root:insert latchkey into toolbox
WARNING:root:0
WARNING:root:--------
WARNING:root:58
WARNING:root:
You find yourself in a scullery. A typical one.

You scan the room for a counter, and you find a counter. The counter appears to be empty. It would have been so cool if there was stuff on the counter.

There is a closed gateway leading south. There is a closed door leading east.



WARNING:root:take frisbee from counter
WARNING:root:0
WARNING:root:--------
WARNING:root:59
WARNING:root:
You find yourself in a scullery. A typical one.

You scan the room for a counter, and you find a counter. The counter appears to be empty. It would have been so cool if there was stuff on the counter.

There is a closed gateway leading south. There is a closed door leading east.



WARNING:root:lock spherical locker with spherical keycard
WARNING:root:0
WARNING:root:--------
WARNING:root:60
WARNING:root:
You find yourself in a scullery. A typical one.

You scan the room for a counter, and you find a counter. The counter appears to be empty. It would have been so cool if there was stuff on the counter.

There is a closed gateway leading south. There is a closed door leading east.



WARNING:root:open gateway
WARNING:root:0
WARNING:root:--------
WARNING:root:61
WARNING:root:
You find yourself in a scullery. A typical one.

You scan the room for a counter, and you find a counter. The counter appears to be empty. It would have been so cool if there was stuff on the counter.

There is an open gateway leading south. There is a closed door leading east.



WARNING:root:take type passkey from toolbox
WARNING:root:0
WARNING:root:--------
WARNING:root:62
WARNING:root:
You find yourself in a scullery. A typical one.

You scan the room for a counter, and you find a counter. The counter appears to be empty. It would have been so cool if there was stuff on the counter.

There is an open gateway leading south. There is a closed door leading east.



WARNING:root:open gateway
WARNING:root:0
WARNING:root:--------
WARNING:root:63
WARNING:root:
You find yourself in a scullery. A typical one.

You scan the room for a counter, and you find a counter. The counter appears to be empty. It would have been so cool if there was stuff on the counter.

There is an open gateway leading south. There is a closed door leading east.



WARNING:root:examine insect
WARNING:root:0
WARNING:root:--------
WARNING:root:64
WARNING:root:
You find yourself in a scullery. A typical one.

You scan the room for a counter, and you find a counter. The counter appears to be empty. It would have been so cool if there was stuff on the counter.

There is an open gateway leading south. There is a closed door leading east.



WARNING:root:take spherical keycard from toolbox
WARNING:root:0
WARNING:root:--------
WARNING:root:65
WARNING:root:
You find yourself in a scullery. A typical one.

You scan the room for a counter, and you find a counter. The counter appears to be empty. It would have been so cool if there was stuff on the counter.

There is an open gateway leading south. There is a closed door leading east.



WARNING:root:examine toolbox
WARNING:root:0
WARNING:root:--------
WARNING:root:66
WARNING:root:
You find yourself in a scullery. A typical one.

You scan the room for a counter, and you find a counter. The counter appears to be empty. It would have been so cool if there was stuff on the counter.

There is an open gateway leading south. There is a closed door leading east.



WARNING:root:take insect from counter
WARNING:root:0
WARNING:root:--------
WARNING:root:67
WARNING:root:
You find yourself in a scullery. A typical one.

You scan the room for a counter, and you find a counter. The counter appears to be empty. It would have been so cool if there was stuff on the counter.

There is an open gateway leading south. There is a closed door leading east.



WARNING:root:unlock spherical locker with spherical keycard
WARNING:root:0
WARNING:root:--------
WARNING:root:68
WARNING:root:
You find yourself in a scullery. A typical one.

You scan the room for a counter, and you find a counter. The counter appears to be empty. It would have been so cool if there was stuff on the counter.

There is an open gateway leading south. There is a closed door leading east.



WARNING:root:take spherical keycard from counter
WARNING:root:0
WARNING:root:--------
WARNING:root:69
WARNING:root:
You find yourself in a scullery. A typical one.

You scan the room for a counter, and you find a counter. The counter appears to be empty. It would have been so cool if there was stuff on the counter.

There is an open gateway leading south. There is a closed door leading east.



WARNING:root:take type passkey from type box
WARNING:root:0
WARNING:root:--------
WARNING:root:70
WARNING:root:
You find yourself in a scullery. A typical one.

You scan the room for a counter, and you find a counter. The counter appears to be empty. It would have been so cool if there was stuff on the counter.

There is an open gateway leading south. There is a closed door leading east.



WARNING:root:examine type box
WARNING:root:0
WARNING:root:--------
WARNING:root:71
WARNING:root:
You find yourself in a scullery. A typical one.

You scan the room for a counter, and you find a counter. The counter appears to be empty. It would have been so cool if there was stuff on the counter.

There is an open gateway leading south. There is a closed door leading east.



WARNING:root:take spherical keycard
WARNING:root:0
WARNING:root:--------
WARNING:root:72
WARNING:root:
You find yourself in a scullery. A typical one.

You scan the room for a counter, and you find a counter. The counter appears to be empty. It would have been so cool if there was stuff on the counter.

There is an open gateway leading south. There is a closed door leading east.



WARNING:root:take type passkey from type box
WARNING:root:0
WARNING:root:--------
WARNING:root:73
WARNING:root:
You find yourself in a scullery. A typical one.

You scan the room for a counter, and you find a counter. The counter appears to be empty. It would have been so cool if there was stuff on the counter.

There is an open gateway leading south. There is a closed door leading east.



WARNING:root:take insect from spherical locker
WARNING:root:0
WARNING:root:--------
WARNING:root:74
WARNING:root:
You find yourself in a scullery. A typical one.

You scan the room for a counter, and you find a counter. The counter appears to be empty. It would have been so cool if there was stuff on the counter.

There is an open gateway leading south. There is a closed door leading east.



WARNING:root:take spherical keycard from type box
WARNING:root:0
WARNING:root:--------
WARNING:root:75
WARNING:root:
You find yourself in a scullery. A typical one.

You scan the room for a counter, and you find a counter. The counter appears to be empty. It would have been so cool if there was stuff on the counter.

There is an open gateway leading south. There is a closed door leading east.



WARNING:root:examine counter
WARNING:root:0
WARNING:root:--------
WARNING:root:76
WARNING:root:
You find yourself in a scullery. A typical one.

You scan the room for a counter, and you find a counter. The counter appears to be empty. It would have been so cool if there was stuff on the counter.

There is an open gateway leading south. There is a closed door leading east.



WARNING:root:close toolbox
WARNING:root:0
WARNING:root:--------
WARNING:root:77
WARNING:root:
You find yourself in a scullery. A typical one.

You scan the room for a counter, and you find a counter. The counter appears to be empty. It would have been so cool if there was stuff on the counter.

There is an open gateway leading south. There is a closed door leading east.



WARNING:root:drop latchkey
WARNING:root:0
WARNING:root:--------
WARNING:root:78
WARNING:root:
You find yourself in a scullery. A typical one.

You scan the room for a counter, and you find a counter. The counter appears to be empty. It would have been so cool if there was stuff on the counter.

There is an open gateway leading south. There is a closed door leading east.



WARNING:root:take frisbee from type box
WARNING:root:0
WARNING:root:--------
WARNING:root:79
WARNING:root:
You find yourself in a scullery. A typical one.

You scan the room for a counter, and you find a counter. The counter appears to be empty. It would have been so cool if there was stuff on the counter.

There is an open gateway leading south. There is a closed door leading east.



WARNING:root:insert latchkey into spherical locker
WARNING:root:0
WARNING:root:--------
WARNING:root:80
WARNING:root:
You find yourself in a scullery. A typical one.

You scan the room for a counter, and you find a counter. The counter appears to be empty. It would have been so cool if there was stuff on the counter.

There is an open gateway leading south. There is a closed door leading east.



WARNING:root:close type box
WARNING:root:0
WARNING:root:--------
WARNING:root:81
WARNING:root:
You find yourself in a scullery. A typical one.

You scan the room for a counter, and you find a counter. The counter appears to be empty. It would have been so cool if there was stuff on the counter.

There is an open gateway leading south. There is a closed door leading east.



WARNING:root:unlock spherical locker with spherical keycard
WARNING:root:0
WARNING:root:--------
WARNING:root:82
WARNING:root:
You find yourself in a scullery. A typical one.

You scan the room for a counter, and you find a counter. The counter appears to be empty. It would have been so cool if there was stuff on the counter.

There is an open gateway leading south. There is a closed door leading east.



WARNING:root:take type passkey from shelf
WARNING:root:0
WARNING:root:--------
WARNING:root:83
WARNING:root:
You find yourself in a scullery. A typical one.

You scan the room for a counter, and you find a counter. The counter appears to be empty. It would have been so cool if there was stuff on the counter.

There is an open gateway leading south. There is a closed door leading east.



WARNING:root:drop type passkey
WARNING:root:0
WARNING:root:--------
WARNING:root:84
WARNING:root:
You find yourself in a scullery. A typical one.

You scan the room for a counter, and you find a counter. The counter appears to be empty. It would have been so cool if there was stuff on the counter.

There is an open gateway leading south. There is a closed door leading east.



WARNING:root:examine frisbee
WARNING:root:0
WARNING:root:--------
WARNING:root:85
WARNING:root:
You find yourself in a scullery. A typical one.

You scan the room for a counter, and you find a counter. The counter appears to be empty. It would have been so cool if there was stuff on the counter.

There is an open gateway leading south. There is a closed door leading east.



WARNING:root:examine type passkey
WARNING:root:0
WARNING:root:--------
WARNING:root:86
WARNING:root:
You find yourself in a scullery. A typical one.

You scan the room for a counter, and you find a counter. The counter appears to be empty. It would have been so cool if there was stuff on the counter.

There is an open gateway leading south. There is a closed door leading east.



WARNING:root:examine latchkey
WARNING:root:0
WARNING:root:--------
WARNING:root:87
WARNING:root:
You find yourself in a scullery. A typical one.

You scan the room for a counter, and you find a counter. The counter appears to be empty. It would have been so cool if there was stuff on the counter.

There is an open gateway leading south. There is a closed door leading east.



WARNING:root:drop insect
WARNING:root:0
WARNING:root:--------
WARNING:root:88
WARNING:root:
You find yourself in a scullery. A typical one.

You scan the room for a counter, and you find a counter. The counter appears to be empty. It would have been so cool if there was stuff on the counter.

There is an open gateway leading south. There is a closed door leading east.



WARNING:root:take insect from toolbox
WARNING:root:0
WARNING:root:--------
WARNING:root:89
WARNING:root:
You find yourself in a scullery. A typical one.

You scan the room for a counter, and you find a counter. The counter appears to be empty. It would have been so cool if there was stuff on the counter.

There is an open gateway leading south. There is a closed door leading east.



WARNING:root:take insect from type box
WARNING:root:0
WARNING:root:--------
WARNING:root:90
WARNING:root:
You find yourself in a scullery. A typical one.

You scan the room for a counter, and you find a counter. The counter appears to be empty. It would have been so cool if there was stuff on the counter.

There is an open gateway leading south. There is a closed door leading east.



WARNING:root:insert latchkey into type box
WARNING:root:0
WARNING:root:--------
WARNING:root:91
WARNING:root:
You find yourself in a scullery. A typical one.

You scan the room for a counter, and you find a counter. The counter appears to be empty. It would have been so cool if there was stuff on the counter.

There is an open gateway leading south. There is a closed door leading east.



WARNING:root:drop type passkey
WARNING:root:0
WARNING:root:--------
WARNING:root:92
WARNING:root:
You find yourself in a scullery. A typical one.

You scan the room for a counter, and you find a counter. The counter appears to be empty. It would have been so cool if there was stuff on the counter.

There is an open gateway leading south. There is a closed door leading east.



WARNING:root:take insect from toolbox
WARNING:root:0
WARNING:root:--------
WARNING:root:93
WARNING:root:
You find yourself in a scullery. A typical one.

You scan the room for a counter, and you find a counter. The counter appears to be empty. It would have been so cool if there was stuff on the counter.

There is an open gateway leading south. There is a closed door leading east.



WARNING:root:open type box
WARNING:root:0
WARNING:root:--------
WARNING:root:94
WARNING:root:
You find yourself in a scullery. A typical one.

You scan the room for a counter, and you find a counter. The counter appears to be empty. It would have been so cool if there was stuff on the counter.

There is an open gateway leading south. There is a closed door leading east.



WARNING:root:drop type passkey
WARNING:root:0
WARNING:root:--------
WARNING:root:95
WARNING:root:
You find yourself in a scullery. A typical one.

You scan the room for a counter, and you find a counter. The counter appears to be empty. It would have been so cool if there was stuff on the counter.

There is an open gateway leading south. There is a closed door leading east.



WARNING:root:inventory
WARNING:root:0
WARNING:root:--------
WARNING:root:96
WARNING:root:
You find yourself in a scullery. A typical one.

You scan the room for a counter, and you find a counter. The counter appears to be empty. It would have been so cool if there was stuff on the counter.

There is an open gateway leading south. There is a closed door leading east.



WARNING:root:take type passkey from type box
WARNING:root:0
WARNING:root:--------
WARNING:root:97
WARNING:root:
You find yourself in a scullery. A typical one.

You scan the room for a counter, and you find a counter. The counter appears to be empty. It would have been so cool if there was stuff on the counter.

There is an open gateway leading south. There is a closed door leading east.



WARNING:root:drop type passkey
WARNING:root:0
WARNING:root:--------
WARNING:root:98
WARNING:root:
You find yourself in a scullery. A typical one.

You scan the room for a counter, and you find a counter. The counter appears to be empty. It would have been so cool if there was stuff on the counter.

There is an open gateway leading south. There is a closed door leading east.



WARNING:root:take insect from counter
WARNING:root:0
WARNING:root:--------
WARNING:root:99
WARNING:root:
You find yourself in a scullery. A typical one.

You scan the room for a counter, and you find a counter. The counter appears to be empty. It would have been so cool if there was stuff on the counter.

There is an open gateway leading south. There is a closed door leading east.



WARNING:root:insert type passkey into spherical locker
WARNING:root:0
WARNING:root:--------
WARNING:root:100
WARNING:root:
You find yourself in a scullery. A typical one.

You scan the room for a counter, and you find a counter. The counter appears to be empty. It would have been so cool if there was stuff on the counter.

There is an open gateway leading south. There is a closed door leading east.



WARNING:root:put insect on shelf
WARNING:root:0
