WARNING:root:Parameters
WARNING:root:--------
WARNING:root:1
WARNING:root:
This might come as a shock to you, but you've just moved into a cookery.



You don't like doors? Why not try going east, that entranceway is unguarded. There is an exit to the north. Don't worry, it is unblocked. You don't like doors? Why not try going south, that entranceway is unblocked. You need an unguarded exit? You should try going west.



WARNING:root:take type 0 key
WARNING:root:0
WARNING:root:--------
WARNING:root:2
WARNING:root:
This might come as a shock to you, but you've just moved into a cookery.



You don't like doors? Why not try going east, that entranceway is unguarded. There is an exit to the north. Don't worry, it is unblocked. You don't like doors? Why not try going south, that entranceway is unblocked. You need an unguarded exit? You should try going west.



WARNING:root:put pear on workbench
WARNING:root:0
WARNING:root:--------
WARNING:root:3
WARNING:root:
This might come as a shock to you, but you've just moved into a cookery.



You don't like doors? Why not try going east, that entranceway is unguarded. There is an exit to the north. Don't worry, it is unblocked. You don't like doors? Why not try going south, that entranceway is unblocked. You need an unguarded exit? You should try going west.



WARNING:root:put key on rack
WARNING:root:0
WARNING:root:--------
WARNING:root:4
WARNING:root:
This might come as a shock to you, but you've just moved into a cookery.



You don't like doors? Why not try going east, that entranceway is unguarded. There is an exit to the north. Don't worry, it is unblocked. You don't like doors? Why not try going south, that entranceway is unblocked. You need an unguarded exit? You should try going west.



WARNING:root:put broom on recliner
WARNING:root:0
WARNING:root:--------
WARNING:root:5
WARNING:root:
This might come as a shock to you, but you've just moved into a cookery.



You don't like doors? Why not try going east, that entranceway is unguarded. There is an exit to the north. Don't worry, it is unblocked. You don't like doors? Why not try going south, that entranceway is unblocked. You need an unguarded exit? You should try going west.



WARNING:root:take sponge from basket
WARNING:root:0
WARNING:root:--------
WARNING:root:6
WARNING:root:
This might come as a shock to you, but you've just moved into a cookery.



You don't like doors? Why not try going east, that entranceway is unguarded. There is an exit to the north. Don't worry, it is unblocked. You don't like doors? Why not try going south, that entranceway is unblocked. You need an unguarded exit? You should try going west.



WARNING:root:insert formless keycard into coffer
WARNING:root:0
WARNING:root:--------
WARNING:root:7
WARNING:root:
This might come as a shock to you, but you've just moved into a cookery.



You don't like doors? Why not try going east, that entranceway is unguarded. There is an exit to the north. Don't worry, it is unblocked. You don't like doors? Why not try going south, that entranceway is unblocked. You need an unguarded exit? You should try going west.



WARNING:root:drop vanilla scented key
WARNING:root:0
WARNING:root:--------
WARNING:root:8
WARNING:root:
This might come as a shock to you, but you've just moved into a cookery.



You don't like doors? Why not try going east, that entranceway is unguarded. There is an exit to the north. Don't worry, it is unblocked. You don't like doors? Why not try going south, that entranceway is unblocked. You need an unguarded exit? You should try going west.



WARNING:root:take passkey
WARNING:root:0
WARNING:root:--------
WARNING:root:9
WARNING:root:
This might come as a shock to you, but you've just moved into a cookery.



You don't like doors? Why not try going east, that entranceway is unguarded. There is an exit to the north. Don't worry, it is unblocked. You don't like doors? Why not try going south, that entranceway is unblocked. You need an unguarded exit? You should try going west.



WARNING:root:put synthesizer on rack
WARNING:root:0
WARNING:root:--------
WARNING:root:10
WARNING:root:
This might come as a shock to you, but you've just moved into a cookery.



You don't like doors? Why not try going east, that entranceway is unguarded. There is an exit to the north. Don't worry, it is unblocked. You don't like doors? Why not try going south, that entranceway is unblocked. You need an unguarded exit? You should try going west.



WARNING:root:put printer on mantelpiece
WARNING:root:0
WARNING:root:--------
WARNING:root:1
WARNING:root:
This might come as a shock to you, but you've just moved into a cookery.



You don't like doors? Why not try going east, that entranceway is unguarded. There is an exit to the north. Don't worry, it is unblocked. You don't like doors? Why not try going south, that entranceway is unblocked. You need an unguarded exit? You should try going west.



WARNING:root:put type keycard on table
WARNING:root:0
WARNING:root:--------
WARNING:root:2
WARNING:root:
This might come as a shock to you, but you've just moved into a cookery.



You don't like doors? Why not try going east, that entranceway is unguarded. There is an exit to the north. Don't worry, it is unblocked. You don't like doors? Why not try going south, that entranceway is unblocked. You need an unguarded exit? You should try going west.



WARNING:root:put paper towel on bed
WARNING:root:0
WARNING:root:--------
WARNING:root:3
WARNING:root:
This might come as a shock to you, but you've just moved into a cookery.



You don't like doors? Why not try going east, that entranceway is unguarded. There is an exit to the north. Don't worry, it is unblocked. You don't like doors? Why not try going south, that entranceway is unblocked. You need an unguarded exit? You should try going west.



WARNING:root:insert nest of puppies into cabinet
WARNING:root:0
WARNING:root:--------
WARNING:root:4
WARNING:root:
This might come as a shock to you, but you've just moved into a cookery.



You don't like doors? Why not try going east, that entranceway is unguarded. There is an exit to the north. Don't worry, it is unblocked. You don't like doors? Why not try going south, that entranceway is unblocked. You need an unguarded exit? You should try going west.



WARNING:root:examine formless passkey
WARNING:root:0
WARNING:root:--------
WARNING:root:5
WARNING:root:
This might come as a shock to you, but you've just moved into a cookery.



You don't like doors? Why not try going east, that entranceway is unguarded. There is an exit to the north. Don't worry, it is unblocked. You don't like doors? Why not try going south, that entranceway is unblocked. You need an unguarded exit? You should try going west.



WARNING:root:insert onion into drawer
WARNING:root:0
WARNING:root:--------
WARNING:root:6
WARNING:root:
This might come as a shock to you, but you've just moved into a cookery.



You don't like doors? Why not try going east, that entranceway is unguarded. There is an exit to the north. Don't worry, it is unblocked. You don't like doors? Why not try going south, that entranceway is unblocked. You need an unguarded exit? You should try going west.



WARNING:root:take coconut from counter
WARNING:root:0
WARNING:root:--------
WARNING:root:7
WARNING:root:
This might come as a shock to you, but you've just moved into a cookery.



You don't like doors? Why not try going east, that entranceway is unguarded. There is an exit to the north. Don't worry, it is unblocked. You don't like doors? Why not try going south, that entranceway is unblocked. You need an unguarded exit? You should try going west.



WARNING:root:insert coconut into locker
WARNING:root:0
WARNING:root:--------
WARNING:root:8
WARNING:root:
This might come as a shock to you, but you've just moved into a cookery.



You don't like doors? Why not try going east, that entranceway is unguarded. There is an exit to the north. Don't worry, it is unblocked. You don't like doors? Why not try going south, that entranceway is unblocked. You need an unguarded exit? You should try going west.



WARNING:root:take cushion
WARNING:root:0
WARNING:root:--------
WARNING:root:9
WARNING:root:
This might come as a shock to you, but you've just moved into a cookery.



You don't like doors? Why not try going east, that entranceway is unguarded. There is an exit to the north. Don't worry, it is unblocked. You don't like doors? Why not try going south, that entranceway is unblocked. You need an unguarded exit? You should try going west.



WARNING:root:put keycard on bar
WARNING:root:0
WARNING:root:--------
WARNING:root:10
WARNING:root:
This might come as a shock to you, but you've just moved into a cookery.



You don't like doors? Why not try going east, that entranceway is unguarded. There is an exit to the north. Don't worry, it is unblocked. You don't like doors? Why not try going south, that entranceway is unblocked. You need an unguarded exit? You should try going west.



WARNING:root:open style locker
WARNING:root:0
WARNING:root:--------
WARNING:root:1
WARNING:root:
This might come as a shock to you, but you've just moved into a cookery.



You don't like doors? Why not try going east, that entranceway is unguarded. There is an exit to the north. Don't worry, it is unblocked. You don't like doors? Why not try going south, that entranceway is unblocked. You need an unguarded exit? You should try going west.



WARNING:root:put peanut on bed stand
WARNING:root:0
WARNING:root:--------
WARNING:root:2
WARNING:root:
This might come as a shock to you, but you've just moved into a cookery.



You don't like doors? Why not try going east, that entranceway is unguarded. There is an exit to the north. Don't worry, it is unblocked. You don't like doors? Why not try going south, that entranceway is unblocked. You need an unguarded exit? You should try going west.



WARNING:root:put formless latchkey on table
WARNING:root:0
WARNING:root:--------
WARNING:root:3
WARNING:root:
This might come as a shock to you, but you've just moved into a cookery.



You don't like doors? Why not try going east, that entranceway is unguarded. There is an exit to the north. Don't worry, it is unblocked. You don't like doors? Why not try going south, that entranceway is unblocked. You need an unguarded exit? You should try going west.



WARNING:root:take fondue from limited edition safe
WARNING:root:0
WARNING:root:--------
WARNING:root:4
WARNING:root:
This might come as a shock to you, but you've just moved into a cookery.



You don't like doors? Why not try going east, that entranceway is unguarded. There is an exit to the north. Don't worry, it is unblocked. You don't like doors? Why not try going south, that entranceway is unblocked. You need an unguarded exit? You should try going west.



WARNING:root:put bowl on mantelpiece
WARNING:root:0
WARNING:root:--------
WARNING:root:5
WARNING:root:
This might come as a shock to you, but you've just moved into a cookery.



You don't like doors? Why not try going east, that entranceway is unguarded. There is an exit to the north. Don't worry, it is unblocked. You don't like doors? Why not try going south, that entranceway is unblocked. You need an unguarded exit? You should try going west.



WARNING:root:put backup calendar on mantle
WARNING:root:0
WARNING:root:--------
WARNING:root:6
WARNING:root:
This might come as a shock to you, but you've just moved into a cookery.



You don't like doors? Why not try going east, that entranceway is unguarded. There is an exit to the north. Don't worry, it is unblocked. You don't like doors? Why not try going south, that entranceway is unblocked. You need an unguarded exit? You should try going west.



WARNING:root:insert blueberry into box
WARNING:root:0
WARNING:root:--------
WARNING:root:7
WARNING:root:
This might come as a shock to you, but you've just moved into a cookery.



You don't like doors? Why not try going east, that entranceway is unguarded. There is an exit to the north. Don't worry, it is unblocked. You don't like doors? Why not try going south, that entranceway is unblocked. You need an unguarded exit? You should try going west.



WARNING:root:take iron
WARNING:root:0
WARNING:root:--------
WARNING:root:8
WARNING:root:
This might come as a shock to you, but you've just moved into a cookery.



You don't like doors? Why not try going east, that entranceway is unguarded. There is an exit to the north. Don't worry, it is unblocked. You don't like doors? Why not try going south, that entranceway is unblocked. You need an unguarded exit? You should try going west.



WARNING:root:put nest of insects on desk
WARNING:root:0
WARNING:root:--------
WARNING:root:9
WARNING:root:
This might come as a shock to you, but you've just moved into a cookery.



You don't like doors? Why not try going east, that entranceway is unguarded. There is an exit to the north. Don't worry, it is unblocked. You don't like doors? Why not try going south, that entranceway is unblocked. You need an unguarded exit? You should try going west.



WARNING:root:put mop on bowl
WARNING:root:0
WARNING:root:--------
WARNING:root:10
WARNING:root:
This might come as a shock to you, but you've just moved into a cookery.



You don't like doors? Why not try going east, that entranceway is unguarded. There is an exit to the north. Don't worry, it is unblocked. You don't like doors? Why not try going south, that entranceway is unblocked. You need an unguarded exit? You should try going west.



WARNING:root:take style passkey from counter
WARNING:root:0
WARNING:root:--------
WARNING:root:1
WARNING:root:
This might come as a shock to you, but you've just moved into a cookery.



You don't like doors? Why not try going east, that entranceway is unguarded. There is an exit to the north. Don't worry, it is unblocked. You don't like doors? Why not try going south, that entranceway is unblocked. You need an unguarded exit? You should try going west.



WARNING:root:put type latchkey on desk
WARNING:root:0
WARNING:root:--------
WARNING:root:2
WARNING:root:
This might come as a shock to you, but you've just moved into a cookery.



You don't like doors? Why not try going east, that entranceway is unguarded. There is an exit to the north. Don't worry, it is unblocked. You don't like doors? Why not try going south, that entranceway is unblocked. You need an unguarded exit? You should try going west.



WARNING:root:insert loaf of bread into type safe
WARNING:root:0
WARNING:root:--------
WARNING:root:3
WARNING:root:
This might come as a shock to you, but you've just moved into a cookery.



You don't like doors? Why not try going east, that entranceway is unguarded. There is an exit to the north. Don't worry, it is unblocked. You don't like doors? Why not try going south, that entranceway is unblocked. You need an unguarded exit? You should try going west.



WARNING:root:examine teacup
WARNING:root:0
WARNING:root:--------
WARNING:root:4
WARNING:root:
This might come as a shock to you, but you've just moved into a cookery.



You don't like doors? Why not try going east, that entranceway is unguarded. There is an exit to the north. Don't worry, it is unblocked. You don't like doors? Why not try going south, that entranceway is unblocked. You need an unguarded exit? You should try going west.



WARNING:root:put licorice strip on table
WARNING:root:0
WARNING:root:--------
WARNING:root:5
WARNING:root:
This might come as a shock to you, but you've just moved into a cookery.



You don't like doors? Why not try going east, that entranceway is unguarded. There is an exit to the north. Don't worry, it is unblocked. You don't like doors? Why not try going south, that entranceway is unblocked. You need an unguarded exit? You should try going west.



WARNING:root:insert lingonberry into suitcase
WARNING:root:0
