WARNING:root:Parameters
WARNING:root:--------
WARNING:root:1
WARNING:root:
You arrive in a bedroom. An usual one. Let's see what's in here.

You make out a safe. You can see a non-euclidean box. Hey, want to see a mantelpiece? Look over there, a mantelpiece. Looks like someone's already been here and taken everything off it, though. Hopefully this doesn't make you too upset.

There is a closed gateway leading east. There is a closed passageway leading west.

There is a non-euclidean latchkey on the floor.
WARNING:root:lock gateway with latchkey
WARNING:root:0
WARNING:root:--------
WARNING:root:2
WARNING:root:
You arrive in a bedroom. An usual one. Let's see what's in here.

You make out a safe. You can see a non-euclidean box. Hey, want to see a mantelpiece? Look over there, a mantelpiece. Looks like someone's already been here and taken everything off it, though. Hopefully this doesn't make you too upset.

There is a closed gateway leading east. There is a closed passageway leading west.

There is a non-euclidean latchkey on the floor.
WARNING:root:unlock non-euclidean box with non-euclidean latchkey
WARNING:root:0
WARNING:root:--------
WARNING:root:3
WARNING:root:
You arrive in a bedroom. An usual one. Let's see what's in here.

You make out a safe. You can see a non-euclidean box. Hey, want to see a mantelpiece? Look over there, a mantelpiece. Looks like someone's already been here and taken everything off it, though. Hopefully this doesn't make you too upset.

There is a closed gateway leading east. There is a closed passageway leading west.

There is a non-euclidean latchkey on the floor.
WARNING:root:put type passkey on mantelpiece
WARNING:root:0
WARNING:root:--------
WARNING:root:4
WARNING:root:
You arrive in a bedroom. An usual one. Let's see what's in here.

You make out a safe. You can see a non-euclidean box. Hey, want to see a mantelpiece? Look over there, a mantelpiece. You see a type H passkey on the mantelpiece.

There is a closed gateway leading east. There is a closed passageway leading west.

There is a non-euclidean latchkey on the floor.
WARNING:root:examine kettle
WARNING:root:0
WARNING:root:--------
WARNING:root:5
WARNING:root:
You arrive in a bedroom. An usual one. Let's see what's in here.

You make out a safe. You can see a non-euclidean box. Hey, want to see a mantelpiece? Look over there, a mantelpiece. You see a type H passkey on the mantelpiece.

There is a closed gateway leading east. There is a closed passageway leading west.

There is a non-euclidean latchkey on the floor.
WARNING:root:insert kettle into non-euclidean box
WARNING:root:0
WARNING:root:--------
WARNING:root:6
WARNING:root:
You arrive in a bedroom. An usual one. Let's see what's in here.

You make out a safe. You can see a non-euclidean box. Hey, want to see a mantelpiece? Look over there, a mantelpiece. You see a type H passkey on the mantelpiece.

There is a closed gateway leading east. There is a closed passageway leading west.

There is a non-euclidean latchkey on the floor.
WARNING:root:go east
WARNING:root:0
WARNING:root:--------
WARNING:root:7
WARNING:root:
You arrive in a bedroom. An usual one. Let's see what's in here.

You make out a safe. You can see a non-euclidean box. Hey, want to see a mantelpiece? Look over there, a mantelpiece. You see a type H passkey on the mantelpiece.

There is a closed gateway leading east. There is a closed passageway leading west.

There is a non-euclidean latchkey on the floor.
WARNING:root:drop banana
WARNING:root:0
WARNING:root:--------
WARNING:root:8
WARNING:root:
You arrive in a bedroom. An usual one. Let's see what's in here.

You make out a safe. You can see a non-euclidean box. Hey, want to see a mantelpiece? Look over there, a mantelpiece. You see a type H passkey on the mantelpiece.

There is a closed gateway leading east. There is a closed passageway leading west.

There is a banana and a non-euclidean latchkey on the floor.
WARNING:root:inventory
WARNING:root:0
WARNING:root:--------
WARNING:root:9
WARNING:root:
You arrive in a bedroom. An usual one. Let's see what's in here.

You make out a safe. You can see a non-euclidean box. Hey, want to see a mantelpiece? Look over there, a mantelpiece. You see a type H passkey on the mantelpiece.

There is a closed gateway leading east. There is a closed passageway leading west.

There is a banana and a non-euclidean latchkey on the floor.
WARNING:root:drop latchkey
WARNING:root:0
WARNING:root:--------
WARNING:root:10
WARNING:root:
You arrive in a bedroom. An usual one. Let's see what's in here.

You make out a safe. You can see a non-euclidean box. Hey, want to see a mantelpiece? Look over there, a mantelpiece. You see a type H passkey on the mantelpiece.

There is a closed gateway leading east. There is a closed passageway leading west.

There is a banana and a non-euclidean latchkey on the floor.
WARNING:root:drop key
WARNING:root:0
WARNING:root:--------
WARNING:root:11
WARNING:root:
You arrive in a bedroom. An usual one. Let's see what's in here.

You make out a safe. You can see a non-euclidean box. Hey, want to see a mantelpiece? Look over there, a mantelpiece. You see a type H passkey on the mantelpiece.

There is a closed gateway leading east. There is a closed passageway leading west.

There is a banana and a non-euclidean latchkey on the floor.
WARNING:root:put peanut on mantelpiece
WARNING:root:0
WARNING:root:--------
WARNING:root:12
WARNING:root:
You arrive in a bedroom. An usual one. Let's see what's in here.

You make out a safe. You can see a non-euclidean box. Hey, want to see a mantelpiece? Look over there, a mantelpiece. You see a peanut and a type H passkey on the mantelpiece.

There is a closed gateway leading east. There is a closed passageway leading west.

There is a banana and a non-euclidean latchkey on the floor.
WARNING:root:examine peanut
WARNING:root:0
WARNING:root:--------
WARNING:root:13
WARNING:root:
You arrive in a bedroom. An usual one. Let's see what's in here.

You make out a safe. You can see a non-euclidean box. Hey, want to see a mantelpiece? Look over there, a mantelpiece. You see a peanut and a type H passkey on the mantelpiece.

There is a closed gateway leading east. There is a closed passageway leading west.

There is a banana and a non-euclidean latchkey on the floor.
WARNING:root:insert salad into non-euclidean box
WARNING:root:0
WARNING:root:--------
WARNING:root:14
WARNING:root:
You arrive in a bedroom. An usual one. Let's see what's in here.

You make out a safe. You can see a non-euclidean box. Hey, want to see a mantelpiece? Look over there, a mantelpiece. You see a peanut and a type H passkey on the mantelpiece.

There is a closed gateway leading east. There is a closed passageway leading west.

There is a banana and a non-euclidean latchkey on the floor.
WARNING:root:examine safe
WARNING:root:0
WARNING:root:--------
WARNING:root:15
WARNING:root:
You arrive in a bedroom. An usual one. Let's see what's in here.

You make out a safe. You can see a non-euclidean box. Hey, want to see a mantelpiece? Look over there, a mantelpiece. You see a peanut and a type H passkey on the mantelpiece.

There is a closed gateway leading east. There is a closed passageway leading west.

There is a banana and a non-euclidean latchkey on the floor.
WARNING:root:drop non-euclidean latchkey
WARNING:root:0
WARNING:root:--------
WARNING:root:16
WARNING:root:
You arrive in a bedroom. An usual one. Let's see what's in here.

You make out a safe. You can see a non-euclidean box. Hey, want to see a mantelpiece? Look over there, a mantelpiece. You see a peanut and a type H passkey on the mantelpiece.

There is a closed gateway leading east. There is a closed passageway leading west.

There is a banana and a non-euclidean latchkey on the floor.
WARNING:root:put key on mantelpiece
WARNING:root:0
WARNING:root:--------
WARNING:root:17
WARNING:root:
You arrive in a bedroom. An usual one. Let's see what's in here.

You make out a safe. You can see a non-euclidean box. Hey, want to see a mantelpiece? Look over there, a mantelpiece. You see a peanut and a type H passkey on the mantelpiece.

There is a closed gateway leading east. There is a closed passageway leading west.

There is a banana and a non-euclidean latchkey on the floor.
WARNING:root:lock safe with key
WARNING:root:0
WARNING:root:--------
WARNING:root:18
WARNING:root:
You arrive in a bedroom. An usual one. Let's see what's in here.

You make out a safe. You can see a non-euclidean box. Hey, want to see a mantelpiece? Look over there, a mantelpiece. You see a peanut and a type H passkey on the mantelpiece.

There is a closed gateway leading east. There is a closed passageway leading west.

There is a banana and a non-euclidean latchkey on the floor.
WARNING:root:examine non-euclidean box
WARNING:root:0
WARNING:root:--------
WARNING:root:19
WARNING:root:
You arrive in a bedroom. An usual one. Let's see what's in here.

You make out a safe. You can see a non-euclidean box. Hey, want to see a mantelpiece? Look over there, a mantelpiece. You see a peanut and a type H passkey on the mantelpiece.

There is a closed gateway leading east. There is a closed passageway leading west.

There is a banana and a non-euclidean latchkey on the floor.
WARNING:root:unlock gateway with latchkey
WARNING:root:0
WARNING:root:--------
WARNING:root:20
WARNING:root:
You arrive in a bedroom. An usual one. Let's see what's in here.

You make out a safe. You can see a non-euclidean box. Hey, want to see a mantelpiece? Look over there, a mantelpiece. You see a peanut and a type H passkey on the mantelpiece.

There is a closed gateway leading east. There is a closed passageway leading west.

There is a banana and a non-euclidean latchkey on the floor.
WARNING:root:drop mouse
WARNING:root:0
WARNING:root:--------
WARNING:root:21
WARNING:root:
You arrive in a bedroom. An usual one. Let's see what's in here.

You make out a safe. You can see a non-euclidean box. Hey, want to see a mantelpiece? Look over there, a mantelpiece. You see a peanut and a type H passkey on the mantelpiece.

There is a closed gateway leading east. There is a closed passageway leading west.

There is a mouse, a banana and a non-euclidean latchkey on the floor.
WARNING:root:close non-euclidean box
WARNING:root:0
WARNING:root:--------
WARNING:root:22
WARNING:root:
You arrive in a bedroom. An usual one. Let's see what's in here.

You make out a safe. You can see a non-euclidean box. Hey, want to see a mantelpiece? Look over there, a mantelpiece. You see a peanut and a type H passkey on the mantelpiece.

There is a closed gateway leading east. There is a closed passageway leading west.

There is a mouse, a banana and a non-euclidean latchkey on the floor.
WARNING:root:put grape on mantelpiece
WARNING:root:0
WARNING:root:--------
WARNING:root:23
WARNING:root:
You arrive in a bedroom. An usual one. Let's see what's in here.

You make out a safe. You can see a non-euclidean box. Hey, want to see a mantelpiece? Look over there, a mantelpiece. You see a grape, a peanut and a type H passkey on the mantelpiece.

There is a closed gateway leading east. There is a closed passageway leading west.

There is a mouse, a banana and a non-euclidean latchkey on the floor.
WARNING:root:insert peanut into non-euclidean box
WARNING:root:0
WARNING:root:--------
WARNING:root:24
WARNING:root:
You arrive in a bedroom. An usual one. Let's see what's in here.

You make out a safe. You can see a non-euclidean box. Hey, want to see a mantelpiece? Look over there, a mantelpiece. You see a grape, a peanut and a type H passkey on the mantelpiece.

There is a closed gateway leading east. There is a closed passageway leading west.

There is a mouse, a banana and a non-euclidean latchkey on the floor.
WARNING:root:eat peanut
WARNING:root:0
WARNING:root:--------
WARNING:root:25
WARNING:root:
You arrive in a bedroom. An usual one. Let's see what's in here.

You make out a safe. You can see a non-euclidean box. Hey, want to see a mantelpiece? Look over there, a mantelpiece. You see a grape, a peanut and a type H passkey on the mantelpiece.

There is a closed gateway leading east. There is a closed passageway leading west.

There is a mouse, a banana and a non-euclidean latchkey on the floor.
WARNING:root:put burger on mantelpiece
WARNING:root:0
WARNING:root:--------
WARNING:root:26
WARNING:root:
You arrive in a bedroom. An usual one. Let's see what's in here.

You make out a safe. You can see a non-euclidean box. Hey, want to see a mantelpiece? Look over there, a mantelpiece. You see a burger, a grape, a peanut and a type H passkey on the mantelpiece.

There is a closed gateway leading east. There is a closed passageway leading west.

There is a mouse, a banana and a non-euclidean latchkey on the floor.
WARNING:root:lock gateway with latchkey
WARNING:root:0
WARNING:root:--------
WARNING:root:27
WARNING:root:
You arrive in a bedroom. An usual one. Let's see what's in here.

You make out a safe. You can see a non-euclidean box. Hey, want to see a mantelpiece? Look over there, a mantelpiece. You see a burger, a grape, a peanut and a type H passkey on the mantelpiece.

There is a closed gateway leading east. There is a closed passageway leading west.

There is a mouse, a banana and a non-euclidean latchkey on the floor.
WARNING:root:drop nest of kittens
WARNING:root:0
WARNING:root:--------
WARNING:root:28
WARNING:root:
You arrive in a bedroom. An usual one. Let's see what's in here.

You make out a safe. You can see a non-euclidean box. Hey, want to see a mantelpiece? Look over there, a mantelpiece. You see a burger, a grape, a peanut and a type H passkey on the mantelpiece.

There is a closed gateway leading east. There is a closed passageway leading west.

There is a nest of kittens, a mouse, a banana and a non-euclidean latchkey on the floor.
WARNING:root:inventory
WARNING:root:0
WARNING:root:--------
WARNING:root:29
WARNING:root:
You arrive in a bedroom. An usual one. Let's see what's in here.

You make out a safe. You can see a non-euclidean box. Hey, want to see a mantelpiece? Look over there, a mantelpiece. You see a burger, a grape, a peanut and a type H passkey on the mantelpiece.

There is a closed gateway leading east. There is a closed passageway leading west.

There is a nest of kittens, a mouse, a banana and a non-euclidean latchkey on the floor.
WARNING:root:close non-euclidean box
WARNING:root:0
WARNING:root:--------
WARNING:root:30
WARNING:root:
You arrive in a bedroom. An usual one. Let's see what's in here.

You make out a safe. You can see a non-euclidean box. Hey, want to see a mantelpiece? Look over there, a mantelpiece. You see a burger, a grape, a peanut and a type H passkey on the mantelpiece.

There is a closed gateway leading east. There is a closed passageway leading west.

There is a nest of kittens, a mouse, a banana and a non-euclidean latchkey on the floor.
WARNING:root:drop banana
WARNING:root:0
WARNING:root:--------
WARNING:root:31
WARNING:root:
You arrive in a bedroom. An usual one. Let's see what's in here.

You make out a safe. You can see a non-euclidean box. Hey, want to see a mantelpiece? Look over there, a mantelpiece. You see a burger, a grape, a peanut and a type H passkey on the mantelpiece.

There is a closed gateway leading east. There is a closed passageway leading west.

There is a nest of kittens, a mouse, a banana and a non-euclidean latchkey on the floor.
WARNING:root:insert golf ball into non-euclidean box
WARNING:root:0
WARNING:root:--------
WARNING:root:32
WARNING:root:
You arrive in a bedroom. An usual one. Let's see what's in here.

You make out a safe. You can see a non-euclidean box. Hey, want to see a mantelpiece? Look over there, a mantelpiece. You see a burger, a grape, a peanut and a type H passkey on the mantelpiece.

There is a closed gateway leading east. There is a closed passageway leading west.

There is a nest of kittens, a mouse, a banana and a non-euclidean latchkey on the floor.
WARNING:root:eat banana
WARNING:root:0
WARNING:root:--------
WARNING:root:33
WARNING:root:
You arrive in a bedroom. An usual one. Let's see what's in here.

You make out a safe. You can see a non-euclidean box. Hey, want to see a mantelpiece? Look over there, a mantelpiece. You see a burger, a grape, a peanut and a type H passkey on the mantelpiece.

There is a closed gateway leading east. There is a closed passageway leading west.

There is a nest of kittens, a mouse, a banana and a non-euclidean latchkey on the floor.
WARNING:root:insert mouse into non-euclidean box
WARNING:root:0
WARNING:root:--------
WARNING:root:34
WARNING:root:
You arrive in a bedroom. An usual one. Let's see what's in here.

You make out a safe. You can see a non-euclidean box. Hey, want to see a mantelpiece? Look over there, a mantelpiece. You see a burger, a grape, a peanut and a type H passkey on the mantelpiece.

There is a closed gateway leading east. There is a closed passageway leading west.

There is a nest of kittens, a mouse, a banana and a non-euclidean latchkey on the floor.
WARNING:root:put latchkey on mantelpiece
WARNING:root:0
WARNING:root:--------
WARNING:root:35
WARNING:root:
You arrive in a bedroom. An usual one. Let's see what's in here.

You make out a safe. You can see a non-euclidean box. Hey, want to see a mantelpiece? Look over there, a mantelpiece. You see a burger, a grape, a peanut and a type H passkey on the mantelpiece.

There is a closed gateway leading east. There is a closed passageway leading west.

There is a nest of kittens, a mouse, a banana and a non-euclidean latchkey on the floor.
WARNING:root:drop kettle
WARNING:root:0
WARNING:root:--------
WARNING:root:36
WARNING:root:
You arrive in a bedroom. An usual one. Let's see what's in here.

You make out a safe. You can see a non-euclidean box. Hey, want to see a mantelpiece? Look over there, a mantelpiece. You see a burger, a grape, a peanut and a type H passkey on the mantelpiece.

There is a closed gateway leading east. There is a closed passageway leading west.

There is a kettle, a nest of kittens, a mouse, a banana and a non-euclidean latchkey on the floor.
WARNING:root:examine golf ball
WARNING:root:0
WARNING:root:--------
WARNING:root:37
WARNING:root:
You arrive in a bedroom. An usual one. Let's see what's in here.

You make out a safe. You can see a non-euclidean box. Hey, want to see a mantelpiece? Look over there, a mantelpiece. You see a burger, a grape, a peanut and a type H passkey on the mantelpiece.

There is a closed gateway leading east. There is a closed passageway leading west.

There is a kettle, a nest of kittens, a mouse, a banana and a non-euclidean latchkey on the floor.
WARNING:root:put huckleberry on mantelpiece
WARNING:root:0
WARNING:root:--------
WARNING:root:38
WARNING:root:
You arrive in a bedroom. An usual one. Let's see what's in here.

You make out a safe. You can see a non-euclidean box. Hey, want to see a mantelpiece? Look over there, a mantelpiece. You see a huckleberry, a burger, a grape, a peanut and a type H passkey on the mantelpiece.

There is a closed gateway leading east. There is a closed passageway leading west.

There is a kettle, a nest of kittens, a mouse, a banana and a non-euclidean latchkey on the floor.
WARNING:root:go east
WARNING:root:0
WARNING:root:--------
WARNING:root:39
WARNING:root:
You arrive in a bedroom. An usual one. Let's see what's in here.

You make out a safe. You can see a non-euclidean box. Hey, want to see a mantelpiece? Look over there, a mantelpiece. You see a huckleberry, a burger, a grape, a peanut and a type H passkey on the mantelpiece.

There is a closed gateway leading east. There is a closed passageway leading west.

There is a kettle, a nest of kittens, a mouse, a banana and a non-euclidean latchkey on the floor.
WARNING:root:go west
WARNING:root:0
WARNING:root:--------
WARNING:root:40
WARNING:root:
You arrive in a bedroom. An usual one. Let's see what's in here.

You make out a safe. You can see a non-euclidean box. Hey, want to see a mantelpiece? Look over there, a mantelpiece. You see a huckleberry, a burger, a grape, a peanut and a type H passkey on the mantelpiece.

There is a closed gateway leading east. There is a closed passageway leading west.

There is a kettle, a nest of kittens, a mouse, a banana and a non-euclidean latchkey on the floor.
WARNING:root:put kettle on mantelpiece
WARNING:root:0
WARNING:root:--------
WARNING:root:41
WARNING:root:
You arrive in a bedroom. An usual one. Let's see what's in here.

You make out a safe. You can see a non-euclidean box. Hey, want to see a mantelpiece? Look over there, a mantelpiece. You see a huckleberry, a burger, a grape, a peanut and a type H passkey on the mantelpiece.

There is a closed gateway leading east. There is a closed passageway leading west.

There is a kettle, a nest of kittens, a mouse, a banana and a non-euclidean latchkey on the floor.
WARNING:root:drop berry
WARNING:root:0
WARNING:root:--------
WARNING:root:42
WARNING:root:
You arrive in a bedroom. An usual one. Let's see what's in here.

You make out a safe. You can see a non-euclidean box. Hey, want to see a mantelpiece? Look over there, a mantelpiece. You see a huckleberry, a burger, a grape, a peanut and a type H passkey on the mantelpiece.

There is a closed gateway leading east. There is a closed passageway leading west.

There is a berry, a kettle, a nest of kittens, a mouse, a banana and a non-euclidean latchkey on the floor.
WARNING:root:open safe
WARNING:root:-1
WARNING:root:--------
WARNING:root:43
WARNING:root:
You arrive in a bedroom. An usual one. Let's see what's in here.

You make out a safe. Empty! What kind of nightmare TextWorld is this? You can see a non-euclidean box. Hey, want to see a mantelpiece? Look over there, a mantelpiece. You see a huckleberry, a burger, a grape, a peanut and a type H passkey on the mantelpiece.

There is a closed gateway leading east. There is a closed passageway leading west.

There is a berry, a kettle, a nest of kittens, a mouse, a banana and a non-euclidean latchkey on the floor.
WARNING:root:look
WARNING:root:0
WARNING:root:--------
WARNING:root:44
WARNING:root:
You arrive in a bedroom. An usual one. Let's see what's in here.

You make out a safe. Empty! What kind of nightmare TextWorld is this? You can see a non-euclidean box. Hey, want to see a mantelpiece? Look over there, a mantelpiece. You see a huckleberry, a burger, a grape, a peanut and a type H passkey on the mantelpiece.

There is a closed gateway leading east. There is a closed passageway leading west.

There is a berry, a kettle, a nest of kittens, a mouse, a banana and a non-euclidean latchkey on the floor.
WARNING:root:examine mouse
WARNING:root:0
WARNING:root:--------
WARNING:root:45
WARNING:root:
You arrive in a bedroom. An usual one. Let's see what's in here.

You make out a safe. Empty! What kind of nightmare TextWorld is this? You can see a non-euclidean box. Hey, want to see a mantelpiece? Look over there, a mantelpiece. You see a huckleberry, a burger, a grape, a peanut and a type H passkey on the mantelpiece.

There is a closed gateway leading east. There is a closed passageway leading west.

There is a berry, a kettle, a nest of kittens, a mouse, a banana and a non-euclidean latchkey on the floor.
WARNING:root:put peanut on mantelpiece
WARNING:root:0
WARNING:root:--------
WARNING:root:46
WARNING:root:
You arrive in a bedroom. An usual one. Let's see what's in here.

You make out a safe. Empty! What kind of nightmare TextWorld is this? You can see a non-euclidean box. Hey, want to see a mantelpiece? Look over there, a mantelpiece. You see a huckleberry, a burger, a grape, a peanut and a type H passkey on the mantelpiece.

There is a closed gateway leading east. There is a closed passageway leading west.

There is a berry, a kettle, a nest of kittens, a mouse, a banana and a non-euclidean latchkey on the floor.
WARNING:root:lock non-euclidean box with non-euclidean latchkey
WARNING:root:0
WARNING:root:--------
WARNING:root:47
WARNING:root:
You arrive in a bedroom. An usual one. Let's see what's in here.

You make out a safe. Empty! What kind of nightmare TextWorld is this? You can see a non-euclidean box. Hey, want to see a mantelpiece? Look over there, a mantelpiece. You see a huckleberry, a burger, a grape, a peanut and a type H passkey on the mantelpiece.

There is a closed gateway leading east. There is a closed passageway leading west.

There is a berry, a kettle, a nest of kittens, a mouse, a banana and a non-euclidean latchkey on the floor.
WARNING:root:drop key
WARNING:root:0
WARNING:root:--------
WARNING:root:48
WARNING:root:
You arrive in a bedroom. An usual one. Let's see what's in here.

You make out a safe. Empty! What kind of nightmare TextWorld is this? You can see a non-euclidean box. Hey, want to see a mantelpiece? Look over there, a mantelpiece. You see a huckleberry, a burger, a grape, a peanut and a type H passkey on the mantelpiece.

There is a closed gateway leading east. There is a closed passageway leading west.

There is a berry, a kettle, a nest of kittens, a mouse, a banana and a non-euclidean latchkey on the floor.
WARNING:root:examine passageway
WARNING:root:0
WARNING:root:--------
WARNING:root:49
WARNING:root:
You arrive in a bedroom. An usual one. Let's see what's in here.

You make out a safe. Empty! What kind of nightmare TextWorld is this? You can see a non-euclidean box. Hey, want to see a mantelpiece? Look over there, a mantelpiece. You see a huckleberry, a burger, a grape, a peanut and a type H passkey on the mantelpiece.

There is a closed gateway leading east. There is a closed passageway leading west.

There is a berry, a kettle, a nest of kittens, a mouse, a banana and a non-euclidean latchkey on the floor.
WARNING:root:put printer on mantelpiece
WARNING:root:0
WARNING:root:--------
WARNING:root:50
WARNING:root:
You arrive in a bedroom. An usual one. Let's see what's in here.

You make out a safe. Empty! What kind of nightmare TextWorld is this? You can see a non-euclidean box. Hey, want to see a mantelpiece? Look over there, a mantelpiece. You see a printer, a huckleberry, a burger, a grape, a peanut and a type H passkey on the mantelpiece.

There is a closed gateway leading east. There is a closed passageway leading west.

There is a berry, a kettle, a nest of kittens, a mouse, a banana and a non-euclidean latchkey on the floor.
WARNING:root:unlock gateway with latchkey
WARNING:root:0
WARNING:root:--------
WARNING:root:51
WARNING:root:
You arrive in a bedroom. An usual one. Let's see what's in here.

You make out a safe. Empty! What kind of nightmare TextWorld is this? You can see a non-euclidean box. Hey, want to see a mantelpiece? Look over there, a mantelpiece. You see a printer, a huckleberry, a burger, a grape, a peanut and a type H passkey on the mantelpiece.

There is a closed gateway leading east. There is a closed passageway leading west.

There is a berry, a kettle, a nest of kittens, a mouse, a banana and a non-euclidean latchkey on the floor.
WARNING:root:drop nest of kittens
WARNING:root:0
WARNING:root:--------
WARNING:root:52
WARNING:root:
You arrive in a bedroom. An usual one. Let's see what's in here.

You make out a safe. Empty! What kind of nightmare TextWorld is this? You can see a non-euclidean box. Hey, want to see a mantelpiece? Look over there, a mantelpiece. You see a printer, a huckleberry, a burger, a grape, a peanut and a type H passkey on the mantelpiece.

There is a closed gateway leading east. There is a closed passageway leading west.

There is a berry, a kettle, a nest of kittens, a mouse, a banana and a non-euclidean latchkey on the floor.
WARNING:root:insert printer into non-euclidean box
WARNING:root:0
WARNING:root:--------
WARNING:root:53
WARNING:root:
You arrive in a bedroom. An usual one. Let's see what's in here.

You make out a safe. Empty! What kind of nightmare TextWorld is this? You can see a non-euclidean box. Hey, want to see a mantelpiece? Look over there, a mantelpiece. You see a printer, a huckleberry, a burger, a grape, a peanut and a type H passkey on the mantelpiece.

There is a closed gateway leading east. There is a closed passageway leading west.

There is a berry, a kettle, a nest of kittens, a mouse, a banana and a non-euclidean latchkey on the floor.
WARNING:root:drop printer
WARNING:root:0
WARNING:root:--------
WARNING:root:54
WARNING:root:
You arrive in a bedroom. An usual one. Let's see what's in here.

You make out a safe. Empty! What kind of nightmare TextWorld is this? You can see a non-euclidean box. Hey, want to see a mantelpiece? Look over there, a mantelpiece. You see a printer, a huckleberry, a burger, a grape, a peanut and a type H passkey on the mantelpiece.

There is a closed gateway leading east. There is a closed passageway leading west.

There is a berry, a kettle, a nest of kittens, a mouse, a banana and a non-euclidean latchkey on the floor.
WARNING:root:unlock gateway with latchkey
WARNING:root:0
WARNING:root:--------
WARNING:root:55
WARNING:root:
You arrive in a bedroom. An usual one. Let's see what's in here.

You make out a safe. Empty! What kind of nightmare TextWorld is this? You can see a non-euclidean box. Hey, want to see a mantelpiece? Look over there, a mantelpiece. You see a printer, a huckleberry, a burger, a grape, a peanut and a type H passkey on the mantelpiece.

There is a closed gateway leading east. There is a closed passageway leading west.

There is a berry, a kettle, a nest of kittens, a mouse, a banana and a non-euclidean latchkey on the floor.
WARNING:root:close gateway
WARNING:root:0
WARNING:root:--------
WARNING:root:56
WARNING:root:
You arrive in a bedroom. An usual one. Let's see what's in here.

You make out a safe. Empty! What kind of nightmare TextWorld is this? You can see a non-euclidean box. Hey, want to see a mantelpiece? Look over there, a mantelpiece. You see a printer, a huckleberry, a burger, a grape, a peanut and a type H passkey on the mantelpiece.

There is a closed gateway leading east. There is a closed passageway leading west.

There is a berry, a kettle, a nest of kittens, a mouse, a banana and a non-euclidean latchkey on the floor.
WARNING:root:take non-euclidean latchkey
WARNING:root:1
WARNING:root:--------
WARNING:root:57
WARNING:root:
You arrive in a bedroom. An usual one. Let's see what's in here.

You make out a safe. Empty! What kind of nightmare TextWorld is this? You can see a non-euclidean box. Hey, want to see a mantelpiece? Look over there, a mantelpiece. You see a printer, a huckleberry, a burger, a grape, a peanut and a type H passkey on the mantelpiece.

There is a closed gateway leading east. There is a closed passageway leading west.

There is a berry, a kettle, a nest of kittens, a mouse and a banana on the floor.
WARNING:root:insert salad into non-euclidean box
WARNING:root:0
WARNING:root:--------
WARNING:root:58
WARNING:root:
You arrive in a bedroom. An usual one. Let's see what's in here.

You make out a safe. Empty! What kind of nightmare TextWorld is this? You can see a non-euclidean box. Hey, want to see a mantelpiece? Look over there, a mantelpiece. You see a printer, a huckleberry, a burger, a grape, a peanut and a type H passkey on the mantelpiece.

There is a closed gateway leading east. There is a closed passageway leading west.

There is a berry, a kettle, a nest of kittens, a mouse and a banana on the floor.
WARNING:root:insert nest of kittens into non-euclidean box
WARNING:root:0
WARNING:root:--------
WARNING:root:59
WARNING:root:
You arrive in a bedroom. An usual one. Let's see what's in here.

You make out a safe. Empty! What kind of nightmare TextWorld is this? You can see a non-euclidean box. Hey, want to see a mantelpiece? Look over there, a mantelpiece. You see a printer, a huckleberry, a burger, a grape, a peanut and a type H passkey on the mantelpiece.

There is a closed gateway leading east. There is a closed passageway leading west.

There is a berry, a kettle, a nest of kittens, a mouse and a banana on the floor.
WARNING:root:drop banana
WARNING:root:0
WARNING:root:--------
WARNING:root:60
WARNING:root:
You arrive in a bedroom. An usual one. Let's see what's in here.

You make out a safe. Empty! What kind of nightmare TextWorld is this? You can see a non-euclidean box. Hey, want to see a mantelpiece? Look over there, a mantelpiece. You see a printer, a huckleberry, a burger, a grape, a peanut and a type H passkey on the mantelpiece.

There is a closed gateway leading east. There is a closed passageway leading west.

There is a berry, a kettle, a nest of kittens, a mouse and a banana on the floor.
WARNING:root:eat grape
WARNING:root:0
