WARNING:root:Parameters
WARNING:root:--------
WARNING:root:1
WARNING:root:
You find yourself in a scullery. A typical one.

You scan the room for a counter, and you find a counter. The counter appears to be empty. It would have been so cool if there was stuff on the counter.

There is a closed gateway leading south. There is an open door leading east.



WARNING:root:open type box
WARNING:root:0
WARNING:root:--------
WARNING:root:2
WARNING:root:
You find yourself in a scullery. A typical one.

You scan the room for a counter, and you find a counter. The counter appears to be empty. It would have been so cool if there was stuff on the counter.

There is a closed gateway leading south. There is an open door leading east.



WARNING:root:examine shelf
WARNING:root:0
WARNING:root:--------
WARNING:root:3
WARNING:root:
You find yourself in a scullery. A typical one.

You scan the room for a counter, and you find a counter. The counter appears to be empty. It would have been so cool if there was stuff on the counter.

There is a closed gateway leading south. There is an open door leading east.



WARNING:root:insert frisbee into toolbox
WARNING:root:0
WARNING:root:--------
WARNING:root:4
WARNING:root:
You find yourself in a scullery. A typical one.

You scan the room for a counter, and you find a counter. The counter appears to be empty. It would have been so cool if there was stuff on the counter.

There is a closed gateway leading south. There is an open door leading east.



WARNING:root:put insect on shelf
WARNING:root:0
WARNING:root:--------
WARNING:root:5
WARNING:root:
You find yourself in a scullery. A typical one.

You scan the room for a counter, and you find a counter. The counter appears to be empty. It would have been so cool if there was stuff on the counter.

There is a closed gateway leading south. There is an open door leading east.



WARNING:root:insert type passkey into spherical locker
WARNING:root:0
WARNING:root:--------
WARNING:root:6
WARNING:root:
You find yourself in a scullery. A typical one.

You scan the room for a counter, and you find a counter. The counter appears to be empty. It would have been so cool if there was stuff on the counter.

There is a closed gateway leading south. There is an open door leading east.



WARNING:root:examine gateway
WARNING:root:0
WARNING:root:--------
WARNING:root:7
WARNING:root:
You find yourself in a scullery. A typical one.

You scan the room for a counter, and you find a counter. The counter appears to be empty. It would have been so cool if there was stuff on the counter.

There is a closed gateway leading south. There is an open door leading east.



WARNING:root:take insect from spherical locker
WARNING:root:0
WARNING:root:--------
WARNING:root:8
WARNING:root:
You find yourself in a scullery. A typical one.

You scan the room for a counter, and you find a counter. The counter appears to be empty. It would have been so cool if there was stuff on the counter.

There is a closed gateway leading south. There is an open door leading east.



WARNING:root:take insect from toolbox
WARNING:root:0
WARNING:root:--------
WARNING:root:9
WARNING:root:
You find yourself in a scullery. A typical one.

You scan the room for a counter, and you find a counter. The counter appears to be empty. It would have been so cool if there was stuff on the counter.

There is a closed gateway leading south. There is an open door leading east.



WARNING:root:drop type passkey
WARNING:root:0
WARNING:root:--------
WARNING:root:10
WARNING:root:
You find yourself in a scullery. A typical one.

You scan the room for a counter, and you find a counter. The counter appears to be empty. It would have been so cool if there was stuff on the counter.

There is a closed gateway leading south. There is an open door leading east.



WARNING:root:take frisbee from type box
WARNING:root:0
WARNING:root:--------
WARNING:root:1
WARNING:root:
You find yourself in a scullery. A typical one.

You scan the room for a counter, and you find a counter. The counter appears to be empty. It would have been so cool if there was stuff on the counter.

There is a closed gateway leading south. There is an open door leading east.



WARNING:root:take latchkey from type box
WARNING:root:0
WARNING:root:--------
WARNING:root:2
WARNING:root:
You find yourself in a scullery. A typical one.

You scan the room for a counter, and you find a counter. The counter appears to be empty. It would have been so cool if there was stuff on the counter.

There is a closed gateway leading south. There is an open door leading east.



WARNING:root:examine counter
WARNING:root:0
WARNING:root:--------
WARNING:root:3
WARNING:root:
You find yourself in a scullery. A typical one.

You scan the room for a counter, and you find a counter. The counter appears to be empty. It would have been so cool if there was stuff on the counter.

There is a closed gateway leading south. There is an open door leading east.



WARNING:root:take insect
WARNING:root:0
WARNING:root:--------
WARNING:root:4
WARNING:root:
You find yourself in a scullery. A typical one.

You scan the room for a counter, and you find a counter. The counter appears to be empty. It would have been so cool if there was stuff on the counter.

There is a closed gateway leading south. There is an open door leading east.



WARNING:root:take insect
WARNING:root:0
WARNING:root:--------
WARNING:root:5
WARNING:root:
You find yourself in a scullery. A typical one.

You scan the room for a counter, and you find a counter. The counter appears to be empty. It would have been so cool if there was stuff on the counter.

There is a closed gateway leading south. There is an open door leading east.



WARNING:root:examine gateway
WARNING:root:0
WARNING:root:--------
WARNING:root:6
WARNING:root:
You find yourself in a scullery. A typical one.

You scan the room for a counter, and you find a counter. The counter appears to be empty. It would have been so cool if there was stuff on the counter.

There is a closed gateway leading south. There is an open door leading east.



WARNING:root:take frisbee from type box
WARNING:root:0
WARNING:root:--------
WARNING:root:7
WARNING:root:
You find yourself in a scullery. A typical one.

You scan the room for a counter, and you find a counter. The counter appears to be empty. It would have been so cool if there was stuff on the counter.

There is a closed gateway leading south. There is an open door leading east.



WARNING:root:examine door
WARNING:root:0
WARNING:root:--------
WARNING:root:8
WARNING:root:
You find yourself in a scullery. A typical one.

You scan the room for a counter, and you find a counter. The counter appears to be empty. It would have been so cool if there was stuff on the counter.

There is a closed gateway leading south. There is an open door leading east.



WARNING:root:put insect on shelf
WARNING:root:0
WARNING:root:--------
WARNING:root:9
WARNING:root:
You find yourself in a scullery. A typical one.

You scan the room for a counter, and you find a counter. The counter appears to be empty. It would have been so cool if there was stuff on the counter.

There is a closed gateway leading south. There is an open door leading east.



WARNING:root:go south
WARNING:root:0
WARNING:root:--------
WARNING:root:10
WARNING:root:
You find yourself in a scullery. A typical one.

You scan the room for a counter, and you find a counter. The counter appears to be empty. It would have been so cool if there was stuff on the counter.

There is a closed gateway leading south. There is an open door leading east.



WARNING:root:inventory
WARNING:root:0
WARNING:root:--------
WARNING:root:1
WARNING:root:
You find yourself in a scullery. A typical one.

You scan the room for a counter, and you find a counter. The counter appears to be empty. It would have been so cool if there was stuff on the counter.

There is a closed gateway leading south. There is an open door leading east.



WARNING:root:insert frisbee into type box
WARNING:root:0
WARNING:root:--------
WARNING:root:2
WARNING:root:
You find yourself in a scullery. A typical one.

You scan the room for a counter, and you find a counter. The counter appears to be empty. It would have been so cool if there was stuff on the counter.

There is a closed gateway leading south. There is an open door leading east.



WARNING:root:examine frisbee
WARNING:root:0
WARNING:root:--------
WARNING:root:3
WARNING:root:
You find yourself in a scullery. A typical one.

You scan the room for a counter, and you find a counter. The counter appears to be empty. It would have been so cool if there was stuff on the counter.

There is a closed gateway leading south. There is an open door leading east.



WARNING:root:take type passkey from type box
WARNING:root:0
WARNING:root:--------
WARNING:root:4
WARNING:root:
You find yourself in a scullery. A typical one.

You scan the room for a counter, and you find a counter. The counter appears to be empty. It would have been so cool if there was stuff on the counter.

There is a closed gateway leading south. There is an open door leading east.



WARNING:root:take latchkey from shelf
WARNING:root:0
WARNING:root:--------
WARNING:root:5
WARNING:root:
You find yourself in a scullery. A typical one.

You scan the room for a counter, and you find a counter. The counter appears to be empty. It would have been so cool if there was stuff on the counter.

There is a closed gateway leading south. There is an open door leading east.



WARNING:root:take frisbee from type box
WARNING:root:0
WARNING:root:--------
WARNING:root:6
WARNING:root:
You find yourself in a scullery. A typical one.

You scan the room for a counter, and you find a counter. The counter appears to be empty. It would have been so cool if there was stuff on the counter.

There is a closed gateway leading south. There is an open door leading east.



WARNING:root:drop frisbee
WARNING:root:0
WARNING:root:--------
WARNING:root:7
WARNING:root:
You find yourself in a scullery. A typical one.

You scan the room for a counter, and you find a counter. The counter appears to be empty. It would have been so cool if there was stuff on the counter.

There is a closed gateway leading south. There is an open door leading east.

There is a frisbee on the floor.


WARNING:root:examine latchkey
WARNING:root:0
WARNING:root:--------
WARNING:root:8
WARNING:root:
You find yourself in a scullery. A typical one.

You scan the room for a counter, and you find a counter. The counter appears to be empty. It would have been so cool if there was stuff on the counter.

There is a closed gateway leading south. There is an open door leading east.

There is a frisbee on the floor.


WARNING:root:put type passkey on shelf
WARNING:root:0
WARNING:root:--------
WARNING:root:9
WARNING:root:
You find yourself in a scullery. A typical one.

You scan the room for a counter, and you find a counter. The counter appears to be empty. It would have been so cool if there was stuff on the counter.

There is a closed gateway leading south. There is an open door leading east.

There is a frisbee on the floor.


WARNING:root:put type passkey on counter
WARNING:root:0
WARNING:root:--------
WARNING:root:10
WARNING:root:
You find yourself in a scullery. A typical one.

You scan the room for a counter, and you find a counter. The counter appears to be empty. It would have been so cool if there was stuff on the counter.

There is a closed gateway leading south. There is an open door leading east.

There is a frisbee on the floor.


WARNING:root:examine spherical keycard
WARNING:root:0
WARNING:root:--------
WARNING:root:1
WARNING:root:
You find yourself in a scullery. A typical one.

You scan the room for a counter, and you find a counter. The counter appears to be empty. It would have been so cool if there was stuff on the counter.

There is a closed gateway leading south. There is an open door leading east.



WARNING:root:take latchkey from shelf
WARNING:root:0
WARNING:root:--------
WARNING:root:2
WARNING:root:
You find yourself in a scullery. A typical one.

You scan the room for a counter, and you find a counter. The counter appears to be empty. It would have been so cool if there was stuff on the counter.

There is a closed gateway leading south. There is an open door leading east.



WARNING:root:open gateway
WARNING:root:0
WARNING:root:--------
WARNING:root:3
WARNING:root:
You find yourself in a scullery. A typical one.

You scan the room for a counter, and you find a counter. The counter appears to be empty. It would have been so cool if there was stuff on the counter.

There is an open gateway leading south. There is an open door leading east.



WARNING:root:insert type passkey into toolbox
WARNING:root:0
WARNING:root:--------
WARNING:root:4
WARNING:root:
You find yourself in a scullery. A typical one.

You scan the room for a counter, and you find a counter. The counter appears to be empty. It would have been so cool if there was stuff on the counter.

There is an open gateway leading south. There is an open door leading east.



WARNING:root:unlock type box with type passkey
WARNING:root:0
WARNING:root:--------
WARNING:root:5
WARNING:root:
You find yourself in a scullery. A typical one.

You scan the room for a counter, and you find a counter. The counter appears to be empty. It would have been so cool if there was stuff on the counter.

There is an open gateway leading south. There is an open door leading east.



WARNING:root:take spherical keycard from toolbox
WARNING:root:0
WARNING:root:--------
WARNING:root:6
WARNING:root:
You find yourself in a scullery. A typical one.

You scan the room for a counter, and you find a counter. The counter appears to be empty. It would have been so cool if there was stuff on the counter.

There is an open gateway leading south. There is an open door leading east.



WARNING:root:drop latchkey
WARNING:root:0
WARNING:root:--------
WARNING:root:7
WARNING:root:
You find yourself in a scullery. A typical one.

You scan the room for a counter, and you find a counter. The counter appears to be empty. It would have been so cool if there was stuff on the counter.

There is an open gateway leading south. There is an open door leading east.



WARNING:root:take frisbee from shelf
WARNING:root:0
WARNING:root:--------
WARNING:root:8
WARNING:root:
You find yourself in a scullery. A typical one.

You scan the room for a counter, and you find a counter. The counter appears to be empty. It would have been so cool if there was stuff on the counter.

There is an open gateway leading south. There is an open door leading east.



WARNING:root:examine insect
WARNING:root:0
WARNING:root:--------
WARNING:root:9
WARNING:root:
You find yourself in a scullery. A typical one.

You scan the room for a counter, and you find a counter. The counter appears to be empty. It would have been so cool if there was stuff on the counter.

There is an open gateway leading south. There is an open door leading east.



WARNING:root:unlock spherical locker with spherical keycard
WARNING:root:0
WARNING:root:--------
WARNING:root:10
WARNING:root:
You find yourself in a scullery. A typical one.

You scan the room for a counter, and you find a counter. The counter appears to be empty. It would have been so cool if there was stuff on the counter.

There is an open gateway leading south. There is an open door leading east.



WARNING:root:take insect from counter
WARNING:root:0
WARNING:root:--------
WARNING:root:1
WARNING:root:
You find yourself in a scullery. A typical one.

You scan the room for a counter, and you find a counter. The counter appears to be empty. It would have been so cool if there was stuff on the counter.

There is a closed gateway leading south. There is an open door leading east.



WARNING:root:drop insect
WARNING:root:0
WARNING:root:--------
WARNING:root:2
WARNING:root:
You find yourself in a scullery. A typical one.

You scan the room for a counter, and you find a counter. The counter appears to be empty. It would have been so cool if there was stuff on the counter.

There is a closed gateway leading south. There is an open door leading east.



WARNING:root:take type passkey from toolbox
WARNING:root:0
WARNING:root:--------
WARNING:root:3
WARNING:root:
You find yourself in a scullery. A typical one.

You scan the room for a counter, and you find a counter. The counter appears to be empty. It would have been so cool if there was stuff on the counter.

There is a closed gateway leading south. There is an open door leading east.



WARNING:root:insert spherical keycard into toolbox
WARNING:root:0
WARNING:root:--------
WARNING:root:4
WARNING:root:
You find yourself in a scullery. A typical one.

You scan the room for a counter, and you find a counter. The counter appears to be empty. It would have been so cool if there was stuff on the counter.

There is a closed gateway leading south. There is an open door leading east.



WARNING:root:examine type passkey
WARNING:root:0
WARNING:root:--------
WARNING:root:5
WARNING:root:
You find yourself in a scullery. A typical one.

You scan the room for a counter, and you find a counter. The counter appears to be empty. It would have been so cool if there was stuff on the counter.

There is a closed gateway leading south. There is an open door leading east.



WARNING:root:take frisbee from spherical locker
WARNING:root:0
WARNING:root:--------
WARNING:root:6
WARNING:root:
You find yourself in a scullery. A typical one.

You scan the room for a counter, and you find a counter. The counter appears to be empty. It would have been so cool if there was stuff on the counter.

There is a closed gateway leading south. There is an open door leading east.



WARNING:root:go west
WARNING:root:0
WARNING:root:--------
WARNING:root:7
WARNING:root:
You find yourself in a scullery. A typical one.

You scan the room for a counter, and you find a counter. The counter appears to be empty. It would have been so cool if there was stuff on the counter.

There is a closed gateway leading south. There is an open door leading east.



WARNING:root:insert spherical keycard into spherical locker
WARNING:root:0
WARNING:root:--------
WARNING:root:8
WARNING:root:
You find yourself in a scullery. A typical one.

You scan the room for a counter, and you find a counter. The counter appears to be empty. It would have been so cool if there was stuff on the counter.

There is a closed gateway leading south. There is an open door leading east.



WARNING:root:go south
WARNING:root:0
WARNING:root:--------
WARNING:root:9
WARNING:root:
You find yourself in a scullery. A typical one.

You scan the room for a counter, and you find a counter. The counter appears to be empty. It would have been so cool if there was stuff on the counter.

There is a closed gateway leading south. There is an open door leading east.



WARNING:root:put type passkey on counter
WARNING:root:0
WARNING:root:--------
WARNING:root:10
WARNING:root:
You find yourself in a scullery. A typical one.

You scan the room for a counter, and you find a counter. The counter appears to be empty. It would have been so cool if there was stuff on the counter.

There is a closed gateway leading south. There is an open door leading east.



WARNING:root:examine counter
WARNING:root:0
WARNING:root:--------
WARNING:root:1
WARNING:root:
You find yourself in a scullery. A typical one.

You scan the room for a counter, and you find a counter. The counter appears to be empty. It would have been so cool if there was stuff on the counter.

There is a closed gateway leading south. There is an open door leading east.



WARNING:root:insert insect into toolbox
WARNING:root:0
WARNING:root:--------
WARNING:root:2
WARNING:root:
You find yourself in a scullery. A typical one.

You scan the room for a counter, and you find a counter. The counter appears to be empty. It would have been so cool if there was stuff on the counter.

There is a closed gateway leading south. There is an open door leading east.



WARNING:root:insert frisbee into toolbox
WARNING:root:0
WARNING:root:--------
WARNING:root:3
WARNING:root:
You find yourself in a scullery. A typical one.

You scan the room for a counter, and you find a counter. The counter appears to be empty. It would have been so cool if there was stuff on the counter.

There is a closed gateway leading south. There is an open door leading east.



WARNING:root:unlock spherical locker with spherical keycard
WARNING:root:0
WARNING:root:--------
WARNING:root:4
WARNING:root:
You find yourself in a scullery. A typical one.

You scan the room for a counter, and you find a counter. The counter appears to be empty. It would have been so cool if there was stuff on the counter.

There is a closed gateway leading south. There is an open door leading east.



WARNING:root:take type passkey from toolbox
WARNING:root:0
WARNING:root:--------
WARNING:root:5
WARNING:root:
You find yourself in a scullery. A typical one.

You scan the room for a counter, and you find a counter. The counter appears to be empty. It would have been so cool if there was stuff on the counter.

There is a closed gateway leading south. There is an open door leading east.



WARNING:root:examine spherical locker
WARNING:root:0
WARNING:root:--------
WARNING:root:6
WARNING:root:
You find yourself in a scullery. A typical one.

You scan the room for a counter, and you find a counter. The counter appears to be empty. It would have been so cool if there was stuff on the counter.

There is a closed gateway leading south. There is an open door leading east.



WARNING:root:insert spherical keycard into type box
WARNING:root:0
WARNING:root:--------
WARNING:root:7
WARNING:root:
You find yourself in a scullery. A typical one.

You scan the room for a counter, and you find a counter. The counter appears to be empty. It would have been so cool if there was stuff on the counter.

There is a closed gateway leading south. There is an open door leading east.



WARNING:root:insert insect into spherical locker
WARNING:root:0
WARNING:root:--------
WARNING:root:8
WARNING:root:
You find yourself in a scullery. A typical one.

You scan the room for a counter, and you find a counter. The counter appears to be empty. It would have been so cool if there was stuff on the counter.

There is a closed gateway leading south. There is an open door leading east.



WARNING:root:take spherical keycard from counter
WARNING:root:0
WARNING:root:--------
WARNING:root:9
WARNING:root:
You find yourself in a scullery. A typical one.

You scan the room for a counter, and you find a counter. The counter appears to be empty. It would have been so cool if there was stuff on the counter.

There is a closed gateway leading south. There is an open door leading east.



WARNING:root:put insect on counter
WARNING:root:0
WARNING:root:--------
WARNING:root:10
WARNING:root:
You find yourself in a scullery. A typical one.

You scan the room for a counter, and you find a counter. The counter appears to be empty. It would have been so cool if there was stuff on the counter.

There is a closed gateway leading south. There is an open door leading east.



WARNING:root:take frisbee from spherical locker
WARNING:root:0
WARNING:root:--------
WARNING:root:1
WARNING:root:
You find yourself in a scullery. A typical one.

You scan the room for a counter, and you find a counter. The counter appears to be empty. It would have been so cool if there was stuff on the counter.

There is a closed gateway leading south. There is an open door leading east.



WARNING:root:insert latchkey into toolbox
WARNING:root:0
WARNING:root:--------
WARNING:root:2
WARNING:root:
You find yourself in a scullery. A typical one.

You scan the room for a counter, and you find a counter. The counter appears to be empty. It would have been so cool if there was stuff on the counter.

There is a closed gateway leading south. There is an open door leading east.



WARNING:root:take insect from shelf
WARNING:root:0
WARNING:root:--------
WARNING:root:3
WARNING:root:
You find yourself in a scullery. A typical one.

You scan the room for a counter, and you find a counter. The counter appears to be empty. It would have been so cool if there was stuff on the counter.

There is a closed gateway leading south. There is an open door leading east.



WARNING:root:insert spherical keycard into spherical locker
WARNING:root:0
WARNING:root:--------
WARNING:root:4
WARNING:root:
You find yourself in a scullery. A typical one.

You scan the room for a counter, and you find a counter. The counter appears to be empty. It would have been so cool if there was stuff on the counter.

There is a closed gateway leading south. There is an open door leading east.



WARNING:root:take spherical keycard from counter
WARNING:root:0
WARNING:root:--------
WARNING:root:5
WARNING:root:
You find yourself in a scullery. A typical one.

You scan the room for a counter, and you find a counter. The counter appears to be empty. It would have been so cool if there was stuff on the counter.

There is a closed gateway leading south. There is an open door leading east.



WARNING:root:insert frisbee into toolbox
WARNING:root:0
WARNING:root:--------
WARNING:root:6
WARNING:root:
You find yourself in a scullery. A typical one.

You scan the room for a counter, and you find a counter. The counter appears to be empty. It would have been so cool if there was stuff on the counter.

There is a closed gateway leading south. There is an open door leading east.



WARNING:root:open toolbox
WARNING:root:0
WARNING:root:--------
WARNING:root:7
WARNING:root:
You find yourself in a scullery. A typical one.

You scan the room for a counter, and you find a counter. The counter appears to be empty. It would have been so cool if there was stuff on the counter.

There is a closed gateway leading south. There is an open door leading east.



WARNING:root:inventory
WARNING:root:0
WARNING:root:--------
WARNING:root:8
WARNING:root:
You find yourself in a scullery. A typical one.

You scan the room for a counter, and you find a counter. The counter appears to be empty. It would have been so cool if there was stuff on the counter.

There is a closed gateway leading south. There is an open door leading east.



WARNING:root:examine insect
WARNING:root:0
WARNING:root:--------
WARNING:root:9
WARNING:root:
You find yourself in a scullery. A typical one.

You scan the room for a counter, and you find a counter. The counter appears to be empty. It would have been so cool if there was stuff on the counter.

There is a closed gateway leading south. There is an open door leading east.



WARNING:root:unlock type box with type passkey
WARNING:root:0
WARNING:root:--------
WARNING:root:10
WARNING:root:
You find yourself in a scullery. A typical one.

You scan the room for a counter, and you find a counter. The counter appears to be empty. It would have been so cool if there was stuff on the counter.

There is a closed gateway leading south. There is an open door leading east.



WARNING:root:insert latchkey into type box
WARNING:root:0
WARNING:root:--------
WARNING:root:1
WARNING:root:
You find yourself in a scullery. A typical one.

You scan the room for a counter, and you find a counter. The counter appears to be empty. It would have been so cool if there was stuff on the counter.

There is a closed gateway leading south. There is an open door leading east.



WARNING:root:put type passkey on shelf
WARNING:root:0
WARNING:root:--------
WARNING:root:2
WARNING:root:
You find yourself in a scullery. A typical one.

You scan the room for a counter, and you find a counter. The counter appears to be empty. It would have been so cool if there was stuff on the counter.

There is a closed gateway leading south. There is an open door leading east.



WARNING:root:put latchkey on counter
WARNING:root:0
WARNING:root:--------
WARNING:root:3
WARNING:root:
You find yourself in a scullery. A typical one.

You scan the room for a counter, and you find a counter. The counter appears to be empty. It would have been so cool if there was stuff on the counter.

There is a closed gateway leading south. There is an open door leading east.



WARNING:root:open toolbox
WARNING:root:0
WARNING:root:--------
WARNING:root:4
WARNING:root:
You find yourself in a scullery. A typical one.

You scan the room for a counter, and you find a counter. The counter appears to be empty. It would have been so cool if there was stuff on the counter.

There is a closed gateway leading south. There is an open door leading east.



WARNING:root:put frisbee on shelf
WARNING:root:0
WARNING:root:--------
WARNING:root:5
WARNING:root:
You find yourself in a scullery. A typical one.

You scan the room for a counter, and you find a counter. The counter appears to be empty. It would have been so cool if there was stuff on the counter.

There is a closed gateway leading south. There is an open door leading east.



WARNING:root:examine toolbox
WARNING:root:0
WARNING:root:--------
WARNING:root:6
WARNING:root:
You find yourself in a scullery. A typical one.

You scan the room for a counter, and you find a counter. The counter appears to be empty. It would have been so cool if there was stuff on the counter.

There is a closed gateway leading south. There is an open door leading east.



WARNING:root:put insect on shelf
WARNING:root:0
WARNING:root:--------
WARNING:root:7
WARNING:root:
You find yourself in a scullery. A typical one.

You scan the room for a counter, and you find a counter. The counter appears to be empty. It would have been so cool if there was stuff on the counter.

There is a closed gateway leading south. There is an open door leading east.



WARNING:root:examine insect
WARNING:root:0
WARNING:root:--------
WARNING:root:8
WARNING:root:
You find yourself in a scullery. A typical one.

You scan the room for a counter, and you find a counter. The counter appears to be empty. It would have been so cool if there was stuff on the counter.

There is a closed gateway leading south. There is an open door leading east.



WARNING:root:drop insect
WARNING:root:0
WARNING:root:--------
WARNING:root:9
WARNING:root:
You find yourself in a scullery. A typical one.

You scan the room for a counter, and you find a counter. The counter appears to be empty. It would have been so cool if there was stuff on the counter.

There is a closed gateway leading south. There is an open door leading east.



WARNING:root:take insect from shelf
WARNING:root:0
WARNING:root:--------
WARNING:root:10
WARNING:root:
You find yourself in a scullery. A typical one.

You scan the room for a counter, and you find a counter. The counter appears to be empty. It would have been so cool if there was stuff on the counter.

There is a closed gateway leading south. There is an open door leading east.



WARNING:root:put spherical keycard on counter
WARNING:root:0
WARNING:root:--------
WARNING:root:1
WARNING:root:
You find yourself in a scullery. A typical one.

You scan the room for a counter, and you find a counter. The counter appears to be empty. It would have been so cool if there was stuff on the counter.

There is a closed gateway leading south. There is an open door leading east.



WARNING:root:drop spherical keycard
WARNING:root:0
WARNING:root:--------
WARNING:root:2
WARNING:root:
You find yourself in a scullery. A typical one.

You scan the room for a counter, and you find a counter. The counter appears to be empty. It would have been so cool if there was stuff on the counter.

There is a closed gateway leading south. There is an open door leading east.



WARNING:root:take frisbee from shelf
WARNING:root:0
WARNING:root:--------
WARNING:root:3
WARNING:root:
You find yourself in a scullery. A typical one.

You scan the room for a counter, and you find a counter. The counter appears to be empty. It would have been so cool if there was stuff on the counter.

There is a closed gateway leading south. There is an open door leading east.



WARNING:root:take type passkey from toolbox
WARNING:root:0
WARNING:root:--------
WARNING:root:4
WARNING:root:
You find yourself in a scullery. A typical one.

You scan the room for a counter, and you find a counter. The counter appears to be empty. It would have been so cool if there was stuff on the counter.

There is a closed gateway leading south. There is an open door leading east.



WARNING:root:drop frisbee
WARNING:root:0
WARNING:root:--------
WARNING:root:5
WARNING:root:
You find yourself in a scullery. A typical one.

You scan the room for a counter, and you find a counter. The counter appears to be empty. It would have been so cool if there was stuff on the counter.

There is a closed gateway leading south. There is an open door leading east.

There is a frisbee on the floor.


WARNING:root:examine door
WARNING:root:0
WARNING:root:--------
WARNING:root:6
WARNING:root:
You find yourself in a scullery. A typical one.

You scan the room for a counter, and you find a counter. The counter appears to be empty. It would have been so cool if there was stuff on the counter.

There is a closed gateway leading south. There is an open door leading east.

There is a frisbee on the floor.


WARNING:root:look
WARNING:root:0
WARNING:root:--------
WARNING:root:7
WARNING:root:
You find yourself in a scullery. A typical one.

You scan the room for a counter, and you find a counter. The counter appears to be empty. It would have been so cool if there was stuff on the counter.

There is a closed gateway leading south. There is an open door leading east.

There is a frisbee on the floor.


WARNING:root:go north
WARNING:root:0
WARNING:root:--------
WARNING:root:8
WARNING:root:
You find yourself in a scullery. A typical one.

You scan the room for a counter, and you find a counter. The counter appears to be empty. It would have been so cool if there was stuff on the counter.

There is a closed gateway leading south. There is an open door leading east.

There is a frisbee on the floor.


WARNING:root:open spherical locker
WARNING:root:0
WARNING:root:--------
WARNING:root:9
WARNING:root:
You find yourself in a scullery. A typical one.

You scan the room for a counter, and you find a counter. The counter appears to be empty. It would have been so cool if there was stuff on the counter.

There is a closed gateway leading south. There is an open door leading east.

There is a frisbee on the floor.


WARNING:root:take spherical keycard from counter
WARNING:root:0
WARNING:root:--------
WARNING:root:10
WARNING:root:
You find yourself in a scullery. A typical one.

You scan the room for a counter, and you find a counter. The counter appears to be empty. It would have been so cool if there was stuff on the counter.

There is a closed gateway leading south. There is an open door leading east.

There is a frisbee on the floor.


WARNING:root:lock spherical locker with spherical keycard
WARNING:root:0
WARNING:root:--------
WARNING:root:1
WARNING:root:
You find yourself in a scullery. A typical one.

You scan the room for a counter, and you find a counter. The counter appears to be empty. It would have been so cool if there was stuff on the counter.

There is a closed gateway leading south. There is an open door leading east.



WARNING:root:take insect from type box
WARNING:root:0
WARNING:root:--------
WARNING:root:2
WARNING:root:
You find yourself in a scullery. A typical one.

You scan the room for a counter, and you find a counter. The counter appears to be empty. It would have been so cool if there was stuff on the counter.

There is a closed gateway leading south. There is an open door leading east.



WARNING:root:take frisbee
WARNING:root:0
WARNING:root:--------
WARNING:root:3
WARNING:root:
You find yourself in a scullery. A typical one.

You scan the room for a counter, and you find a counter. The counter appears to be empty. It would have been so cool if there was stuff on the counter.

There is a closed gateway leading south. There is an open door leading east.



WARNING:root:examine type box
WARNING:root:0
WARNING:root:--------
WARNING:root:4
WARNING:root:
You find yourself in a scullery. A typical one.

You scan the room for a counter, and you find a counter. The counter appears to be empty. It would have been so cool if there was stuff on the counter.

There is a closed gateway leading south. There is an open door leading east.



WARNING:root:close type box
WARNING:root:0
WARNING:root:--------
WARNING:root:5
WARNING:root:
You find yourself in a scullery. A typical one.

You scan the room for a counter, and you find a counter. The counter appears to be empty. It would have been so cool if there was stuff on the counter.

There is a closed gateway leading south. There is an open door leading east.



WARNING:root:drop frisbee
WARNING:root:0
WARNING:root:--------
WARNING:root:6
WARNING:root:
You find yourself in a scullery. A typical one.

You scan the room for a counter, and you find a counter. The counter appears to be empty. It would have been so cool if there was stuff on the counter.

There is a closed gateway leading south. There is an open door leading east.

There is a frisbee on the floor.


WARNING:root:examine insect
WARNING:root:0
WARNING:root:--------
WARNING:root:7
WARNING:root:
You find yourself in a scullery. A typical one.

You scan the room for a counter, and you find a counter. The counter appears to be empty. It would have been so cool if there was stuff on the counter.

There is a closed gateway leading south. There is an open door leading east.

There is a frisbee on the floor.


WARNING:root:put spherical keycard on counter
WARNING:root:0
WARNING:root:--------
WARNING:root:8
WARNING:root:
You find yourself in a scullery. A typical one.

You scan the room for a counter, and you find a counter. The counter appears to be empty. It would have been so cool if there was stuff on the counter.

There is a closed gateway leading south. There is an open door leading east.

There is a frisbee on the floor.


WARNING:root:take type passkey from spherical locker
WARNING:root:0
WARNING:root:--------
WARNING:root:9
WARNING:root:
You find yourself in a scullery. A typical one.

You scan the room for a counter, and you find a counter. The counter appears to be empty. It would have been so cool if there was stuff on the counter.

There is a closed gateway leading south. There is an open door leading east.

There is a frisbee on the floor.


WARNING:root:examine shelf
WARNING:root:0
WARNING:root:--------
WARNING:root:10
WARNING:root:
You find yourself in a scullery. A typical one.

You scan the room for a counter, and you find a counter. The counter appears to be empty. It would have been so cool if there was stuff on the counter.

There is a closed gateway leading south. There is an open door leading east.

There is a frisbee on the floor.


WARNING:root:take type passkey
WARNING:root:0
