WARNING:root:Parameters
WARNING:root:--------
WARNING:root:1
WARNING:root:
This might come as a shock to you, but you've just moved into a cookery.



You don't like doors? Why not try going east, that entranceway is unguarded. There is an exit to the north. Don't worry, it is unblocked. You don't like doors? Why not try going south, that entranceway is unblocked. You need an unguarded exit? You should try going west.



WARNING:root:put cabbage on table
WARNING:root:0
WARNING:root:--------
WARNING:root:2
WARNING:root:
This might come as a shock to you, but you've just moved into a cookery.



You don't like doors? Why not try going east, that entranceway is unguarded. There is an exit to the north. Don't worry, it is unblocked. You don't like doors? Why not try going south, that entranceway is unblocked. You need an unguarded exit? You should try going west.



WARNING:root:drop mug
WARNING:root:0
WARNING:root:--------
WARNING:root:3
WARNING:root:
This might come as a shock to you, but you've just moved into a cookery.



You don't like doors? Why not try going east, that entranceway is unguarded. There is an exit to the north. Don't worry, it is unblocked. You don't like doors? Why not try going south, that entranceway is unblocked. You need an unguarded exit? You should try going west.

There is a mug on the floor.


WARNING:root:take telephone
WARNING:root:0
WARNING:root:--------
WARNING:root:4
WARNING:root:
This might come as a shock to you, but you've just moved into a cookery.



You don't like doors? Why not try going east, that entranceway is unguarded. There is an exit to the north. Don't worry, it is unblocked. You don't like doors? Why not try going south, that entranceway is unblocked. You need an unguarded exit? You should try going west.

There is a mug on the floor.


WARNING:root:examine stand
WARNING:root:0
WARNING:root:--------
WARNING:root:5
WARNING:root:
This might come as a shock to you, but you've just moved into a cookery.



You don't like doors? Why not try going east, that entranceway is unguarded. There is an exit to the north. Don't worry, it is unblocked. You don't like doors? Why not try going south, that entranceway is unblocked. You need an unguarded exit? You should try going west.

There is a mug on the floor.


WARNING:root:inventory
WARNING:root:0
WARNING:root:--------
WARNING:root:6
WARNING:root:
This might come as a shock to you, but you've just moved into a cookery.



You don't like doors? Why not try going east, that entranceway is unguarded. There is an exit to the north. Don't worry, it is unblocked. You don't like doors? Why not try going south, that entranceway is unblocked. You need an unguarded exit? You should try going west.

There is a mug on the floor.


WARNING:root:put shadfly on stand
WARNING:root:0
WARNING:root:--------
WARNING:root:7
WARNING:root:
This might come as a shock to you, but you've just moved into a cookery.



You don't like doors? Why not try going east, that entranceway is unguarded. There is an exit to the north. Don't worry, it is unblocked. You don't like doors? Why not try going south, that entranceway is unblocked. You need an unguarded exit? You should try going west.

There is a mug on the floor.


WARNING:root:go north
WARNING:root:1
WARNING:root:--------
WARNING:root:8
WARNING:root:
Okay, so you're in a study, cool, but is it normal? You better believe it is.

You can make out a closed safe, which looks normal, in the room.

There is an open door leading north. There is an exit to the east. Don't worry, it is unblocked. You need an unguarded exit? You should try going south.



WARNING:root:drop telephone
WARNING:root:0
WARNING:root:--------
WARNING:root:9
WARNING:root:
Okay, so you're in a study, cool, but is it normal? You better believe it is.

You can make out a closed safe, which looks normal, in the room.

There is an open door leading north. There is an exit to the east. Don't worry, it is unblocked. You need an unguarded exit? You should try going south.

There is a telephone on the floor.


WARNING:root:examine fondue
WARNING:root:0
WARNING:root:--------
WARNING:root:10
WARNING:root:
Okay, so you're in a study, cool, but is it normal? You better believe it is.

You can make out a closed safe, which looks normal, in the room.

There is an open door leading north. There is an exit to the east. Don't worry, it is unblocked. You need an unguarded exit? You should try going south.

There is a telephone on the floor.


WARNING:root:put cabbage on stand
WARNING:root:0
WARNING:root:--------
WARNING:root:11
WARNING:root:
Okay, so you're in a study, cool, but is it normal? You better believe it is.

You can make out a closed safe, which looks normal, in the room.

There is an open door leading north. There is an exit to the east. Don't worry, it is unblocked. You need an unguarded exit? You should try going south.

There is a telephone on the floor.


WARNING:root:examine locker
WARNING:root:0
WARNING:root:--------
WARNING:root:12
WARNING:root:
Okay, so you're in a study, cool, but is it normal? You better believe it is.

You can make out a closed safe, which looks normal, in the room.

There is an open door leading north. There is an exit to the east. Don't worry, it is unblocked. You need an unguarded exit? You should try going south.

There is a telephone on the floor.


WARNING:root:put fondue on table
WARNING:root:0
WARNING:root:--------
WARNING:root:13
WARNING:root:
Okay, so you're in a study, cool, but is it normal? You better believe it is.

You can make out a closed safe, which looks normal, in the room.

There is an open door leading north. There is an exit to the east. Don't worry, it is unblocked. You need an unguarded exit? You should try going south.

There is a telephone on the floor.


WARNING:root:look
WARNING:root:0
WARNING:root:--------
WARNING:root:14
WARNING:root:
Okay, so you're in a study, cool, but is it normal? You better believe it is.

You can make out a closed safe, which looks normal, in the room.

There is an open door leading north. There is an exit to the east. Don't worry, it is unblocked. You need an unguarded exit? You should try going south.

There is a telephone on the floor.


WARNING:root:eat sandwich
WARNING:root:-1.0
WARNING:root:Done
WARNING:root:--------
WARNING:root:1
WARNING:root:
This might come as a shock to you, but you've just moved into a cookery.



You don't like doors? Why not try going east, that entranceway is unguarded. There is an exit to the north. Don't worry, it is unblocked. You don't like doors? Why not try going south, that entranceway is unblocked. You need an unguarded exit? You should try going west.



WARNING:root:inventory
WARNING:root:0
WARNING:root:--------
WARNING:root:2
WARNING:root:
This might come as a shock to you, but you've just moved into a cookery.



You don't like doors? Why not try going east, that entranceway is unguarded. There is an exit to the north. Don't worry, it is unblocked. You don't like doors? Why not try going south, that entranceway is unblocked. You need an unguarded exit? You should try going west.



WARNING:root:take legume
WARNING:root:0
WARNING:root:--------
WARNING:root:3
WARNING:root:
This might come as a shock to you, but you've just moved into a cookery.



You don't like doors? Why not try going east, that entranceway is unguarded. There is an exit to the north. Don't worry, it is unblocked. You don't like doors? Why not try going south, that entranceway is unblocked. You need an unguarded exit? You should try going west.



WARNING:root:take mug
WARNING:root:0
WARNING:root:--------
WARNING:root:4
WARNING:root:
This might come as a shock to you, but you've just moved into a cookery.



You don't like doors? Why not try going east, that entranceway is unguarded. There is an exit to the north. Don't worry, it is unblocked. You don't like doors? Why not try going south, that entranceway is unblocked. You need an unguarded exit? You should try going west.



WARNING:root:put keyboard on stand
WARNING:root:0
WARNING:root:--------
WARNING:root:5
WARNING:root:
This might come as a shock to you, but you've just moved into a cookery.



You don't like doors? Why not try going east, that entranceway is unguarded. There is an exit to the north. Don't worry, it is unblocked. You don't like doors? Why not try going south, that entranceway is unblocked. You need an unguarded exit? You should try going west.



WARNING:root:drop shadfly
WARNING:root:0
WARNING:root:--------
WARNING:root:6
WARNING:root:
This might come as a shock to you, but you've just moved into a cookery.



You don't like doors? Why not try going east, that entranceway is unguarded. There is an exit to the north. Don't worry, it is unblocked. You don't like doors? Why not try going south, that entranceway is unblocked. You need an unguarded exit? You should try going west.

There is a shadfly on the floor.


WARNING:root:examine legume
WARNING:root:0
WARNING:root:--------
WARNING:root:7
WARNING:root:
This might come as a shock to you, but you've just moved into a cookery.



You don't like doors? Why not try going east, that entranceway is unguarded. There is an exit to the north. Don't worry, it is unblocked. You don't like doors? Why not try going south, that entranceway is unblocked. You need an unguarded exit? You should try going west.

There is a shadfly on the floor.


WARNING:root:examine shadfly
WARNING:root:0
WARNING:root:--------
WARNING:root:8
WARNING:root:
This might come as a shock to you, but you've just moved into a cookery.



You don't like doors? Why not try going east, that entranceway is unguarded. There is an exit to the north. Don't worry, it is unblocked. You don't like doors? Why not try going south, that entranceway is unblocked. You need an unguarded exit? You should try going west.

There is a shadfly on the floor.


WARNING:root:take mug
WARNING:root:0
WARNING:root:--------
WARNING:root:9
WARNING:root:
This might come as a shock to you, but you've just moved into a cookery.



You don't like doors? Why not try going east, that entranceway is unguarded. There is an exit to the north. Don't worry, it is unblocked. You don't like doors? Why not try going south, that entranceway is unblocked. You need an unguarded exit? You should try going west.

There is a shadfly on the floor.


WARNING:root:open safe
WARNING:root:0
WARNING:root:--------
WARNING:root:10
WARNING:root:
This might come as a shock to you, but you've just moved into a cookery.



You don't like doors? Why not try going east, that entranceway is unguarded. There is an exit to the north. Don't worry, it is unblocked. You don't like doors? Why not try going south, that entranceway is unblocked. You need an unguarded exit? You should try going west.

There is a shadfly on the floor.


WARNING:root:examine door
WARNING:root:0
WARNING:root:--------
WARNING:root:11
WARNING:root:
This might come as a shock to you, but you've just moved into a cookery.



You don't like doors? Why not try going east, that entranceway is unguarded. There is an exit to the north. Don't worry, it is unblocked. You don't like doors? Why not try going south, that entranceway is unblocked. You need an unguarded exit? You should try going west.

There is a shadfly on the floor.


WARNING:root:open locker
WARNING:root:0
WARNING:root:--------
WARNING:root:12
WARNING:root:
This might come as a shock to you, but you've just moved into a cookery.



You don't like doors? Why not try going east, that entranceway is unguarded. There is an exit to the north. Don't worry, it is unblocked. You don't like doors? Why not try going south, that entranceway is unblocked. You need an unguarded exit? You should try going west.

There is a shadfly on the floor.


WARNING:root:eat fondue
WARNING:root:-1.0
WARNING:root:Done
WARNING:root:--------
WARNING:root:1
WARNING:root:
This might come as a shock to you, but you've just moved into a cookery.



You don't like doors? Why not try going east, that entranceway is unguarded. There is an exit to the north. Don't worry, it is unblocked. You don't like doors? Why not try going south, that entranceway is unblocked. You need an unguarded exit? You should try going west.



WARNING:root:examine legume
WARNING:root:0
WARNING:root:--------
WARNING:root:2
WARNING:root:
This might come as a shock to you, but you've just moved into a cookery.



You don't like doors? Why not try going east, that entranceway is unguarded. There is an exit to the north. Don't worry, it is unblocked. You don't like doors? Why not try going south, that entranceway is unblocked. You need an unguarded exit? You should try going west.



WARNING:root:go west
WARNING:root:-1.0
WARNING:root:--------
WARNING:root:3
WARNING:root:
You are in a laundry place. A normal kind of place. You decide to just list off a complete list of everything you see in the room, because hey, why not?



There is a closed passageway leading west. There is an unguarded exit to the east. You don't like doors? Why not try going south, that entranceway is unblocked.

There is a sponge and a broom on the floor.


WARNING:root:examine telephone
WARNING:root:0
WARNING:root:--------
WARNING:root:4
WARNING:root:
You are in a laundry place. A normal kind of place. You decide to just list off a complete list of everything you see in the room, because hey, why not?



There is a closed passageway leading west. There is an unguarded exit to the east. You don't like doors? Why not try going south, that entranceway is unblocked.

There is a sponge and a broom on the floor.


WARNING:root:put shadfly on table
WARNING:root:0
WARNING:root:--------
WARNING:root:5
WARNING:root:
You are in a laundry place. A normal kind of place. You decide to just list off a complete list of everything you see in the room, because hey, why not?



There is a closed passageway leading west. There is an unguarded exit to the east. You don't like doors? Why not try going south, that entranceway is unblocked.

There is a sponge and a broom on the floor.


WARNING:root:put mug on stand
WARNING:root:0
WARNING:root:--------
WARNING:root:6
WARNING:root:
You are in a laundry place. A normal kind of place. You decide to just list off a complete list of everything you see in the room, because hey, why not?



There is a closed passageway leading west. There is an unguarded exit to the east. You don't like doors? Why not try going south, that entranceway is unblocked.

There is a sponge and a broom on the floor.


WARNING:root:drop mug
WARNING:root:0
WARNING:root:--------
WARNING:root:7
WARNING:root:
You are in a laundry place. A normal kind of place. You decide to just list off a complete list of everything you see in the room, because hey, why not?



There is a closed passageway leading west. There is an unguarded exit to the east. You don't like doors? Why not try going south, that entranceway is unblocked.

There is a mug, a sponge and a broom on the floor.


WARNING:root:examine sandwich
WARNING:root:0
WARNING:root:--------
WARNING:root:8
WARNING:root:
You are in a laundry place. A normal kind of place. You decide to just list off a complete list of everything you see in the room, because hey, why not?



There is a closed passageway leading west. There is an unguarded exit to the east. You don't like doors? Why not try going south, that entranceway is unblocked.

There is a mug, a sponge and a broom on the floor.


WARNING:root:open box
WARNING:root:0
WARNING:root:--------
WARNING:root:9
WARNING:root:
You are in a laundry place. A normal kind of place. You decide to just list off a complete list of everything you see in the room, because hey, why not?



There is a closed passageway leading west. There is an unguarded exit to the east. You don't like doors? Why not try going south, that entranceway is unblocked.

There is a mug, a sponge and a broom on the floor.


WARNING:root:examine loaf of bread
WARNING:root:0
WARNING:root:--------
WARNING:root:10
WARNING:root:
You are in a laundry place. A normal kind of place. You decide to just list off a complete list of everything you see in the room, because hey, why not?



There is a closed passageway leading west. There is an unguarded exit to the east. You don't like doors? Why not try going south, that entranceway is unblocked.

There is a mug, a sponge and a broom on the floor.


WARNING:root:take bug
WARNING:root:0
WARNING:root:--------
WARNING:root:11
WARNING:root:
You are in a laundry place. A normal kind of place. You decide to just list off a complete list of everything you see in the room, because hey, why not?



There is a closed passageway leading west. There is an unguarded exit to the east. You don't like doors? Why not try going south, that entranceway is unblocked.

There is a mug, a sponge and a broom on the floor.


WARNING:root:examine door
WARNING:root:0
WARNING:root:--------
WARNING:root:12
WARNING:root:
You are in a laundry place. A normal kind of place. You decide to just list off a complete list of everything you see in the room, because hey, why not?



There is a closed passageway leading west. There is an unguarded exit to the east. You don't like doors? Why not try going south, that entranceway is unblocked.

There is a mug, a sponge and a broom on the floor.


WARNING:root:examine locker
WARNING:root:0
WARNING:root:--------
WARNING:root:13
WARNING:root:
You are in a laundry place. A normal kind of place. You decide to just list off a complete list of everything you see in the room, because hey, why not?



There is a closed passageway leading west. There is an unguarded exit to the east. You don't like doors? Why not try going south, that entranceway is unblocked.

There is a mug, a sponge and a broom on the floor.


WARNING:root:drop mug
WARNING:root:0
WARNING:root:--------
WARNING:root:14
WARNING:root:
You are in a laundry place. A normal kind of place. You decide to just list off a complete list of everything you see in the room, because hey, why not?



There is a closed passageway leading west. There is an unguarded exit to the east. You don't like doors? Why not try going south, that entranceway is unblocked.

There is a mug, a sponge and a broom on the floor.


WARNING:root:put key on stand
WARNING:root:0
WARNING:root:--------
WARNING:root:15
WARNING:root:
You are in a laundry place. A normal kind of place. You decide to just list off a complete list of everything you see in the room, because hey, why not?



There is a closed passageway leading west. There is an unguarded exit to the east. You don't like doors? Why not try going south, that entranceway is unblocked.

There is a mug, a sponge and a broom on the floor.


WARNING:root:go east
WARNING:root:1
WARNING:root:--------
WARNING:root:16
WARNING:root:
This might come as a shock to you, but you've just moved into a cookery.



You don't like doors? Why not try going east, that entranceway is unguarded. There is an exit to the north. Don't worry, it is unblocked. You don't like doors? Why not try going south, that entranceway is unblocked. You need an unguarded exit? You should try going west.



WARNING:root:go north
WARNING:root:1
WARNING:root:--------
WARNING:root:17
WARNING:root:
Okay, so you're in a study, cool, but is it normal? You better believe it is.

You can make out a closed safe, which looks normal, in the room.

There is an open door leading north. There is an exit to the east. Don't worry, it is unblocked. You need an unguarded exit? You should try going south.



WARNING:root:examine legume
WARNING:root:0
WARNING:root:--------
WARNING:root:18
WARNING:root:
Okay, so you're in a study, cool, but is it normal? You better believe it is.

You can make out a closed safe, which looks normal, in the room.

There is an open door leading north. There is an exit to the east. Don't worry, it is unblocked. You need an unguarded exit? You should try going south.



WARNING:root:drop sandwich
WARNING:root:0
WARNING:root:--------
WARNING:root:19
WARNING:root:
Okay, so you're in a study, cool, but is it normal? You better believe it is.

You can make out a closed safe, which looks normal, in the room.

There is an open door leading north. There is an exit to the east. Don't worry, it is unblocked. You need an unguarded exit? You should try going south.

There is a sandwich on the floor.


WARNING:root:examine chocolate bar
WARNING:root:0
WARNING:root:--------
WARNING:root:20
WARNING:root:
Okay, so you're in a study, cool, but is it normal? You better believe it is.

You can make out a closed safe, which looks normal, in the room.

There is an open door leading north. There is an exit to the east. Don't worry, it is unblocked. You need an unguarded exit? You should try going south.

There is a sandwich on the floor.


WARNING:root:put type 3 latchkey on stand
WARNING:root:0
WARNING:root:--------
WARNING:root:21
WARNING:root:
Okay, so you're in a study, cool, but is it normal? You better believe it is.

You can make out a closed safe, which looks normal, in the room.

There is an open door leading north. There is an exit to the east. Don't worry, it is unblocked. You need an unguarded exit? You should try going south.

There is a sandwich on the floor.


WARNING:root:drop key
WARNING:root:0
WARNING:root:--------
WARNING:root:22
WARNING:root:
Okay, so you're in a study, cool, but is it normal? You better believe it is.

You can make out a closed safe, which looks normal, in the room.

There is an open door leading north. There is an exit to the east. Don't worry, it is unblocked. You need an unguarded exit? You should try going south.

There is a key and a sandwich on the floor.


WARNING:root:take mug
WARNING:root:0
WARNING:root:--------
WARNING:root:23
WARNING:root:
Okay, so you're in a study, cool, but is it normal? You better believe it is.

You can make out a closed safe, which looks normal, in the room.

There is an open door leading north. There is an exit to the east. Don't worry, it is unblocked. You need an unguarded exit? You should try going south.

There is a key and a sandwich on the floor.


WARNING:root:put cabbage on table
WARNING:root:0
WARNING:root:--------
WARNING:root:24
WARNING:root:
Okay, so you're in a study, cool, but is it normal? You better believe it is.

You can make out a closed safe, which looks normal, in the room.

There is an open door leading north. There is an exit to the east. Don't worry, it is unblocked. You need an unguarded exit? You should try going south.

There is a key and a sandwich on the floor.


WARNING:root:examine mug
WARNING:root:0
WARNING:root:--------
WARNING:root:25
WARNING:root:
Okay, so you're in a study, cool, but is it normal? You better believe it is.

You can make out a closed safe, which looks normal, in the room.

There is an open door leading north. There is an exit to the east. Don't worry, it is unblocked. You need an unguarded exit? You should try going south.

There is a key and a sandwich on the floor.


WARNING:root:examine keyboard
WARNING:root:0
WARNING:root:--------
WARNING:root:26
WARNING:root:
Okay, so you're in a study, cool, but is it normal? You better believe it is.

You can make out a closed safe, which looks normal, in the room.

There is an open door leading north. There is an exit to the east. Don't worry, it is unblocked. You need an unguarded exit? You should try going south.

There is a key and a sandwich on the floor.


WARNING:root:eat sandwich
WARNING:root:0
WARNING:root:--------
WARNING:root:27
WARNING:root:
Okay, so you're in a study, cool, but is it normal? You better believe it is.

You can make out a closed safe, which looks normal, in the room.

There is an open door leading north. There is an exit to the east. Don't worry, it is unblocked. You need an unguarded exit? You should try going south.

There is a key and a sandwich on the floor.


WARNING:root:open locker
WARNING:root:0
WARNING:root:--------
WARNING:root:28
WARNING:root:
Okay, so you're in a study, cool, but is it normal? You better believe it is.

You can make out a closed safe, which looks normal, in the room.

There is an open door leading north. There is an exit to the east. Don't worry, it is unblocked. You need an unguarded exit? You should try going south.

There is a key and a sandwich on the floor.


WARNING:root:take fondue
WARNING:root:0
WARNING:root:--------
WARNING:root:29
WARNING:root:
Okay, so you're in a study, cool, but is it normal? You better believe it is.

You can make out a closed safe, which looks normal, in the room.

There is an open door leading north. There is an exit to the east. Don't worry, it is unblocked. You need an unguarded exit? You should try going south.

There is a key and a sandwich on the floor.


WARNING:root:take legume
WARNING:root:0
WARNING:root:--------
WARNING:root:30
WARNING:root:
Okay, so you're in a study, cool, but is it normal? You better believe it is.

You can make out a closed safe, which looks normal, in the room.

There is an open door leading north. There is an exit to the east. Don't worry, it is unblocked. You need an unguarded exit? You should try going south.

There is a key and a sandwich on the floor.


WARNING:root:examine locker
WARNING:root:0
WARNING:root:--------
WARNING:root:31
WARNING:root:
Okay, so you're in a study, cool, but is it normal? You better believe it is.

You can make out a closed safe, which looks normal, in the room.

There is an open door leading north. There is an exit to the east. Don't worry, it is unblocked. You need an unguarded exit? You should try going south.

There is a key and a sandwich on the floor.


WARNING:root:examine chocolate bar
WARNING:root:0
WARNING:root:--------
WARNING:root:32
WARNING:root:
Okay, so you're in a study, cool, but is it normal? You better believe it is.

You can make out a closed safe, which looks normal, in the room.

There is an open door leading north. There is an exit to the east. Don't worry, it is unblocked. You need an unguarded exit? You should try going south.

There is a key and a sandwich on the floor.


WARNING:root:put type 3 latchkey on stand
WARNING:root:0
WARNING:root:--------
WARNING:root:33
WARNING:root:
Okay, so you're in a study, cool, but is it normal? You better believe it is.

You can make out a closed safe, which looks normal, in the room.

There is an open door leading north. There is an exit to the east. Don't worry, it is unblocked. You need an unguarded exit? You should try going south.

There is a key and a sandwich on the floor.


WARNING:root:put chocolate bar on stand
WARNING:root:0
WARNING:root:--------
WARNING:root:34
WARNING:root:
Okay, so you're in a study, cool, but is it normal? You better believe it is.

You can make out a closed safe, which looks normal, in the room.

There is an open door leading north. There is an exit to the east. Don't worry, it is unblocked. You need an unguarded exit? You should try going south.

There is a key and a sandwich on the floor.


WARNING:root:inventory
WARNING:root:0
WARNING:root:--------
WARNING:root:35
WARNING:root:
Okay, so you're in a study, cool, but is it normal? You better believe it is.

You can make out a closed safe, which looks normal, in the room.

There is an open door leading north. There is an exit to the east. Don't worry, it is unblocked. You need an unguarded exit? You should try going south.

There is a key and a sandwich on the floor.


WARNING:root:drop mug
WARNING:root:0
WARNING:root:--------
WARNING:root:36
WARNING:root:
Okay, so you're in a study, cool, but is it normal? You better believe it is.

You can make out a closed safe, which looks normal, in the room.

There is an open door leading north. There is an exit to the east. Don't worry, it is unblocked. You need an unguarded exit? You should try going south.

There is a key and a sandwich on the floor.


WARNING:root:drop telephone
WARNING:root:0
WARNING:root:--------
WARNING:root:37
WARNING:root:
Okay, so you're in a study, cool, but is it normal? You better believe it is.

You can make out a closed safe, which looks normal, in the room.

There is an open door leading north. There is an exit to the east. Don't worry, it is unblocked. You need an unguarded exit? You should try going south.

There is a telephone, a key and a sandwich on the floor.


WARNING:root:look
WARNING:root:0
WARNING:root:--------
WARNING:root:38
WARNING:root:
Okay, so you're in a study, cool, but is it normal? You better believe it is.

You can make out a closed safe, which looks normal, in the room.

There is an open door leading north. There is an exit to the east. Don't worry, it is unblocked. You need an unguarded exit? You should try going south.

There is a telephone, a key and a sandwich on the floor.


WARNING:root:take cabbage
WARNING:root:0
WARNING:root:--------
WARNING:root:39
WARNING:root:
Okay, so you're in a study, cool, but is it normal? You better believe it is.

You can make out a closed safe, which looks normal, in the room.

There is an open door leading north. There is an exit to the east. Don't worry, it is unblocked. You need an unguarded exit? You should try going south.

There is a telephone, a key and a sandwich on the floor.


WARNING:root:put sandwich on stand
WARNING:root:0
WARNING:root:--------
WARNING:root:40
WARNING:root:
Okay, so you're in a study, cool, but is it normal? You better believe it is.

You can make out a closed safe, which looks normal, in the room.

There is an open door leading north. There is an exit to the east. Don't worry, it is unblocked. You need an unguarded exit? You should try going south.

There is a telephone, a key and a sandwich on the floor.


WARNING:root:take keyboard
WARNING:root:0
WARNING:root:--------
WARNING:root:41
WARNING:root:
Okay, so you're in a study, cool, but is it normal? You better believe it is.

You can make out a closed safe, which looks normal, in the room.

There is an open door leading north. There is an exit to the east. Don't worry, it is unblocked. You need an unguarded exit? You should try going south.

There is a telephone, a key and a sandwich on the floor.


WARNING:root:take loaf of bread
WARNING:root:0
WARNING:root:--------
WARNING:root:42
WARNING:root:
Okay, so you're in a study, cool, but is it normal? You better believe it is.

You can make out a closed safe, which looks normal, in the room.

There is an open door leading north. There is an exit to the east. Don't worry, it is unblocked. You need an unguarded exit? You should try going south.

There is a telephone, a key and a sandwich on the floor.


WARNING:root:put type 3 latchkey on stand
WARNING:root:0
WARNING:root:--------
WARNING:root:43
WARNING:root:
Okay, so you're in a study, cool, but is it normal? You better believe it is.

You can make out a closed safe, which looks normal, in the room.

There is an open door leading north. There is an exit to the east. Don't worry, it is unblocked. You need an unguarded exit? You should try going south.

There is a telephone, a key and a sandwich on the floor.


WARNING:root:examine shadfly
WARNING:root:0
WARNING:root:--------
WARNING:root:44
WARNING:root:
Okay, so you're in a study, cool, but is it normal? You better believe it is.

You can make out a closed safe, which looks normal, in the room.

There is an open door leading north. There is an exit to the east. Don't worry, it is unblocked. You need an unguarded exit? You should try going south.

There is a telephone, a key and a sandwich on the floor.


WARNING:root:examine bug
WARNING:root:0
WARNING:root:--------
WARNING:root:45
WARNING:root:
Okay, so you're in a study, cool, but is it normal? You better believe it is.

You can make out a closed safe, which looks normal, in the room.

There is an open door leading north. There is an exit to the east. Don't worry, it is unblocked. You need an unguarded exit? You should try going south.

There is a telephone, a key and a sandwich on the floor.


WARNING:root:eat sandwich
WARNING:root:0
WARNING:root:--------
WARNING:root:46
WARNING:root:
Okay, so you're in a study, cool, but is it normal? You better believe it is.

You can make out a closed safe, which looks normal, in the room.

There is an open door leading north. There is an exit to the east. Don't worry, it is unblocked. You need an unguarded exit? You should try going south.

There is a telephone, a key and a sandwich on the floor.


WARNING:root:take shadfly
WARNING:root:0
WARNING:root:--------
WARNING:root:47
WARNING:root:
Okay, so you're in a study, cool, but is it normal? You better believe it is.

You can make out a closed safe, which looks normal, in the room.

There is an open door leading north. There is an exit to the east. Don't worry, it is unblocked. You need an unguarded exit? You should try going south.

There is a telephone, a key and a sandwich on the floor.


WARNING:root:put chocolate bar on table
WARNING:root:0
WARNING:root:--------
WARNING:root:48
WARNING:root:
Okay, so you're in a study, cool, but is it normal? You better believe it is.

You can make out a closed safe, which looks normal, in the room.

There is an open door leading north. There is an exit to the east. Don't worry, it is unblocked. You need an unguarded exit? You should try going south.

There is a telephone, a key and a sandwich on the floor.


WARNING:root:examine fondue
WARNING:root:0
WARNING:root:--------
WARNING:root:49
WARNING:root:
Okay, so you're in a study, cool, but is it normal? You better believe it is.

You can make out a closed safe, which looks normal, in the room.

There is an open door leading north. There is an exit to the east. Don't worry, it is unblocked. You need an unguarded exit? You should try going south.

There is a telephone, a key and a sandwich on the floor.


WARNING:root:examine table
WARNING:root:0
WARNING:root:--------
WARNING:root:50
WARNING:root:
Okay, so you're in a study, cool, but is it normal? You better believe it is.

You can make out a closed safe, which looks normal, in the room.

There is an open door leading north. There is an exit to the east. Don't worry, it is unblocked. You need an unguarded exit? You should try going south.

There is a telephone, a key and a sandwich on the floor.


WARNING:root:put type 3 latchkey on table
WARNING:root:0
WARNING:root:--------
WARNING:root:51
WARNING:root:
Okay, so you're in a study, cool, but is it normal? You better believe it is.

You can make out a closed safe, which looks normal, in the room.

There is an open door leading north. There is an exit to the east. Don't worry, it is unblocked. You need an unguarded exit? You should try going south.

There is a telephone, a key and a sandwich on the floor.


WARNING:root:put fondue on table
WARNING:root:0
WARNING:root:--------
WARNING:root:52
WARNING:root:
Okay, so you're in a study, cool, but is it normal? You better believe it is.

You can make out a closed safe, which looks normal, in the room.

There is an open door leading north. There is an exit to the east. Don't worry, it is unblocked. You need an unguarded exit? You should try going south.

There is a telephone, a key and a sandwich on the floor.


WARNING:root:take fondue
WARNING:root:0
WARNING:root:--------
WARNING:root:53
WARNING:root:
Okay, so you're in a study, cool, but is it normal? You better believe it is.

You can make out a closed safe, which looks normal, in the room.

There is an open door leading north. There is an exit to the east. Don't worry, it is unblocked. You need an unguarded exit? You should try going south.

There is a telephone, a key and a sandwich on the floor.


WARNING:root:examine cabbage
WARNING:root:0
WARNING:root:--------
WARNING:root:54
WARNING:root:
Okay, so you're in a study, cool, but is it normal? You better believe it is.

You can make out a closed safe, which looks normal, in the room.

There is an open door leading north. There is an exit to the east. Don't worry, it is unblocked. You need an unguarded exit? You should try going south.

There is a telephone, a key and a sandwich on the floor.


WARNING:root:drop sandwich
WARNING:root:0
WARNING:root:--------
WARNING:root:55
WARNING:root:
Okay, so you're in a study, cool, but is it normal? You better believe it is.

You can make out a closed safe, which looks normal, in the room.

There is an open door leading north. There is an exit to the east. Don't worry, it is unblocked. You need an unguarded exit? You should try going south.

There is a telephone, a key and a sandwich on the floor.


WARNING:root:drop type 3 latchkey
WARNING:root:0
WARNING:root:--------
WARNING:root:56
WARNING:root:
Okay, so you're in a study, cool, but is it normal? You better believe it is.

You can make out a closed safe, which looks normal, in the room.

There is an open door leading north. There is an exit to the east. Don't worry, it is unblocked. You need an unguarded exit? You should try going south.

There is a type 3 latchkey, a telephone, a key and a sandwich on the floor.


WARNING:root:drop chocolate bar
WARNING:root:0
WARNING:root:--------
WARNING:root:57
WARNING:root:
Okay, so you're in a study, cool, but is it normal? You better believe it is.

You can make out a closed safe, which looks normal, in the room.

There is an open door leading north. There is an exit to the east. Don't worry, it is unblocked. You need an unguarded exit? You should try going south.

There is a chocolate bar, a type 3 latchkey, a telephone, a key and a sandwich on the floor.


WARNING:root:put fondue on table
WARNING:root:0
WARNING:root:--------
WARNING:root:58
WARNING:root:
Okay, so you're in a study, cool, but is it normal? You better believe it is.

You can make out a closed safe, which looks normal, in the room.

There is an open door leading north. There is an exit to the east. Don't worry, it is unblocked. You need an unguarded exit? You should try going south.

There is a chocolate bar, a type 3 latchkey, a telephone, a key and a sandwich on the floor.


WARNING:root:examine cabbage
WARNING:root:0
WARNING:root:--------
WARNING:root:59
WARNING:root:
Okay, so you're in a study, cool, but is it normal? You better believe it is.

You can make out a closed safe, which looks normal, in the room.

There is an open door leading north. There is an exit to the east. Don't worry, it is unblocked. You need an unguarded exit? You should try going south.

There is a chocolate bar, a type 3 latchkey, a telephone, a key and a sandwich on the floor.


WARNING:root:examine mouse
WARNING:root:0
WARNING:root:--------
WARNING:root:60
WARNING:root:
Okay, so you're in a study, cool, but is it normal? You better believe it is.

You can make out a closed safe, which looks normal, in the room.

There is an open door leading north. There is an exit to the east. Don't worry, it is unblocked. You need an unguarded exit? You should try going south.

There is a chocolate bar, a type 3 latchkey, a telephone, a key and a sandwich on the floor.


WARNING:root:examine key
WARNING:root:0
