WARNING:root:Parameters
WARNING:root:--------
WARNING:root:1
WARNING:root:
This might come as a shock to you, but you've just moved into a cookery.



You don't like doors? Why not try going east, that entranceway is unguarded. There is an exit to the north. Don't worry, it is unblocked. You don't like doors? Why not try going south, that entranceway is unblocked. You need an unguarded exit? You should try going west.



WARNING:root:put candy bar on mantle
WARNING:root:0
WARNING:root:--------
WARNING:root:2
WARNING:root:
This might come as a shock to you, but you've just moved into a cookery.



You don't like doors? Why not try going east, that entranceway is unguarded. There is an exit to the north. Don't worry, it is unblocked. You don't like doors? Why not try going south, that entranceway is unblocked. You need an unguarded exit? You should try going west.



WARNING:root:close type 4 locker
WARNING:root:0
WARNING:root:--------
WARNING:root:3
WARNING:root:
This might come as a shock to you, but you've just moved into a cookery.



You don't like doors? Why not try going east, that entranceway is unguarded. There is an exit to the north. Don't worry, it is unblocked. You don't like doors? Why not try going south, that entranceway is unblocked. You need an unguarded exit? You should try going west.



WARNING:root:put folder on pan
WARNING:root:0
WARNING:root:--------
WARNING:root:4
WARNING:root:
This might come as a shock to you, but you've just moved into a cookery.



You don't like doors? Why not try going east, that entranceway is unguarded. There is an exit to the north. Don't worry, it is unblocked. You don't like doors? Why not try going south, that entranceway is unblocked. You need an unguarded exit? You should try going west.



WARNING:root:put formless passkey on bench
WARNING:root:0
WARNING:root:--------
WARNING:root:5
WARNING:root:
This might come as a shock to you, but you've just moved into a cookery.



You don't like doors? Why not try going east, that entranceway is unguarded. There is an exit to the north. Don't worry, it is unblocked. You don't like doors? Why not try going south, that entranceway is unblocked. You need an unguarded exit? You should try going west.



WARNING:root:take key from crate
WARNING:root:0
WARNING:root:--------
WARNING:root:6
WARNING:root:
This might come as a shock to you, but you've just moved into a cookery.



You don't like doors? Why not try going east, that entranceway is unguarded. There is an exit to the north. Don't worry, it is unblocked. You don't like doors? Why not try going south, that entranceway is unblocked. You need an unguarded exit? You should try going west.



WARNING:root:insert cashew into fresh laundry scented locker
WARNING:root:0
WARNING:root:--------
WARNING:root:7
WARNING:root:
This might come as a shock to you, but you've just moved into a cookery.



You don't like doors? Why not try going east, that entranceway is unguarded. There is an exit to the north. Don't worry, it is unblocked. You don't like doors? Why not try going south, that entranceway is unblocked. You need an unguarded exit? You should try going west.



WARNING:root:drop cuboid keycard
WARNING:root:0
WARNING:root:--------
WARNING:root:8
WARNING:root:
This might come as a shock to you, but you've just moved into a cookery.



You don't like doors? Why not try going east, that entranceway is unguarded. There is an exit to the north. Don't worry, it is unblocked. You don't like doors? Why not try going south, that entranceway is unblocked. You need an unguarded exit? You should try going west.



WARNING:root:take rectangular latchkey from shelf
WARNING:root:0
WARNING:root:--------
WARNING:root:9
WARNING:root:
This might come as a shock to you, but you've just moved into a cookery.



You don't like doors? Why not try going east, that entranceway is unguarded. There is an exit to the north. Don't worry, it is unblocked. You don't like doors? Why not try going south, that entranceway is unblocked. You need an unguarded exit? You should try going west.



WARNING:root:lock rectangular portal with rectangular latchkey
WARNING:root:0
WARNING:root:--------
WARNING:root:10
WARNING:root:
This might come as a shock to you, but you've just moved into a cookery.



You don't like doors? Why not try going east, that entranceway is unguarded. There is an exit to the north. Don't worry, it is unblocked. You don't like doors? Why not try going south, that entranceway is unblocked. You need an unguarded exit? You should try going west.



WARNING:root:lock style chest with style passkey
WARNING:root:0
WARNING:root:--------
WARNING:root:11
WARNING:root:
This might come as a shock to you, but you've just moved into a cookery.



You don't like doors? Why not try going east, that entranceway is unguarded. There is an exit to the north. Don't worry, it is unblocked. You don't like doors? Why not try going south, that entranceway is unblocked. You need an unguarded exit? You should try going west.



WARNING:root:put sandwich on bowl
WARNING:root:0
WARNING:root:--------
WARNING:root:12
WARNING:root:
This might come as a shock to you, but you've just moved into a cookery.



You don't like doors? Why not try going east, that entranceway is unguarded. There is an exit to the north. Don't worry, it is unblocked. You don't like doors? Why not try going south, that entranceway is unblocked. You need an unguarded exit? You should try going west.



WARNING:root:insert elderberry into trunk
WARNING:root:0
WARNING:root:--------
WARNING:root:13
WARNING:root:
This might come as a shock to you, but you've just moved into a cookery.



You don't like doors? Why not try going east, that entranceway is unguarded. There is an exit to the north. Don't worry, it is unblocked. You don't like doors? Why not try going south, that entranceway is unblocked. You need an unguarded exit? You should try going west.



WARNING:root:examine binder
WARNING:root:0
WARNING:root:--------
WARNING:root:14
WARNING:root:
This might come as a shock to you, but you've just moved into a cookery.



You don't like doors? Why not try going east, that entranceway is unguarded. There is an exit to the north. Don't worry, it is unblocked. You don't like doors? Why not try going south, that entranceway is unblocked. You need an unguarded exit? You should try going west.



WARNING:root:take keycard from chair
WARNING:root:0
WARNING:root:--------
WARNING:root:15
WARNING:root:
This might come as a shock to you, but you've just moved into a cookery.



You don't like doors? Why not try going east, that entranceway is unguarded. There is an exit to the north. Don't worry, it is unblocked. You don't like doors? Why not try going south, that entranceway is unblocked. You need an unguarded exit? You should try going west.



WARNING:root:put coconut on desk
WARNING:root:0
WARNING:root:--------
WARNING:root:16
WARNING:root:
This might come as a shock to you, but you've just moved into a cookery.



You don't like doors? Why not try going east, that entranceway is unguarded. There is an exit to the north. Don't worry, it is unblocked. You don't like doors? Why not try going south, that entranceway is unblocked. You need an unguarded exit? You should try going west.



WARNING:root:insert glass into type safe
WARNING:root:0
WARNING:root:--------
WARNING:root:17
WARNING:root:
This might come as a shock to you, but you've just moved into a cookery.



You don't like doors? Why not try going east, that entranceway is unguarded. There is an exit to the north. Don't worry, it is unblocked. You don't like doors? Why not try going south, that entranceway is unblocked. You need an unguarded exit? You should try going west.



WARNING:root:put glass on bowl
WARNING:root:0
WARNING:root:--------
WARNING:root:18
WARNING:root:
This might come as a shock to you, but you've just moved into a cookery.



You don't like doors? Why not try going east, that entranceway is unguarded. There is an exit to the north. Don't worry, it is unblocked. You don't like doors? Why not try going south, that entranceway is unblocked. You need an unguarded exit? You should try going west.



WARNING:root:put formless keycard on mantle
WARNING:root:0
WARNING:root:--------
WARNING:root:19
WARNING:root:
This might come as a shock to you, but you've just moved into a cookery.



You don't like doors? Why not try going east, that entranceway is unguarded. There is an exit to the north. Don't worry, it is unblocked. You don't like doors? Why not try going south, that entranceway is unblocked. You need an unguarded exit? You should try going west.



WARNING:root:insert style key into type 5 locker
WARNING:root:0
WARNING:root:--------
WARNING:root:20
WARNING:root:
This might come as a shock to you, but you've just moved into a cookery.



You don't like doors? Why not try going east, that entranceway is unguarded. There is an exit to the north. Don't worry, it is unblocked. You don't like doors? Why not try going south, that entranceway is unblocked. You need an unguarded exit? You should try going west.



WARNING:root:lock type safe with type keycard
WARNING:root:0
WARNING:root:--------
WARNING:root:21
WARNING:root:
This might come as a shock to you, but you've just moved into a cookery.



You don't like doors? Why not try going east, that entranceway is unguarded. There is an exit to the north. Don't worry, it is unblocked. You don't like doors? Why not try going south, that entranceway is unblocked. You need an unguarded exit? You should try going west.



WARNING:root:insert key into display
WARNING:root:0
WARNING:root:--------
WARNING:root:22
WARNING:root:
This might come as a shock to you, but you've just moved into a cookery.



You don't like doors? Why not try going east, that entranceway is unguarded. There is an exit to the north. Don't worry, it is unblocked. You don't like doors? Why not try going south, that entranceway is unblocked. You need an unguarded exit? You should try going west.



WARNING:root:lock safe with latchkey
WARNING:root:0
WARNING:root:--------
WARNING:root:23
WARNING:root:
This might come as a shock to you, but you've just moved into a cookery.



You don't like doors? Why not try going east, that entranceway is unguarded. There is an exit to the north. Don't worry, it is unblocked. You don't like doors? Why not try going south, that entranceway is unblocked. You need an unguarded exit? You should try going west.



WARNING:root:examine soap scented locker
WARNING:root:0
WARNING:root:--------
WARNING:root:24
WARNING:root:
This might come as a shock to you, but you've just moved into a cookery.



You don't like doors? Why not try going east, that entranceway is unguarded. There is an exit to the north. Don't worry, it is unblocked. You don't like doors? Why not try going south, that entranceway is unblocked. You need an unguarded exit? You should try going west.



WARNING:root:insert mop into non-euclidean safe
WARNING:root:0
WARNING:root:--------
WARNING:root:25
WARNING:root:
This might come as a shock to you, but you've just moved into a cookery.



You don't like doors? Why not try going east, that entranceway is unguarded. There is an exit to the north. Don't worry, it is unblocked. You don't like doors? Why not try going south, that entranceway is unblocked. You need an unguarded exit? You should try going west.



WARNING:root:drop nest of bugs
WARNING:root:0
WARNING:root:--------
WARNING:root:26
WARNING:root:
This might come as a shock to you, but you've just moved into a cookery.



You don't like doors? Why not try going east, that entranceway is unguarded. There is an exit to the north. Don't worry, it is unblocked. You don't like doors? Why not try going south, that entranceway is unblocked. You need an unguarded exit? You should try going west.



WARNING:root:take cucumber from table
WARNING:root:0
WARNING:root:--------
WARNING:root:27
WARNING:root:
This might come as a shock to you, but you've just moved into a cookery.



You don't like doors? Why not try going east, that entranceway is unguarded. There is an exit to the north. Don't worry, it is unblocked. You don't like doors? Why not try going south, that entranceway is unblocked. You need an unguarded exit? You should try going west.



WARNING:root:take lightbulb
WARNING:root:0
WARNING:root:--------
WARNING:root:28
WARNING:root:
This might come as a shock to you, but you've just moved into a cookery.



You don't like doors? Why not try going east, that entranceway is unguarded. There is an exit to the north. Don't worry, it is unblocked. You don't like doors? Why not try going south, that entranceway is unblocked. You need an unguarded exit? You should try going west.



WARNING:root:take tv from chest
WARNING:root:0
WARNING:root:--------
WARNING:root:29
WARNING:root:
This might come as a shock to you, but you've just moved into a cookery.



You don't like doors? Why not try going east, that entranceway is unguarded. There is an exit to the north. Don't worry, it is unblocked. You don't like doors? Why not try going south, that entranceway is unblocked. You need an unguarded exit? You should try going west.



WARNING:root:insert type 5 passkey into locker
WARNING:root:0
WARNING:root:--------
WARNING:root:30
WARNING:root:
This might come as a shock to you, but you've just moved into a cookery.



You don't like doors? Why not try going east, that entranceway is unguarded. There is an exit to the north. Don't worry, it is unblocked. You don't like doors? Why not try going south, that entranceway is unblocked. You need an unguarded exit? You should try going west.



WARNING:root:put fly larva on armchair
WARNING:root:0
WARNING:root:--------
WARNING:root:31
WARNING:root:
This might come as a shock to you, but you've just moved into a cookery.



You don't like doors? Why not try going east, that entranceway is unguarded. There is an exit to the north. Don't worry, it is unblocked. You don't like doors? Why not try going south, that entranceway is unblocked. You need an unguarded exit? You should try going west.



WARNING:root:put synthesizer on table
WARNING:root:0
WARNING:root:--------
WARNING:root:32
WARNING:root:
This might come as a shock to you, but you've just moved into a cookery.



You don't like doors? Why not try going east, that entranceway is unguarded. There is an exit to the north. Don't worry, it is unblocked. You don't like doors? Why not try going south, that entranceway is unblocked. You need an unguarded exit? You should try going west.



WARNING:root:put limited edition latchkey on bookshelf
WARNING:root:0
WARNING:root:--------
WARNING:root:33
WARNING:root:
This might come as a shock to you, but you've just moved into a cookery.



You don't like doors? Why not try going east, that entranceway is unguarded. There is an exit to the north. Don't worry, it is unblocked. You don't like doors? Why not try going south, that entranceway is unblocked. You need an unguarded exit? You should try going west.



WARNING:root:put key on stand
WARNING:root:0
WARNING:root:--------
WARNING:root:34
WARNING:root:
This might come as a shock to you, but you've just moved into a cookery.



You don't like doors? Why not try going east, that entranceway is unguarded. There is an exit to the north. Don't worry, it is unblocked. You don't like doors? Why not try going south, that entranceway is unblocked. You need an unguarded exit? You should try going west.



WARNING:root:put cashew on splintery table
WARNING:root:0
WARNING:root:--------
WARNING:root:35
WARNING:root:
This might come as a shock to you, but you've just moved into a cookery.



You don't like doors? Why not try going east, that entranceway is unguarded. There is an exit to the north. Don't worry, it is unblocked. You don't like doors? Why not try going south, that entranceway is unblocked. You need an unguarded exit? You should try going west.



WARNING:root:put golf club on shelf
WARNING:root:0
