WARNING:root:Parameters
WARNING:root:--------
WARNING:root:1
WARNING:root:
You find yourself in a scullery. A typical one.

You scan the room for a counter, and you find a counter. The counter appears to be empty. It would have been so cool if there was stuff on the counter.

There is a closed gateway leading south. There is an open door leading east.



WARNING:root:open door
WARNING:root:0
WARNING:root:--------
WARNING:root:2
WARNING:root:
You find yourself in a scullery. A typical one.

You scan the room for a counter, and you find a counter. The counter appears to be empty. It would have been so cool if there was stuff on the counter.

There is a closed gateway leading south. There is an open door leading east.



WARNING:root:take frisbee
WARNING:root:0
WARNING:root:--------
WARNING:root:3
WARNING:root:
You find yourself in a scullery. A typical one.

You scan the room for a counter, and you find a counter. The counter appears to be empty. It would have been so cool if there was stuff on the counter.

There is a closed gateway leading south. There is an open door leading east.



WARNING:root:put spherical keycard on counter
WARNING:root:0
WARNING:root:--------
WARNING:root:4
WARNING:root:
You find yourself in a scullery. A typical one.

You scan the room for a counter, and you find a counter. The counter appears to be empty. It would have been so cool if there was stuff on the counter.

There is a closed gateway leading south. There is an open door leading east.



WARNING:root:take frisbee from shelf
WARNING:root:0
WARNING:root:--------
WARNING:root:5
WARNING:root:
You find yourself in a scullery. A typical one.

You scan the room for a counter, and you find a counter. The counter appears to be empty. It would have been so cool if there was stuff on the counter.

There is a closed gateway leading south. There is an open door leading east.



WARNING:root:examine spherical locker
WARNING:root:0
WARNING:root:--------
WARNING:root:6
WARNING:root:
You find yourself in a scullery. A typical one.

You scan the room for a counter, and you find a counter. The counter appears to be empty. It would have been so cool if there was stuff on the counter.

There is a closed gateway leading south. There is an open door leading east.



WARNING:root:take frisbee from type box
WARNING:root:0
WARNING:root:--------
WARNING:root:7
WARNING:root:
You find yourself in a scullery. A typical one.

You scan the room for a counter, and you find a counter. The counter appears to be empty. It would have been so cool if there was stuff on the counter.

There is a closed gateway leading south. There is an open door leading east.



WARNING:root:insert spherical keycard into toolbox
WARNING:root:0
WARNING:root:--------
WARNING:root:8
WARNING:root:
You find yourself in a scullery. A typical one.

You scan the room for a counter, and you find a counter. The counter appears to be empty. It would have been so cool if there was stuff on the counter.

There is a closed gateway leading south. There is an open door leading east.



WARNING:root:go south
WARNING:root:0
WARNING:root:--------
WARNING:root:9
WARNING:root:
You find yourself in a scullery. A typical one.

You scan the room for a counter, and you find a counter. The counter appears to be empty. It would have been so cool if there was stuff on the counter.

There is a closed gateway leading south. There is an open door leading east.



WARNING:root:take frisbee from counter
WARNING:root:0
WARNING:root:--------
WARNING:root:10
WARNING:root:
You find yourself in a scullery. A typical one.

You scan the room for a counter, and you find a counter. The counter appears to be empty. It would have been so cool if there was stuff on the counter.

There is a closed gateway leading south. There is an open door leading east.



WARNING:root:take type passkey from spherical locker
WARNING:root:0
WARNING:root:--------
WARNING:root:11
WARNING:root:
You find yourself in a scullery. A typical one.

You scan the room for a counter, and you find a counter. The counter appears to be empty. It would have been so cool if there was stuff on the counter.

There is a closed gateway leading south. There is an open door leading east.



WARNING:root:go west
WARNING:root:0
WARNING:root:--------
WARNING:root:12
WARNING:root:
You find yourself in a scullery. A typical one.

You scan the room for a counter, and you find a counter. The counter appears to be empty. It would have been so cool if there was stuff on the counter.

There is a closed gateway leading south. There is an open door leading east.



WARNING:root:lock spherical locker with spherical keycard
WARNING:root:0
WARNING:root:--------
WARNING:root:13
WARNING:root:
You find yourself in a scullery. A typical one.

You scan the room for a counter, and you find a counter. The counter appears to be empty. It would have been so cool if there was stuff on the counter.

There is a closed gateway leading south. There is an open door leading east.



WARNING:root:put latchkey on shelf
WARNING:root:0
WARNING:root:--------
WARNING:root:14
WARNING:root:
You find yourself in a scullery. A typical one.

You scan the room for a counter, and you find a counter. The counter appears to be empty. It would have been so cool if there was stuff on the counter.

There is a closed gateway leading south. There is an open door leading east.



WARNING:root:take latchkey from type box
WARNING:root:0
WARNING:root:--------
WARNING:root:15
WARNING:root:
You find yourself in a scullery. A typical one.

You scan the room for a counter, and you find a counter. The counter appears to be empty. It would have been so cool if there was stuff on the counter.

There is a closed gateway leading south. There is an open door leading east.



WARNING:root:go south
WARNING:root:0
WARNING:root:--------
WARNING:root:16
WARNING:root:
You find yourself in a scullery. A typical one.

You scan the room for a counter, and you find a counter. The counter appears to be empty. It would have been so cool if there was stuff on the counter.

There is a closed gateway leading south. There is an open door leading east.



WARNING:root:go south
WARNING:root:0
WARNING:root:--------
WARNING:root:17
WARNING:root:
You find yourself in a scullery. A typical one.

You scan the room for a counter, and you find a counter. The counter appears to be empty. It would have been so cool if there was stuff on the counter.

There is a closed gateway leading south. There is an open door leading east.



WARNING:root:close type box
WARNING:root:0
WARNING:root:--------
WARNING:root:18
WARNING:root:
You find yourself in a scullery. A typical one.

You scan the room for a counter, and you find a counter. The counter appears to be empty. It would have been so cool if there was stuff on the counter.

There is a closed gateway leading south. There is an open door leading east.



WARNING:root:examine gateway
WARNING:root:0
WARNING:root:--------
WARNING:root:19
WARNING:root:
You find yourself in a scullery. A typical one.

You scan the room for a counter, and you find a counter. The counter appears to be empty. It would have been so cool if there was stuff on the counter.

There is a closed gateway leading south. There is an open door leading east.



WARNING:root:insert spherical keycard into toolbox
WARNING:root:0
WARNING:root:--------
WARNING:root:20
WARNING:root:
You find yourself in a scullery. A typical one.

You scan the room for a counter, and you find a counter. The counter appears to be empty. It would have been so cool if there was stuff on the counter.

There is a closed gateway leading south. There is an open door leading east.



WARNING:root:unlock type box with type passkey
WARNING:root:0
WARNING:root:--------
WARNING:root:21
WARNING:root:
You find yourself in a scullery. A typical one.

You scan the room for a counter, and you find a counter. The counter appears to be empty. It would have been so cool if there was stuff on the counter.

There is a closed gateway leading south. There is an open door leading east.



WARNING:root:take spherical keycard from counter
WARNING:root:0
WARNING:root:--------
WARNING:root:22
WARNING:root:
You find yourself in a scullery. A typical one.

You scan the room for a counter, and you find a counter. The counter appears to be empty. It would have been so cool if there was stuff on the counter.

There is a closed gateway leading south. There is an open door leading east.



WARNING:root:insert spherical keycard into toolbox
WARNING:root:0
WARNING:root:--------
WARNING:root:23
WARNING:root:
You find yourself in a scullery. A typical one.

You scan the room for a counter, and you find a counter. The counter appears to be empty. It would have been so cool if there was stuff on the counter.

There is a closed gateway leading south. There is an open door leading east.



WARNING:root:go south
WARNING:root:0
WARNING:root:--------
WARNING:root:24
WARNING:root:
You find yourself in a scullery. A typical one.

You scan the room for a counter, and you find a counter. The counter appears to be empty. It would have been so cool if there was stuff on the counter.

There is a closed gateway leading south. There is an open door leading east.



WARNING:root:take insect from toolbox
WARNING:root:0
WARNING:root:--------
WARNING:root:25
WARNING:root:
You find yourself in a scullery. A typical one.

You scan the room for a counter, and you find a counter. The counter appears to be empty. It would have been so cool if there was stuff on the counter.

There is a closed gateway leading south. There is an open door leading east.



WARNING:root:put type passkey on counter
WARNING:root:0
WARNING:root:--------
WARNING:root:26
WARNING:root:
You find yourself in a scullery. A typical one.

You scan the room for a counter, and you find a counter. The counter appears to be empty. It would have been so cool if there was stuff on the counter.

There is a closed gateway leading south. There is an open door leading east.



WARNING:root:put spherical keycard on shelf
WARNING:root:0
WARNING:root:--------
WARNING:root:27
WARNING:root:
You find yourself in a scullery. A typical one.

You scan the room for a counter, and you find a counter. The counter appears to be empty. It would have been so cool if there was stuff on the counter.

There is a closed gateway leading south. There is an open door leading east.



WARNING:root:take insect from toolbox
WARNING:root:0
WARNING:root:--------
WARNING:root:28
WARNING:root:
You find yourself in a scullery. A typical one.

You scan the room for a counter, and you find a counter. The counter appears to be empty. It would have been so cool if there was stuff on the counter.

There is a closed gateway leading south. There is an open door leading east.



WARNING:root:open type box
WARNING:root:0
WARNING:root:--------
WARNING:root:29
WARNING:root:
You find yourself in a scullery. A typical one.

You scan the room for a counter, and you find a counter. The counter appears to be empty. It would have been so cool if there was stuff on the counter.

There is a closed gateway leading south. There is an open door leading east.



WARNING:root:drop frisbee
WARNING:root:0
WARNING:root:--------
WARNING:root:30
WARNING:root:
You find yourself in a scullery. A typical one.

You scan the room for a counter, and you find a counter. The counter appears to be empty. It would have been so cool if there was stuff on the counter.

There is a closed gateway leading south. There is an open door leading east.

There is a frisbee on the floor.


WARNING:root:examine frisbee
WARNING:root:0
WARNING:root:--------
WARNING:root:31
WARNING:root:
You find yourself in a scullery. A typical one.

You scan the room for a counter, and you find a counter. The counter appears to be empty. It would have been so cool if there was stuff on the counter.

There is a closed gateway leading south. There is an open door leading east.

There is a frisbee on the floor.


WARNING:root:drop insect
WARNING:root:0
WARNING:root:--------
WARNING:root:32
WARNING:root:
You find yourself in a scullery. A typical one.

You scan the room for a counter, and you find a counter. The counter appears to be empty. It would have been so cool if there was stuff on the counter.

There is a closed gateway leading south. There is an open door leading east.

There is a frisbee on the floor.


WARNING:root:put insect on shelf
WARNING:root:0
WARNING:root:--------
WARNING:root:33
WARNING:root:
You find yourself in a scullery. A typical one.

You scan the room for a counter, and you find a counter. The counter appears to be empty. It would have been so cool if there was stuff on the counter.

There is a closed gateway leading south. There is an open door leading east.

There is a frisbee on the floor.


WARNING:root:examine frisbee
WARNING:root:0
WARNING:root:--------
WARNING:root:34
WARNING:root:
You find yourself in a scullery. A typical one.

You scan the room for a counter, and you find a counter. The counter appears to be empty. It would have been so cool if there was stuff on the counter.

There is a closed gateway leading south. There is an open door leading east.

There is a frisbee on the floor.


WARNING:root:examine spherical locker
WARNING:root:0
WARNING:root:--------
WARNING:root:35
WARNING:root:
You find yourself in a scullery. A typical one.

You scan the room for a counter, and you find a counter. The counter appears to be empty. It would have been so cool if there was stuff on the counter.

There is a closed gateway leading south. There is an open door leading east.

There is a frisbee on the floor.


WARNING:root:put type passkey on shelf
WARNING:root:0
WARNING:root:--------
WARNING:root:36
WARNING:root:
You find yourself in a scullery. A typical one.

You scan the room for a counter, and you find a counter. The counter appears to be empty. It would have been so cool if there was stuff on the counter.

There is a closed gateway leading south. There is an open door leading east.

There is a frisbee on the floor.


WARNING:root:unlock type box with type passkey
WARNING:root:0
WARNING:root:--------
WARNING:root:37
WARNING:root:
You find yourself in a scullery. A typical one.

You scan the room for a counter, and you find a counter. The counter appears to be empty. It would have been so cool if there was stuff on the counter.

There is a closed gateway leading south. There is an open door leading east.

There is a frisbee on the floor.


WARNING:root:go east
WARNING:root:1
WARNING:root:--------
WARNING:root:38
WARNING:root:
You're now in an attic.

You see an opened spherical locker close by. Empty! What kind of nightmare TextWorld is this?

There is an open door leading west. There is an exit to the south. Don't worry, it is unblocked.

There is a spherical keycard and an insect on the floor.


WARNING:root:close door
WARNING:root:0
WARNING:root:--------
WARNING:root:39
WARNING:root:
You're now in an attic.

You see an opened spherical locker close by. Empty! What kind of nightmare TextWorld is this?

There is a closed door leading west. There is an exit to the south. Don't worry, it is unblocked.

There is a spherical keycard and an insect on the floor.


WARNING:root:put latchkey on counter
WARNING:root:0
WARNING:root:--------
WARNING:root:40
WARNING:root:
You're now in an attic.

You see an opened spherical locker close by. Empty! What kind of nightmare TextWorld is this?

There is a closed door leading west. There is an exit to the south. Don't worry, it is unblocked.

There is a spherical keycard and an insect on the floor.


WARNING:root:drop insect
WARNING:root:0
WARNING:root:--------
WARNING:root:41
WARNING:root:
You're now in an attic.

You see an opened spherical locker close by. Empty! What kind of nightmare TextWorld is this?

There is a closed door leading west. There is an exit to the south. Don't worry, it is unblocked.

There is a spherical keycard and an insect on the floor.


WARNING:root:take frisbee
WARNING:root:0
WARNING:root:--------
WARNING:root:42
WARNING:root:
You're now in an attic.

You see an opened spherical locker close by. Empty! What kind of nightmare TextWorld is this?

There is a closed door leading west. There is an exit to the south. Don't worry, it is unblocked.

There is a spherical keycard and an insect on the floor.


WARNING:root:take spherical keycard
WARNING:root:0
WARNING:root:--------
WARNING:root:43
WARNING:root:
You're now in an attic.

You see an opened spherical locker close by. Empty! What kind of nightmare TextWorld is this?

There is a closed door leading west. There is an exit to the south. Don't worry, it is unblocked.

There is an insect on the floor.


WARNING:root:drop latchkey
WARNING:root:0
WARNING:root:--------
WARNING:root:44
WARNING:root:
You're now in an attic.

You see an opened spherical locker close by. Empty! What kind of nightmare TextWorld is this?

There is a closed door leading west. There is an exit to the south. Don't worry, it is unblocked.

There is an insect on the floor.


WARNING:root:take type passkey from shelf
WARNING:root:0
WARNING:root:--------
WARNING:root:45
WARNING:root:
You're now in an attic.

You see an opened spherical locker close by. Empty! What kind of nightmare TextWorld is this?

There is a closed door leading west. There is an exit to the south. Don't worry, it is unblocked.

There is an insect on the floor.


WARNING:root:unlock spherical locker with spherical keycard
WARNING:root:0
WARNING:root:--------
WARNING:root:46
WARNING:root:
You're now in an attic.

You see an opened spherical locker close by. Empty! What kind of nightmare TextWorld is this?

There is a closed door leading west. There is an exit to the south. Don't worry, it is unblocked.

There is an insect on the floor.


WARNING:root:insert latchkey into toolbox
WARNING:root:0
WARNING:root:--------
WARNING:root:47
WARNING:root:
You're now in an attic.

You see an opened spherical locker close by. Empty! What kind of nightmare TextWorld is this?

There is a closed door leading west. There is an exit to the south. Don't worry, it is unblocked.

There is an insect on the floor.


WARNING:root:insert type passkey into toolbox
WARNING:root:0
WARNING:root:--------
WARNING:root:48
WARNING:root:
You're now in an attic.

You see an opened spherical locker close by. Empty! What kind of nightmare TextWorld is this?

There is a closed door leading west. There is an exit to the south. Don't worry, it is unblocked.

There is an insect on the floor.


WARNING:root:examine insect
WARNING:root:0
WARNING:root:--------
WARNING:root:49
WARNING:root:
You're now in an attic.

You see an opened spherical locker close by. Empty! What kind of nightmare TextWorld is this?

There is a closed door leading west. There is an exit to the south. Don't worry, it is unblocked.

There is an insect on the floor.


WARNING:root:drop frisbee
WARNING:root:0
WARNING:root:--------
WARNING:root:50
WARNING:root:
You're now in an attic.

You see an opened spherical locker close by. Empty! What kind of nightmare TextWorld is this?

There is a closed door leading west. There is an exit to the south. Don't worry, it is unblocked.

There is an insect on the floor.


WARNING:root:take type passkey from toolbox
WARNING:root:0
WARNING:root:--------
WARNING:root:51
WARNING:root:
You're now in an attic.

You see an opened spherical locker close by. Empty! What kind of nightmare TextWorld is this?

There is a closed door leading west. There is an exit to the south. Don't worry, it is unblocked.

There is an insect on the floor.


WARNING:root:examine frisbee
WARNING:root:0
WARNING:root:--------
WARNING:root:52
WARNING:root:
You're now in an attic.

You see an opened spherical locker close by. Empty! What kind of nightmare TextWorld is this?

There is a closed door leading west. There is an exit to the south. Don't worry, it is unblocked.

There is an insect on the floor.


WARNING:root:drop latchkey
WARNING:root:0
WARNING:root:--------
WARNING:root:53
WARNING:root:
You're now in an attic.

You see an opened spherical locker close by. Empty! What kind of nightmare TextWorld is this?

There is a closed door leading west. There is an exit to the south. Don't worry, it is unblocked.

There is an insect on the floor.


WARNING:root:take frisbee from counter
WARNING:root:0
WARNING:root:--------
WARNING:root:54
WARNING:root:
You're now in an attic.

You see an opened spherical locker close by. Empty! What kind of nightmare TextWorld is this?

There is a closed door leading west. There is an exit to the south. Don't worry, it is unblocked.

There is an insect on the floor.


WARNING:root:go south
WARNING:root:1
WARNING:root:--------
WARNING:root:55
WARNING:root:
You find yourself in a vault. A typical kind of place.

You can make out an opened toolbox. The toolbox contains a latchkey. You can make out a shelf. What a coincidence, weren't you just thinking about a shelf? However, the shelf, like an empty shelf, has nothing on it. It would have been so cool if there was stuff on the shelf.

You don't like doors? Why not try going north, that entranceway is unblocked.



WARNING:root:inventory
WARNING:root:0
WARNING:root:--------
WARNING:root:56
WARNING:root:
You find yourself in a vault. A typical kind of place.

You can make out an opened toolbox. The toolbox contains a latchkey. You can make out a shelf. What a coincidence, weren't you just thinking about a shelf? However, the shelf, like an empty shelf, has nothing on it. It would have been so cool if there was stuff on the shelf.

You don't like doors? Why not try going north, that entranceway is unblocked.



WARNING:root:insert insect into spherical locker
WARNING:root:0
WARNING:root:--------
WARNING:root:57
WARNING:root:
You find yourself in a vault. A typical kind of place.

You can make out an opened toolbox. The toolbox contains a latchkey. You can make out a shelf. What a coincidence, weren't you just thinking about a shelf? However, the shelf, like an empty shelf, has nothing on it. It would have been so cool if there was stuff on the shelf.

You don't like doors? Why not try going north, that entranceway is unblocked.



WARNING:root:take latchkey from shelf
WARNING:root:0
WARNING:root:--------
WARNING:root:58
WARNING:root:
You find yourself in a vault. A typical kind of place.

You can make out an opened toolbox. The toolbox contains a latchkey. You can make out a shelf. What a coincidence, weren't you just thinking about a shelf? However, the shelf, like an empty shelf, has nothing on it. It would have been so cool if there was stuff on the shelf.

You don't like doors? Why not try going north, that entranceway is unblocked.



WARNING:root:examine latchkey
WARNING:root:0
WARNING:root:--------
WARNING:root:59
WARNING:root:
You find yourself in a vault. A typical kind of place.

You can make out an opened toolbox. The toolbox contains a latchkey. You can make out a shelf. What a coincidence, weren't you just thinking about a shelf? However, the shelf, like an empty shelf, has nothing on it. It would have been so cool if there was stuff on the shelf.

You don't like doors? Why not try going north, that entranceway is unblocked.



WARNING:root:insert frisbee into toolbox
WARNING:root:0
WARNING:root:--------
WARNING:root:60
WARNING:root:
You find yourself in a vault. A typical kind of place.

You can make out an opened toolbox. The toolbox contains a latchkey. You can make out a shelf. What a coincidence, weren't you just thinking about a shelf? However, the shelf, like an empty shelf, has nothing on it. It would have been so cool if there was stuff on the shelf.

You don't like doors? Why not try going north, that entranceway is unblocked.



WARNING:root:go west
WARNING:root:0
WARNING:root:--------
WARNING:root:61
WARNING:root:
You find yourself in a vault. A typical kind of place.

You can make out an opened toolbox. The toolbox contains a latchkey. You can make out a shelf. What a coincidence, weren't you just thinking about a shelf? However, the shelf, like an empty shelf, has nothing on it. It would have been so cool if there was stuff on the shelf.

You don't like doors? Why not try going north, that entranceway is unblocked.



WARNING:root:unlock type box with type passkey
WARNING:root:0
WARNING:root:--------
WARNING:root:62
WARNING:root:
You find yourself in a vault. A typical kind of place.

You can make out an opened toolbox. The toolbox contains a latchkey. You can make out a shelf. What a coincidence, weren't you just thinking about a shelf? However, the shelf, like an empty shelf, has nothing on it. It would have been so cool if there was stuff on the shelf.

You don't like doors? Why not try going north, that entranceway is unblocked.



WARNING:root:take spherical keycard from shelf
WARNING:root:0
WARNING:root:--------
WARNING:root:63
WARNING:root:
You find yourself in a vault. A typical kind of place.

You can make out an opened toolbox. The toolbox contains a latchkey. You can make out a shelf. What a coincidence, weren't you just thinking about a shelf? However, the shelf, like an empty shelf, has nothing on it. It would have been so cool if there was stuff on the shelf.

You don't like doors? Why not try going north, that entranceway is unblocked.



WARNING:root:take spherical keycard
WARNING:root:0
WARNING:root:--------
WARNING:root:64
WARNING:root:
You find yourself in a vault. A typical kind of place.

You can make out an opened toolbox. The toolbox contains a latchkey. You can make out a shelf. What a coincidence, weren't you just thinking about a shelf? However, the shelf, like an empty shelf, has nothing on it. It would have been so cool if there was stuff on the shelf.

You don't like doors? Why not try going north, that entranceway is unblocked.



WARNING:root:unlock spherical locker with spherical keycard
WARNING:root:0
WARNING:root:--------
WARNING:root:65
WARNING:root:
You find yourself in a vault. A typical kind of place.

You can make out an opened toolbox. The toolbox contains a latchkey. You can make out a shelf. What a coincidence, weren't you just thinking about a shelf? However, the shelf, like an empty shelf, has nothing on it. It would have been so cool if there was stuff on the shelf.

You don't like doors? Why not try going north, that entranceway is unblocked.



WARNING:root:take spherical keycard from type box
WARNING:root:0
WARNING:root:--------
WARNING:root:66
WARNING:root:
You find yourself in a vault. A typical kind of place.

You can make out an opened toolbox. The toolbox contains a latchkey. You can make out a shelf. What a coincidence, weren't you just thinking about a shelf? However, the shelf, like an empty shelf, has nothing on it. It would have been so cool if there was stuff on the shelf.

You don't like doors? Why not try going north, that entranceway is unblocked.



WARNING:root:take latchkey from type box
WARNING:root:0
WARNING:root:--------
WARNING:root:67
WARNING:root:
You find yourself in a vault. A typical kind of place.

You can make out an opened toolbox. The toolbox contains a latchkey. You can make out a shelf. What a coincidence, weren't you just thinking about a shelf? However, the shelf, like an empty shelf, has nothing on it. It would have been so cool if there was stuff on the shelf.

You don't like doors? Why not try going north, that entranceway is unblocked.



WARNING:root:go east
WARNING:root:0
WARNING:root:--------
WARNING:root:68
WARNING:root:
You find yourself in a vault. A typical kind of place.

You can make out an opened toolbox. The toolbox contains a latchkey. You can make out a shelf. What a coincidence, weren't you just thinking about a shelf? However, the shelf, like an empty shelf, has nothing on it. It would have been so cool if there was stuff on the shelf.

You don't like doors? Why not try going north, that entranceway is unblocked.



WARNING:root:lock type box with type passkey
WARNING:root:0
WARNING:root:--------
WARNING:root:69
WARNING:root:
You find yourself in a vault. A typical kind of place.

You can make out an opened toolbox. The toolbox contains a latchkey. You can make out a shelf. What a coincidence, weren't you just thinking about a shelf? However, the shelf, like an empty shelf, has nothing on it. It would have been so cool if there was stuff on the shelf.

You don't like doors? Why not try going north, that entranceway is unblocked.



WARNING:root:put insect on shelf
WARNING:root:0
WARNING:root:--------
WARNING:root:70
WARNING:root:
You find yourself in a vault. A typical kind of place.

You can make out an opened toolbox. The toolbox contains a latchkey. You can make out a shelf. What a coincidence, weren't you just thinking about a shelf? However, the shelf, like an empty shelf, has nothing on it. It would have been so cool if there was stuff on the shelf.

You don't like doors? Why not try going north, that entranceway is unblocked.



WARNING:root:put spherical keycard on counter
WARNING:root:0
WARNING:root:--------
WARNING:root:71
WARNING:root:
You find yourself in a vault. A typical kind of place.

You can make out an opened toolbox. The toolbox contains a latchkey. You can make out a shelf. What a coincidence, weren't you just thinking about a shelf? However, the shelf, like an empty shelf, has nothing on it. It would have been so cool if there was stuff on the shelf.

You don't like doors? Why not try going north, that entranceway is unblocked.



WARNING:root:drop latchkey
WARNING:root:0
WARNING:root:--------
WARNING:root:72
WARNING:root:
You find yourself in a vault. A typical kind of place.

You can make out an opened toolbox. The toolbox contains a latchkey. You can make out a shelf. What a coincidence, weren't you just thinking about a shelf? However, the shelf, like an empty shelf, has nothing on it. It would have been so cool if there was stuff on the shelf.

You don't like doors? Why not try going north, that entranceway is unblocked.



WARNING:root:examine toolbox
WARNING:root:0
WARNING:root:--------
WARNING:root:73
WARNING:root:
You find yourself in a vault. A typical kind of place.

You can make out an opened toolbox. The toolbox contains a latchkey. You can make out a shelf. What a coincidence, weren't you just thinking about a shelf? However, the shelf, like an empty shelf, has nothing on it. It would have been so cool if there was stuff on the shelf.

You don't like doors? Why not try going north, that entranceway is unblocked.



WARNING:root:close type box
WARNING:root:0
WARNING:root:--------
WARNING:root:74
WARNING:root:
You find yourself in a vault. A typical kind of place.

You can make out an opened toolbox. The toolbox contains a latchkey. You can make out a shelf. What a coincidence, weren't you just thinking about a shelf? However, the shelf, like an empty shelf, has nothing on it. It would have been so cool if there was stuff on the shelf.

You don't like doors? Why not try going north, that entranceway is unblocked.



WARNING:root:drop spherical keycard
WARNING:root:0
WARNING:root:--------
WARNING:root:75
WARNING:root:
You find yourself in a vault. A typical kind of place.

You can make out an opened toolbox. The toolbox contains a latchkey. You can make out a shelf. What a coincidence, weren't you just thinking about a shelf? However, the shelf, like an empty shelf, has nothing on it. It would have been so cool if there was stuff on the shelf.

You don't like doors? Why not try going north, that entranceway is unblocked.

There is a spherical keycard on the floor.


WARNING:root:take spherical keycard from shelf
WARNING:root:0
WARNING:root:--------
WARNING:root:76
WARNING:root:
You find yourself in a vault. A typical kind of place.

You can make out an opened toolbox. The toolbox contains a latchkey. You can make out a shelf. What a coincidence, weren't you just thinking about a shelf? However, the shelf, like an empty shelf, has nothing on it. It would have been so cool if there was stuff on the shelf.

You don't like doors? Why not try going north, that entranceway is unblocked.

There is a spherical keycard on the floor.


WARNING:root:drop frisbee
WARNING:root:0
WARNING:root:--------
WARNING:root:77
WARNING:root:
You find yourself in a vault. A typical kind of place.

You can make out an opened toolbox. The toolbox contains a latchkey. You can make out a shelf. What a coincidence, weren't you just thinking about a shelf? However, the shelf, like an empty shelf, has nothing on it. It would have been so cool if there was stuff on the shelf.

You don't like doors? Why not try going north, that entranceway is unblocked.

There is a spherical keycard on the floor.


WARNING:root:take spherical keycard
WARNING:root:0
WARNING:root:--------
WARNING:root:78
WARNING:root:
You find yourself in a vault. A typical kind of place.

You can make out an opened toolbox. The toolbox contains a latchkey. You can make out a shelf. What a coincidence, weren't you just thinking about a shelf? However, the shelf, like an empty shelf, has nothing on it. It would have been so cool if there was stuff on the shelf.

You don't like doors? Why not try going north, that entranceway is unblocked.



WARNING:root:examine gateway
WARNING:root:0
WARNING:root:--------
WARNING:root:79
WARNING:root:
You find yourself in a vault. A typical kind of place.

You can make out an opened toolbox. The toolbox contains a latchkey. You can make out a shelf. What a coincidence, weren't you just thinking about a shelf? However, the shelf, like an empty shelf, has nothing on it. It would have been so cool if there was stuff on the shelf.

You don't like doors? Why not try going north, that entranceway is unblocked.



WARNING:root:insert type passkey into toolbox
WARNING:root:0
WARNING:root:--------
WARNING:root:80
WARNING:root:
You find yourself in a vault. A typical kind of place.

You can make out an opened toolbox. The toolbox contains a latchkey. You can make out a shelf. What a coincidence, weren't you just thinking about a shelf? However, the shelf, like an empty shelf, has nothing on it. It would have been so cool if there was stuff on the shelf.

You don't like doors? Why not try going north, that entranceway is unblocked.



WARNING:root:take frisbee from spherical locker
WARNING:root:0
