WARNING:root:Parameters
WARNING:root:--------
WARNING:root:1
WARNING:root:
You arrive in a bedroom. An usual one. Let's see what's in here.

You make out a safe. You can see a non-euclidean box. Hey, want to see a mantelpiece? Look over there, a mantelpiece. Looks like someone's already been here and taken everything off it, though. Hopefully this doesn't make you too upset.

There is a closed gateway leading east. There is a closed passageway leading west.

There is a non-euclidean latchkey on the floor.
WARNING:root:drop type passkey
WARNING:root:0
WARNING:root:--------
WARNING:root:2
WARNING:root:
You arrive in a bedroom. An usual one. Let's see what's in here.

You make out a safe. You can see a non-euclidean box. Hey, want to see a mantelpiece? Look over there, a mantelpiece. Looks like someone's already been here and taken everything off it, though. Hopefully this doesn't make you too upset.

There is a closed gateway leading east. There is a closed passageway leading west.

There is a type H passkey and a non-euclidean latchkey on the floor.
WARNING:root:put disk on mantelpiece
WARNING:root:0
WARNING:root:--------
WARNING:root:3
WARNING:root:
You arrive in a bedroom. An usual one. Let's see what's in here.

You make out a safe. You can see a non-euclidean box. Hey, want to see a mantelpiece? Look over there, a mantelpiece. You see a disk on the mantelpiece.

There is a closed gateway leading east. There is a closed passageway leading west.

There is a type H passkey and a non-euclidean latchkey on the floor.
WARNING:root:lock gateway with latchkey
WARNING:root:0
WARNING:root:--------
WARNING:root:4
WARNING:root:
You arrive in a bedroom. An usual one. Let's see what's in here.

You make out a safe. You can see a non-euclidean box. Hey, want to see a mantelpiece? Look over there, a mantelpiece. You see a disk on the mantelpiece.

There is a closed gateway leading east. There is a closed passageway leading west.

There is a type H passkey and a non-euclidean latchkey on the floor.
WARNING:root:drop non-euclidean latchkey
WARNING:root:0
WARNING:root:--------
WARNING:root:5
WARNING:root:
You arrive in a bedroom. An usual one. Let's see what's in here.

You make out a safe. You can see a non-euclidean box. Hey, want to see a mantelpiece? Look over there, a mantelpiece. You see a disk on the mantelpiece.

There is a closed gateway leading east. There is a closed passageway leading west.

There is a type H passkey and a non-euclidean latchkey on the floor.
WARNING:root:lock safe with key
WARNING:root:0
WARNING:root:--------
WARNING:root:6
WARNING:root:
You arrive in a bedroom. An usual one. Let's see what's in here.

You make out a safe. You can see a non-euclidean box. Hey, want to see a mantelpiece? Look over there, a mantelpiece. You see a disk on the mantelpiece.

There is a closed gateway leading east. There is a closed passageway leading west.

There is a type H passkey and a non-euclidean latchkey on the floor.
WARNING:root:open gateway
WARNING:root:0
WARNING:root:--------
WARNING:root:7
WARNING:root:
You arrive in a bedroom. An usual one. Let's see what's in here.

You make out a safe. You can see a non-euclidean box. Hey, want to see a mantelpiece? Look over there, a mantelpiece. You see a disk on the mantelpiece.

There is a closed gateway leading east. There is a closed passageway leading west.

There is a type H passkey and a non-euclidean latchkey on the floor.
WARNING:root:take latchkey from non-euclidean box
WARNING:root:0
WARNING:root:--------
WARNING:root:8
WARNING:root:
You arrive in a bedroom. An usual one. Let's see what's in here.

You make out a safe. You can see a non-euclidean box. Hey, want to see a mantelpiece? Look over there, a mantelpiece. You see a disk on the mantelpiece.

There is a closed gateway leading east. There is a closed passageway leading west.

There is a type H passkey and a non-euclidean latchkey on the floor.
WARNING:root:examine gateway
WARNING:root:0
WARNING:root:--------
WARNING:root:9
WARNING:root:
You arrive in a bedroom. An usual one. Let's see what's in here.

You make out a safe. You can see a non-euclidean box. Hey, want to see a mantelpiece? Look over there, a mantelpiece. You see a disk on the mantelpiece.

There is a closed gateway leading east. There is a closed passageway leading west.

There is a type H passkey and a non-euclidean latchkey on the floor.
WARNING:root:examine salad
WARNING:root:0
WARNING:root:--------
WARNING:root:10
WARNING:root:
You arrive in a bedroom. An usual one. Let's see what's in here.

You make out a safe. You can see a non-euclidean box. Hey, want to see a mantelpiece? Look over there, a mantelpiece. You see a disk on the mantelpiece.

There is a closed gateway leading east. There is a closed passageway leading west.

There is a type H passkey and a non-euclidean latchkey on the floor.
WARNING:root:lock non-euclidean box with non-euclidean latchkey
WARNING:root:0
WARNING:root:--------
WARNING:root:11
WARNING:root:
You arrive in a bedroom. An usual one. Let's see what's in here.

You make out a safe. You can see a non-euclidean box. Hey, want to see a mantelpiece? Look over there, a mantelpiece. You see a disk on the mantelpiece.

There is a closed gateway leading east. There is a closed passageway leading west.

There is a type H passkey and a non-euclidean latchkey on the floor.
WARNING:root:examine non-euclidean latchkey
WARNING:root:0
WARNING:root:--------
WARNING:root:12
WARNING:root:
You arrive in a bedroom. An usual one. Let's see what's in here.

You make out a safe. You can see a non-euclidean box. Hey, want to see a mantelpiece? Look over there, a mantelpiece. You see a disk on the mantelpiece.

There is a closed gateway leading east. There is a closed passageway leading west.

There is a type H passkey and a non-euclidean latchkey on the floor.
WARNING:root:eat huckleberry
WARNING:root:0
WARNING:root:--------
WARNING:root:13
WARNING:root:
You arrive in a bedroom. An usual one. Let's see what's in here.

You make out a safe. You can see a non-euclidean box. Hey, want to see a mantelpiece? Look over there, a mantelpiece. You see a disk on the mantelpiece.

There is a closed gateway leading east. There is a closed passageway leading west.

There is a type H passkey and a non-euclidean latchkey on the floor.
WARNING:root:examine safe
WARNING:root:0
WARNING:root:--------
WARNING:root:14
WARNING:root:
You arrive in a bedroom. An usual one. Let's see what's in here.

You make out a safe. You can see a non-euclidean box. Hey, want to see a mantelpiece? Look over there, a mantelpiece. You see a disk on the mantelpiece.

There is a closed gateway leading east. There is a closed passageway leading west.

There is a type H passkey and a non-euclidean latchkey on the floor.
WARNING:root:put salad on mantelpiece
WARNING:root:0
WARNING:root:--------
WARNING:root:15
WARNING:root:
You arrive in a bedroom. An usual one. Let's see what's in here.

You make out a safe. You can see a non-euclidean box. Hey, want to see a mantelpiece? Look over there, a mantelpiece. You see a salad and a disk on the mantelpiece.

There is a closed gateway leading east. There is a closed passageway leading west.

There is a type H passkey and a non-euclidean latchkey on the floor.
WARNING:root:look
WARNING:root:0
WARNING:root:--------
WARNING:root:16
WARNING:root:
You arrive in a bedroom. An usual one. Let's see what's in here.

You make out a safe. You can see a non-euclidean box. Hey, want to see a mantelpiece? Look over there, a mantelpiece. You see a salad and a disk on the mantelpiece.

There is a closed gateway leading east. There is a closed passageway leading west.

There is a type H passkey and a non-euclidean latchkey on the floor.
WARNING:root:put grape on mantelpiece
WARNING:root:0
WARNING:root:--------
WARNING:root:17
WARNING:root:
You arrive in a bedroom. An usual one. Let's see what's in here.

You make out a safe. You can see a non-euclidean box. Hey, want to see a mantelpiece? Look over there, a mantelpiece. You see a grape, a salad and a disk on the mantelpiece.

There is a closed gateway leading east. There is a closed passageway leading west.

There is a type H passkey and a non-euclidean latchkey on the floor.
WARNING:root:eat peanut
WARNING:root:0
WARNING:root:--------
WARNING:root:18
WARNING:root:
You arrive in a bedroom. An usual one. Let's see what's in here.

You make out a safe. You can see a non-euclidean box. Hey, want to see a mantelpiece? Look over there, a mantelpiece. You see a grape, a salad and a disk on the mantelpiece.

There is a closed gateway leading east. There is a closed passageway leading west.

There is a type H passkey and a non-euclidean latchkey on the floor.
WARNING:root:take non-euclidean latchkey
WARNING:root:1
WARNING:root:--------
WARNING:root:19
WARNING:root:
You arrive in a bedroom. An usual one. Let's see what's in here.

You make out a safe. You can see a non-euclidean box. Hey, want to see a mantelpiece? Look over there, a mantelpiece. You see a grape, a salad and a disk on the mantelpiece.

There is a closed gateway leading east. There is a closed passageway leading west.

There is a type H passkey on the floor.
WARNING:root:drop burger
WARNING:root:0
WARNING:root:--------
WARNING:root:20
WARNING:root:
You arrive in a bedroom. An usual one. Let's see what's in here.

You make out a safe. You can see a non-euclidean box. Hey, want to see a mantelpiece? Look over there, a mantelpiece. You see a grape, a salad and a disk on the mantelpiece.

There is a closed gateway leading east. There is a closed passageway leading west.

There is a burger and a type H passkey on the floor.
WARNING:root:drop mouse
WARNING:root:0
WARNING:root:--------
WARNING:root:21
WARNING:root:
You arrive in a bedroom. An usual one. Let's see what's in here.

You make out a safe. You can see a non-euclidean box. Hey, want to see a mantelpiece? Look over there, a mantelpiece. You see a grape, a salad and a disk on the mantelpiece.

There is a closed gateway leading east. There is a closed passageway leading west.

There is a mouse, a burger and a type H passkey on the floor.
WARNING:root:insert disk into non-euclidean box
WARNING:root:0
WARNING:root:--------
WARNING:root:22
WARNING:root:
You arrive in a bedroom. An usual one. Let's see what's in here.

You make out a safe. You can see a non-euclidean box. Hey, want to see a mantelpiece? Look over there, a mantelpiece. You see a grape, a salad and a disk on the mantelpiece.

There is a closed gateway leading east. There is a closed passageway leading west.

There is a mouse, a burger and a type H passkey on the floor.
WARNING:root:drop grape
WARNING:root:0
WARNING:root:--------
WARNING:root:23
WARNING:root:
You arrive in a bedroom. An usual one. Let's see what's in here.

You make out a safe. You can see a non-euclidean box. Hey, want to see a mantelpiece? Look over there, a mantelpiece. You see a grape, a salad and a disk on the mantelpiece.

There is a closed gateway leading east. There is a closed passageway leading west.

There is a mouse, a burger and a type H passkey on the floor.
WARNING:root:examine safe
WARNING:root:0
WARNING:root:--------
WARNING:root:24
WARNING:root:
You arrive in a bedroom. An usual one. Let's see what's in here.

You make out a safe. You can see a non-euclidean box. Hey, want to see a mantelpiece? Look over there, a mantelpiece. You see a grape, a salad and a disk on the mantelpiece.

There is a closed gateway leading east. There is a closed passageway leading west.

There is a mouse, a burger and a type H passkey on the floor.
WARNING:root:insert kettle into non-euclidean box
WARNING:root:0
WARNING:root:--------
WARNING:root:25
WARNING:root:
You arrive in a bedroom. An usual one. Let's see what's in here.

You make out a safe. You can see a non-euclidean box. Hey, want to see a mantelpiece? Look over there, a mantelpiece. You see a grape, a salad and a disk on the mantelpiece.

There is a closed gateway leading east. There is a closed passageway leading west.

There is a mouse, a burger and a type H passkey on the floor.
WARNING:root:drop disk
WARNING:root:0
WARNING:root:--------
WARNING:root:26
WARNING:root:
You arrive in a bedroom. An usual one. Let's see what's in here.

You make out a safe. You can see a non-euclidean box. Hey, want to see a mantelpiece? Look over there, a mantelpiece. You see a grape, a salad and a disk on the mantelpiece.

There is a closed gateway leading east. There is a closed passageway leading west.

There is a mouse, a burger and a type H passkey on the floor.
WARNING:root:insert key into non-euclidean box
WARNING:root:0
WARNING:root:--------
WARNING:root:27
WARNING:root:
You arrive in a bedroom. An usual one. Let's see what's in here.

You make out a safe. You can see a non-euclidean box. Hey, want to see a mantelpiece? Look over there, a mantelpiece. You see a grape, a salad and a disk on the mantelpiece.

There is a closed gateway leading east. There is a closed passageway leading west.

There is a mouse, a burger and a type H passkey on the floor.
WARNING:root:put huckleberry on mantelpiece
WARNING:root:0
WARNING:root:--------
WARNING:root:28
WARNING:root:
You arrive in a bedroom. An usual one. Let's see what's in here.

You make out a safe. You can see a non-euclidean box. Hey, want to see a mantelpiece? Look over there, a mantelpiece. You see a grape, a salad and a disk on the mantelpiece.

There is a closed gateway leading east. There is a closed passageway leading west.

There is a mouse, a burger and a type H passkey on the floor.
WARNING:root:inventory
WARNING:root:0
WARNING:root:--------
WARNING:root:29
WARNING:root:
You arrive in a bedroom. An usual one. Let's see what's in here.

You make out a safe. You can see a non-euclidean box. Hey, want to see a mantelpiece? Look over there, a mantelpiece. You see a grape, a salad and a disk on the mantelpiece.

There is a closed gateway leading east. There is a closed passageway leading west.

There is a mouse, a burger and a type H passkey on the floor.
WARNING:root:insert salad into non-euclidean box
WARNING:root:0
WARNING:root:--------
WARNING:root:30
WARNING:root:
You arrive in a bedroom. An usual one. Let's see what's in here.

You make out a safe. You can see a non-euclidean box. Hey, want to see a mantelpiece? Look over there, a mantelpiece. You see a grape, a salad and a disk on the mantelpiece.

There is a closed gateway leading east. There is a closed passageway leading west.

There is a mouse, a burger and a type H passkey on the floor.
WARNING:root:insert salad into non-euclidean box
WARNING:root:0
